[0.091s] DEBUG:colcon:Command line arguments: ['/usr/bin/colcon', 'build']
[0.091s] DEBUG:colcon:Parsed command line arguments: Namespace(log_base=None, log_level=None, verb_name='build', build_base='build', install_base='install', merge_install=False, symlink_install=False, test_result_base=None, continue_on_error=False, executor='parallel', parallel_workers=4, event_handlers=None, ignore_user_meta=False, metas=['./colcon.meta'], base_paths=['.'], packages_ignore=None, packages_ignore_regex=None, paths=None, packages_up_to=None, packages_up_to_regex=None, packages_above=None, packages_above_and_dependencies=None, packages_above_depth=None, packages_select_by_dep=None, packages_skip_by_dep=None, packages_skip_up_to=None, packages_select_build_failed=False, packages_skip_build_finished=False, packages_select_test_failures=False, packages_skip_test_passed=False, packages_select=None, packages_skip=None, packages_select_regex=None, packages_skip_regex=None, packages_start=None, packages_end=None, allow_overriding=[], cmake_args=None, cmake_target=None, cmake_target_skip_unavailable=False, cmake_clean_cache=False, cmake_clean_first=False, cmake_force_configure=False, ament_cmake_args=None, catkin_cmake_args=None, catkin_skip_building_tests=False, mixin_files=None, mixin=None, verb_parser=<colcon_mixin.mixin.mixin_argument.MixinArgumentDecorator object at 0x744f9e6906b0>, verb_extension=<colcon_core.verb.build.BuildVerb object at 0x744f9e7b43e0>, main=<bound method BuildVerb.main of <colcon_core.verb.build.BuildVerb object at 0x744f9e7b43e0>>, mixin_verb=('build',))
[0.122s] Level 1:colcon.colcon_core.package_discovery:discover_packages(colcon_meta) check parameters
[0.123s] Level 1:colcon.colcon_core.package_discovery:discover_packages(recursive) check parameters
[0.123s] Level 1:colcon.colcon_core.package_discovery:discover_packages(ignore) check parameters
[0.123s] Level 1:colcon.colcon_core.package_discovery:discover_packages(path) check parameters
[0.123s] Level 1:colcon.colcon_core.package_discovery:discover_packages(colcon_meta) discover
[0.123s] Level 1:colcon.colcon_core.package_discovery:discover_packages(recursive) discover
[0.123s] INFO:colcon.colcon_core.package_discovery:Crawling recursively for packages in '/home/trueog/ros2_ws_ROB599'
[0.123s] Level 1:colcon.colcon_core.package_identification:_identify(.) by extensions ['ignore', 'ignore_ament_install']
[0.124s] Level 1:colcon.colcon_core.package_identification:_identify(.) by extension 'ignore'
[0.124s] Level 1:colcon.colcon_core.package_identification:_identify(.) by extension 'ignore_ament_install'
[0.125s] Level 1:colcon.colcon_core.package_identification:_identify(.) by extensions ['colcon_pkg']
[0.125s] Level 1:colcon.colcon_core.package_identification:_identify(.) by extension 'colcon_pkg'
[0.125s] Level 1:colcon.colcon_core.package_identification:_identify(.) by extensions ['colcon_meta']
[0.125s] Level 1:colcon.colcon_core.package_identification:_identify(.) by extension 'colcon_meta'
[0.125s] Level 1:colcon.colcon_core.package_identification:_identify(.) by extensions ['ros']
[0.125s] Level 1:colcon.colcon_core.package_identification:_identify(.) by extension 'ros'
[0.147s] Level 1:colcon.colcon_core.package_identification:_identify(.) by extensions ['cmake', 'python']
[0.148s] Level 1:colcon.colcon_core.package_identification:_identify(.) by extension 'cmake'
[0.148s] Level 1:colcon.colcon_core.package_identification:_identify(.) by extension 'python'
[0.148s] Level 1:colcon.colcon_core.package_identification:_identify(.) by extensions ['python_setup_py']
[0.148s] Level 1:colcon.colcon_core.package_identification:_identify(.) by extension 'python_setup_py'
[0.148s] Level 1:colcon.colcon_core.package_identification:_identify(Scripts) by extensions ['ignore', 'ignore_ament_install']
[0.148s] Level 1:colcon.colcon_core.package_identification:_identify(Scripts) by extension 'ignore'
[0.148s] Level 1:colcon.colcon_core.package_identification:_identify(Scripts) by extension 'ignore_ament_install'
[0.148s] Level 1:colcon.colcon_core.package_identification:_identify(Scripts) by extensions ['colcon_pkg']
[0.148s] Level 1:colcon.colcon_core.package_identification:_identify(Scripts) by extension 'colcon_pkg'
[0.148s] Level 1:colcon.colcon_core.package_identification:_identify(Scripts) by extensions ['colcon_meta']
[0.148s] Level 1:colcon.colcon_core.package_identification:_identify(Scripts) by extension 'colcon_meta'
[0.148s] Level 1:colcon.colcon_core.package_identification:_identify(Scripts) by extensions ['ros']
[0.148s] Level 1:colcon.colcon_core.package_identification:_identify(Scripts) by extension 'ros'
[0.148s] Level 1:colcon.colcon_core.package_identification:_identify(Scripts) by extensions ['cmake', 'python']
[0.148s] Level 1:colcon.colcon_core.package_identification:_identify(Scripts) by extension 'cmake'
[0.148s] Level 1:colcon.colcon_core.package_identification:_identify(Scripts) by extension 'python'
[0.148s] Level 1:colcon.colcon_core.package_identification:_identify(Scripts) by extensions ['python_setup_py']
[0.148s] Level 1:colcon.colcon_core.package_identification:_identify(Scripts) by extension 'python_setup_py'
[0.148s] Level 1:colcon.colcon_core.package_identification:_identify(build) by extensions ['ignore', 'ignore_ament_install']
[0.148s] Level 1:colcon.colcon_core.package_identification:_identify(build) by extension 'ignore'
[0.148s] Level 1:colcon.colcon_core.package_identification:_identify(build) ignored
[0.148s] Level 1:colcon.colcon_core.package_identification:_identify(install) by extensions ['ignore', 'ignore_ament_install']
[0.148s] Level 1:colcon.colcon_core.package_identification:_identify(install) by extension 'ignore'
[0.149s] Level 1:colcon.colcon_core.package_identification:_identify(install) ignored
[0.149s] Level 1:colcon.colcon_core.package_identification:_identify(log) by extensions ['ignore', 'ignore_ament_install']
[0.149s] Level 1:colcon.colcon_core.package_identification:_identify(log) by extension 'ignore'
[0.149s] Level 1:colcon.colcon_core.package_identification:_identify(log) ignored
[0.149s] Level 1:colcon.colcon_core.package_identification:_identify(src) by extensions ['ignore', 'ignore_ament_install']
[0.149s] Level 1:colcon.colcon_core.package_identification:_identify(src) by extension 'ignore'
[0.149s] Level 1:colcon.colcon_core.package_identification:_identify(src) by extension 'ignore_ament_install'
[0.149s] Level 1:colcon.colcon_core.package_identification:_identify(src) by extensions ['colcon_pkg']
[0.149s] Level 1:colcon.colcon_core.package_identification:_identify(src) by extension 'colcon_pkg'
[0.149s] Level 1:colcon.colcon_core.package_identification:_identify(src) by extensions ['colcon_meta']
[0.149s] Level 1:colcon.colcon_core.package_identification:_identify(src) by extension 'colcon_meta'
[0.149s] Level 1:colcon.colcon_core.package_identification:_identify(src) by extensions ['ros']
[0.149s] Level 1:colcon.colcon_core.package_identification:_identify(src) by extension 'ros'
[0.149s] Level 1:colcon.colcon_core.package_identification:_identify(src) by extensions ['cmake', 'python']
[0.149s] Level 1:colcon.colcon_core.package_identification:_identify(src) by extension 'cmake'
[0.149s] Level 1:colcon.colcon_core.package_identification:_identify(src) by extension 'python'
[0.149s] Level 1:colcon.colcon_core.package_identification:_identify(src) by extensions ['python_setup_py']
[0.149s] Level 1:colcon.colcon_core.package_identification:_identify(src) by extension 'python_setup_py'
[0.149s] Level 1:colcon.colcon_core.package_identification:_identify(src/Stage) by extensions ['ignore', 'ignore_ament_install']
[0.149s] Level 1:colcon.colcon_core.package_identification:_identify(src/Stage) by extension 'ignore'
[0.150s] Level 1:colcon.colcon_core.package_identification:_identify(src/Stage) by extension 'ignore_ament_install'
[0.150s] Level 1:colcon.colcon_core.package_identification:_identify(src/Stage) by extensions ['colcon_pkg']
[0.150s] Level 1:colcon.colcon_core.package_identification:_identify(src/Stage) by extension 'colcon_pkg'
[0.150s] Level 1:colcon.colcon_core.package_identification:_identify(src/Stage) by extensions ['colcon_meta']
[0.150s] Level 1:colcon.colcon_core.package_identification:_identify(src/Stage) by extension 'colcon_meta'
[0.150s] Level 1:colcon.colcon_core.package_identification:_identify(src/Stage) by extensions ['ros']
[0.150s] Level 1:colcon.colcon_core.package_identification:_identify(src/Stage) by extension 'ros'
[0.152s] DEBUG:colcon.colcon_core.package_identification:Package 'src/Stage' with type 'ros.catkin' and name 'stage'
[0.152s] Level 1:colcon.colcon_core.package_identification:_identify(src/hw1) by extensions ['ignore', 'ignore_ament_install']
[0.152s] Level 1:colcon.colcon_core.package_identification:_identify(src/hw1) by extension 'ignore'
[0.152s] Level 1:colcon.colcon_core.package_identification:_identify(src/hw1) by extension 'ignore_ament_install'
[0.152s] Level 1:colcon.colcon_core.package_identification:_identify(src/hw1) by extensions ['colcon_pkg']
[0.152s] Level 1:colcon.colcon_core.package_identification:_identify(src/hw1) by extension 'colcon_pkg'
[0.152s] Level 1:colcon.colcon_core.package_identification:_identify(src/hw1) by extensions ['colcon_meta']
[0.152s] Level 1:colcon.colcon_core.package_identification:_identify(src/hw1) by extension 'colcon_meta'
[0.152s] Level 1:colcon.colcon_core.package_identification:_identify(src/hw1) by extensions ['ros']
[0.152s] Level 1:colcon.colcon_core.package_identification:_identify(src/hw1) by extension 'ros'
[0.152s] DEBUG:colcon.colcon_core.package_identification:Package 'src/hw1' with type 'ros.ament_python' and name 'hw1'
[0.153s] Level 1:colcon.colcon_core.package_identification:_identify(src/hw2) by extensions ['ignore', 'ignore_ament_install']
[0.153s] Level 1:colcon.colcon_core.package_identification:_identify(src/hw2) by extension 'ignore'
[0.153s] Level 1:colcon.colcon_core.package_identification:_identify(src/hw2) by extension 'ignore_ament_install'
[0.153s] Level 1:colcon.colcon_core.package_identification:_identify(src/hw2) by extensions ['colcon_pkg']
[0.153s] Level 1:colcon.colcon_core.package_identification:_identify(src/hw2) by extension 'colcon_pkg'
[0.153s] Level 1:colcon.colcon_core.package_identification:_identify(src/hw2) by extensions ['colcon_meta']
[0.153s] Level 1:colcon.colcon_core.package_identification:_identify(src/hw2) by extension 'colcon_meta'
[0.153s] Level 1:colcon.colcon_core.package_identification:_identify(src/hw2) by extensions ['ros']
[0.153s] Level 1:colcon.colcon_core.package_identification:_identify(src/hw2) by extension 'ros'
[0.153s] DEBUG:colcon.colcon_core.package_identification:Package 'src/hw2' with type 'ros.ament_python' and name 'hw2'
[0.153s] Level 1:colcon.colcon_core.package_identification:_identify(src/hw3) by extensions ['ignore', 'ignore_ament_install']
[0.153s] Level 1:colcon.colcon_core.package_identification:_identify(src/hw3) by extension 'ignore'
[0.154s] Level 1:colcon.colcon_core.package_identification:_identify(src/hw3) by extension 'ignore_ament_install'
[0.154s] Level 1:colcon.colcon_core.package_identification:_identify(src/hw3) by extensions ['colcon_pkg']
[0.154s] Level 1:colcon.colcon_core.package_identification:_identify(src/hw3) by extension 'colcon_pkg'
[0.154s] Level 1:colcon.colcon_core.package_identification:_identify(src/hw3) by extensions ['colcon_meta']
[0.154s] Level 1:colcon.colcon_core.package_identification:_identify(src/hw3) by extension 'colcon_meta'
[0.154s] Level 1:colcon.colcon_core.package_identification:_identify(src/hw3) by extensions ['ros']
[0.154s] Level 1:colcon.colcon_core.package_identification:_identify(src/hw3) by extension 'ros'
[0.154s] DEBUG:colcon.colcon_core.package_identification:Package 'src/hw3' with type 'ros.ament_python' and name 'hw3'
[0.154s] Level 1:colcon.colcon_core.package_identification:_identify(src/stage_ros2) by extensions ['ignore', 'ignore_ament_install']
[0.154s] Level 1:colcon.colcon_core.package_identification:_identify(src/stage_ros2) by extension 'ignore'
[0.155s] Level 1:colcon.colcon_core.package_identification:_identify(src/stage_ros2) by extension 'ignore_ament_install'
[0.155s] Level 1:colcon.colcon_core.package_identification:_identify(src/stage_ros2) by extensions ['colcon_pkg']
[0.155s] Level 1:colcon.colcon_core.package_identification:_identify(src/stage_ros2) by extension 'colcon_pkg'
[0.155s] Level 1:colcon.colcon_core.package_identification:_identify(src/stage_ros2) by extensions ['colcon_meta']
[0.155s] Level 1:colcon.colcon_core.package_identification:_identify(src/stage_ros2) by extension 'colcon_meta'
[0.155s] Level 1:colcon.colcon_core.package_identification:_identify(src/stage_ros2) by extensions ['ros']
[0.155s] Level 1:colcon.colcon_core.package_identification:_identify(src/stage_ros2) by extension 'ros'
[0.155s] DEBUG:colcon.colcon_core.package_identification:Package 'src/stage_ros2' with type 'ros.ament_cmake' and name 'stage_ros2'
[0.155s] Level 1:colcon.colcon_core.package_discovery:discover_packages(recursive) using defaults
[0.155s] Level 1:colcon.colcon_core.package_discovery:discover_packages(ignore) discover
[0.155s] Level 1:colcon.colcon_core.package_discovery:discover_packages(ignore) using defaults
[0.155s] Level 1:colcon.colcon_core.package_discovery:discover_packages(path) discover
[0.155s] Level 1:colcon.colcon_core.package_discovery:discover_packages(path) using defaults
[0.172s] Level 1:colcon.colcon_core.package_discovery:discover_packages(prefix_path) check parameters
[0.172s] Level 1:colcon.colcon_core.package_discovery:discover_packages(prefix_path) discover
[0.173s] DEBUG:colcon.colcon_installed_package_information.package_discovery:Found 6 installed packages in /home/trueog/ros2_ws_ROB599/install
[0.174s] DEBUG:colcon.colcon_installed_package_information.package_discovery:Found 294 installed packages in /opt/ros/kilted
[0.176s] Level 1:colcon.colcon_core.package_discovery:discover_packages(prefix_path) using defaults
[0.210s] Level 5:colcon.colcon_core.verb:set package 'hw1' build argument 'cmake_args' from command line to 'None'
[0.210s] Level 5:colcon.colcon_core.verb:set package 'hw1' build argument 'cmake_target' from command line to 'None'
[0.210s] Level 5:colcon.colcon_core.verb:set package 'hw1' build argument 'cmake_target_skip_unavailable' from command line to 'False'
[0.210s] Level 5:colcon.colcon_core.verb:set package 'hw1' build argument 'cmake_clean_cache' from command line to 'False'
[0.210s] Level 5:colcon.colcon_core.verb:set package 'hw1' build argument 'cmake_clean_first' from command line to 'False'
[0.210s] Level 5:colcon.colcon_core.verb:set package 'hw1' build argument 'cmake_force_configure' from command line to 'False'
[0.210s] Level 5:colcon.colcon_core.verb:set package 'hw1' build argument 'ament_cmake_args' from command line to 'None'
[0.210s] Level 5:colcon.colcon_core.verb:set package 'hw1' build argument 'catkin_cmake_args' from command line to 'None'
[0.210s] Level 5:colcon.colcon_core.verb:set package 'hw1' build argument 'catkin_skip_building_tests' from command line to 'False'
[0.210s] DEBUG:colcon.colcon_core.verb:Building package 'hw1' with the following arguments: {'ament_cmake_args': None, 'build_base': '/home/trueog/ros2_ws_ROB599/build/hw1', 'catkin_cmake_args': None, 'catkin_skip_building_tests': False, 'cmake_args': None, 'cmake_clean_cache': False, 'cmake_clean_first': False, 'cmake_force_configure': False, 'cmake_target': None, 'cmake_target_skip_unavailable': False, 'install_base': '/home/trueog/ros2_ws_ROB599/install/hw1', 'merge_install': False, 'path': '/home/trueog/ros2_ws_ROB599/src/hw1', 'symlink_install': False, 'test_result_base': None}
[0.211s] Level 5:colcon.colcon_core.verb:set package 'hw2' build argument 'cmake_args' from command line to 'None'
[0.211s] Level 5:colcon.colcon_core.verb:set package 'hw2' build argument 'cmake_target' from command line to 'None'
[0.211s] Level 5:colcon.colcon_core.verb:set package 'hw2' build argument 'cmake_target_skip_unavailable' from command line to 'False'
[0.211s] Level 5:colcon.colcon_core.verb:set package 'hw2' build argument 'cmake_clean_cache' from command line to 'False'
[0.211s] Level 5:colcon.colcon_core.verb:set package 'hw2' build argument 'cmake_clean_first' from command line to 'False'
[0.211s] Level 5:colcon.colcon_core.verb:set package 'hw2' build argument 'cmake_force_configure' from command line to 'False'
[0.211s] Level 5:colcon.colcon_core.verb:set package 'hw2' build argument 'ament_cmake_args' from command line to 'None'
[0.211s] Level 5:colcon.colcon_core.verb:set package 'hw2' build argument 'catkin_cmake_args' from command line to 'None'
[0.211s] Level 5:colcon.colcon_core.verb:set package 'hw2' build argument 'catkin_skip_building_tests' from command line to 'False'
[0.211s] DEBUG:colcon.colcon_core.verb:Building package 'hw2' with the following arguments: {'ament_cmake_args': None, 'build_base': '/home/trueog/ros2_ws_ROB599/build/hw2', 'catkin_cmake_args': None, 'catkin_skip_building_tests': False, 'cmake_args': None, 'cmake_clean_cache': False, 'cmake_clean_first': False, 'cmake_force_configure': False, 'cmake_target': None, 'cmake_target_skip_unavailable': False, 'install_base': '/home/trueog/ros2_ws_ROB599/install/hw2', 'merge_install': False, 'path': '/home/trueog/ros2_ws_ROB599/src/hw2', 'symlink_install': False, 'test_result_base': None}
[0.211s] Level 5:colcon.colcon_core.verb:set package 'hw3' build argument 'cmake_args' from command line to 'None'
[0.211s] Level 5:colcon.colcon_core.verb:set package 'hw3' build argument 'cmake_target' from command line to 'None'
[0.211s] Level 5:colcon.colcon_core.verb:set package 'hw3' build argument 'cmake_target_skip_unavailable' from command line to 'False'
[0.211s] Level 5:colcon.colcon_core.verb:set package 'hw3' build argument 'cmake_clean_cache' from command line to 'False'
[0.211s] Level 5:colcon.colcon_core.verb:set package 'hw3' build argument 'cmake_clean_first' from command line to 'False'
[0.211s] Level 5:colcon.colcon_core.verb:set package 'hw3' build argument 'cmake_force_configure' from command line to 'False'
[0.211s] Level 5:colcon.colcon_core.verb:set package 'hw3' build argument 'ament_cmake_args' from command line to 'None'
[0.211s] Level 5:colcon.colcon_core.verb:set package 'hw3' build argument 'catkin_cmake_args' from command line to 'None'
[0.211s] Level 5:colcon.colcon_core.verb:set package 'hw3' build argument 'catkin_skip_building_tests' from command line to 'False'
[0.211s] DEBUG:colcon.colcon_core.verb:Building package 'hw3' with the following arguments: {'ament_cmake_args': None, 'build_base': '/home/trueog/ros2_ws_ROB599/build/hw3', 'catkin_cmake_args': None, 'catkin_skip_building_tests': False, 'cmake_args': None, 'cmake_clean_cache': False, 'cmake_clean_first': False, 'cmake_force_configure': False, 'cmake_target': None, 'cmake_target_skip_unavailable': False, 'install_base': '/home/trueog/ros2_ws_ROB599/install/hw3', 'merge_install': False, 'path': '/home/trueog/ros2_ws_ROB599/src/hw3', 'symlink_install': False, 'test_result_base': None}
[0.211s] Level 5:colcon.colcon_core.verb:set package 'stage' build argument 'cmake_args' from command line to 'None'
[0.211s] Level 5:colcon.colcon_core.verb:set package 'stage' build argument 'cmake_target' from command line to 'None'
[0.211s] Level 5:colcon.colcon_core.verb:set package 'stage' build argument 'cmake_target_skip_unavailable' from command line to 'False'
[0.211s] Level 5:colcon.colcon_core.verb:set package 'stage' build argument 'cmake_clean_cache' from command line to 'False'
[0.211s] Level 5:colcon.colcon_core.verb:set package 'stage' build argument 'cmake_clean_first' from command line to 'False'
[0.211s] Level 5:colcon.colcon_core.verb:set package 'stage' build argument 'cmake_force_configure' from command line to 'False'
[0.211s] Level 5:colcon.colcon_core.verb:set package 'stage' build argument 'ament_cmake_args' from command line to 'None'
[0.211s] Level 5:colcon.colcon_core.verb:set package 'stage' build argument 'catkin_cmake_args' from command line to 'None'
[0.211s] Level 5:colcon.colcon_core.verb:set package 'stage' build argument 'catkin_skip_building_tests' from command line to 'False'
[0.211s] DEBUG:colcon.colcon_core.verb:Building package 'stage' with the following arguments: {'ament_cmake_args': None, 'build_base': '/home/trueog/ros2_ws_ROB599/build/stage', 'catkin_cmake_args': None, 'catkin_skip_building_tests': False, 'cmake_args': None, 'cmake_clean_cache': False, 'cmake_clean_first': False, 'cmake_force_configure': False, 'cmake_target': None, 'cmake_target_skip_unavailable': False, 'install_base': '/home/trueog/ros2_ws_ROB599/install/stage', 'merge_install': False, 'path': '/home/trueog/ros2_ws_ROB599/src/Stage', 'symlink_install': False, 'test_result_base': None}
[0.212s] Level 5:colcon.colcon_core.verb:set package 'stage_ros2' build argument 'cmake_args' from command line to 'None'
[0.212s] Level 5:colcon.colcon_core.verb:set package 'stage_ros2' build argument 'cmake_target' from command line to 'None'
[0.212s] Level 5:colcon.colcon_core.verb:set package 'stage_ros2' build argument 'cmake_target_skip_unavailable' from command line to 'False'
[0.212s] Level 5:colcon.colcon_core.verb:set package 'stage_ros2' build argument 'cmake_clean_cache' from command line to 'False'
[0.212s] Level 5:colcon.colcon_core.verb:set package 'stage_ros2' build argument 'cmake_clean_first' from command line to 'False'
[0.212s] Level 5:colcon.colcon_core.verb:set package 'stage_ros2' build argument 'cmake_force_configure' from command line to 'False'
[0.212s] Level 5:colcon.colcon_core.verb:set package 'stage_ros2' build argument 'ament_cmake_args' from command line to 'None'
[0.212s] Level 5:colcon.colcon_core.verb:set package 'stage_ros2' build argument 'catkin_cmake_args' from command line to 'None'
[0.212s] Level 5:colcon.colcon_core.verb:set package 'stage_ros2' build argument 'catkin_skip_building_tests' from command line to 'False'
[0.212s] DEBUG:colcon.colcon_core.verb:Building package 'stage_ros2' with the following arguments: {'ament_cmake_args': None, 'build_base': '/home/trueog/ros2_ws_ROB599/build/stage_ros2', 'catkin_cmake_args': None, 'catkin_skip_building_tests': False, 'cmake_args': None, 'cmake_clean_cache': False, 'cmake_clean_first': False, 'cmake_force_configure': False, 'cmake_target': None, 'cmake_target_skip_unavailable': False, 'install_base': '/home/trueog/ros2_ws_ROB599/install/stage_ros2', 'merge_install': False, 'path': '/home/trueog/ros2_ws_ROB599/src/stage_ros2', 'symlink_install': False, 'test_result_base': None}
[0.212s] INFO:colcon.colcon_core.executor:Executing jobs using 'parallel' executor
[0.213s] DEBUG:colcon.colcon_parallel_executor.executor.parallel:run_until_complete
[0.213s] INFO:colcon.colcon_ros.task.catkin.build:Building ROS package in '/home/trueog/ros2_ws_ROB599/src/Stage' with build type 'catkin'
[0.214s] INFO:colcon.colcon_cmake.task.cmake.build:Building CMake package in '/home/trueog/ros2_ws_ROB599/src/Stage'
[0.216s] INFO:colcon.colcon_core.plugin_system:Skipping extension 'colcon_core.shell.bat': Not used on non-Windows systems
[0.216s] INFO:colcon.colcon_core.shell:Skip shell extension 'powershell' for command environment: Not usable outside of PowerShell
[0.216s] DEBUG:colcon.colcon_core.shell:Skip shell extension 'dsv' for command environment
[0.221s] INFO:colcon.colcon_ros.task.ament_python.build:Building ROS package in '/home/trueog/ros2_ws_ROB599/src/hw1' with build type 'ament_python'
[0.221s] Level 1:colcon.colcon_core.shell:create_environment_hook('hw1', 'ament_prefix_path')
[0.222s] INFO:colcon.colcon_core.shell:Creating environment hook '/home/trueog/ros2_ws_ROB599/install/hw1/share/hw1/hook/ament_prefix_path.ps1'
[0.223s] INFO:colcon.colcon_core.shell:Creating environment descriptor '/home/trueog/ros2_ws_ROB599/install/hw1/share/hw1/hook/ament_prefix_path.dsv'
[0.223s] INFO:colcon.colcon_core.shell:Creating environment hook '/home/trueog/ros2_ws_ROB599/install/hw1/share/hw1/hook/ament_prefix_path.sh'
[0.224s] INFO:colcon.colcon_core.shell:Skip shell extension 'powershell' for command environment: Not usable outside of PowerShell
[0.224s] DEBUG:colcon.colcon_core.shell:Skip shell extension 'dsv' for command environment
[0.228s] INFO:colcon.colcon_ros.task.ament_python.build:Building ROS package in '/home/trueog/ros2_ws_ROB599/src/hw2' with build type 'ament_python'
[0.228s] Level 1:colcon.colcon_core.shell:create_environment_hook('hw2', 'ament_prefix_path')
[0.229s] INFO:colcon.colcon_core.shell:Creating environment hook '/home/trueog/ros2_ws_ROB599/install/hw2/share/hw2/hook/ament_prefix_path.ps1'
[0.229s] INFO:colcon.colcon_core.shell:Creating environment descriptor '/home/trueog/ros2_ws_ROB599/install/hw2/share/hw2/hook/ament_prefix_path.dsv'
[0.230s] INFO:colcon.colcon_core.shell:Creating environment hook '/home/trueog/ros2_ws_ROB599/install/hw2/share/hw2/hook/ament_prefix_path.sh'
[0.231s] INFO:colcon.colcon_core.shell:Skip shell extension 'powershell' for command environment: Not usable outside of PowerShell
[0.231s] DEBUG:colcon.colcon_core.shell:Skip shell extension 'dsv' for command environment
[0.236s] INFO:colcon.colcon_ros.task.ament_python.build:Building ROS package in '/home/trueog/ros2_ws_ROB599/src/hw3' with build type 'ament_python'
[0.236s] Level 1:colcon.colcon_core.shell:create_environment_hook('hw3', 'ament_prefix_path')
[0.237s] INFO:colcon.colcon_core.shell:Creating environment hook '/home/trueog/ros2_ws_ROB599/install/hw3/share/hw3/hook/ament_prefix_path.ps1'
[0.238s] INFO:colcon.colcon_core.shell:Creating environment descriptor '/home/trueog/ros2_ws_ROB599/install/hw3/share/hw3/hook/ament_prefix_path.dsv'
[0.239s] INFO:colcon.colcon_core.shell:Creating environment hook '/home/trueog/ros2_ws_ROB599/install/hw3/share/hw3/hook/ament_prefix_path.sh'
[0.239s] INFO:colcon.colcon_core.shell:Skip shell extension 'powershell' for command environment: Not usable outside of PowerShell
[0.239s] DEBUG:colcon.colcon_core.shell:Skip shell extension 'dsv' for command environment
[0.258s] DEBUG:colcon.colcon_core.event_handler.log_command:Invoking command in '/home/trueog/ros2_ws_ROB599/build/stage': DEBUGINFOD_URLS=https://debuginfod.ubuntu.com /usr/bin/cmake --build /home/trueog/ros2_ws_ROB599/build/stage -- -j4 -l4
[0.486s] INFO:colcon.colcon_core.task.python.build:Building Python package in '/home/trueog/ros2_ws_ROB599/src/hw1'
[0.487s] INFO:colcon.colcon_core.shell:Skip shell extension 'powershell' for command environment: Not usable outside of PowerShell
[0.487s] DEBUG:colcon.colcon_core.shell:Skip shell extension 'dsv' for command environment
[0.718s] INFO:colcon.colcon_core.task.python.build:Building Python package in '/home/trueog/ros2_ws_ROB599/src/hw2'
[0.718s] INFO:colcon.colcon_core.shell:Skip shell extension 'powershell' for command environment: Not usable outside of PowerShell
[0.719s] DEBUG:colcon.colcon_core.shell:Skip shell extension 'dsv' for command environment
[0.922s] INFO:colcon.colcon_core.task.python.build:Building Python package in '/home/trueog/ros2_ws_ROB599/src/hw3'
[0.923s] INFO:colcon.colcon_core.shell:Skip shell extension 'powershell' for command environment: Not usable outside of PowerShell
[0.923s] DEBUG:colcon.colcon_core.shell:Skip shell extension 'dsv' for command environment
[0.928s] DEBUG:colcon.colcon_core.event_handler.log_command:Invoked command in '/home/trueog/ros2_ws_ROB599/build/stage' returned '0': DEBUGINFOD_URLS=https://debuginfod.ubuntu.com /usr/bin/cmake --build /home/trueog/ros2_ws_ROB599/build/stage -- -j4 -l4
[0.951s] DEBUG:colcon.colcon_core.event_handler.log_command:Invoking command in '/home/trueog/ros2_ws_ROB599/build/stage': DEBUGINFOD_URLS=https://debuginfod.ubuntu.com /usr/bin/cmake --install /home/trueog/ros2_ws_ROB599/build/stage
[0.984s] Level 1:colcon.colcon_core.shell:create_environment_hook('stage', 'ros_package_path')
[0.985s] INFO:colcon.colcon_core.shell:Creating environment hook '/home/trueog/ros2_ws_ROB599/install/stage/share/stage/hook/ros_package_path.ps1'
[0.985s] INFO:colcon.colcon_core.shell:Creating environment descriptor '/home/trueog/ros2_ws_ROB599/install/stage/share/stage/hook/ros_package_path.dsv'
[0.986s] INFO:colcon.colcon_core.shell:Creating environment hook '/home/trueog/ros2_ws_ROB599/install/stage/share/stage/hook/ros_package_path.sh'
[0.987s] Level 1:colcon.colcon_core.shell:create_environment_hook('stage', 'pkg_config_path')
[0.987s] INFO:colcon.colcon_core.shell:Creating environment hook '/home/trueog/ros2_ws_ROB599/install/stage/share/stage/hook/pkg_config_path.ps1'
[0.988s] INFO:colcon.colcon_core.shell:Creating environment descriptor '/home/trueog/ros2_ws_ROB599/install/stage/share/stage/hook/pkg_config_path.dsv'
[0.989s] INFO:colcon.colcon_core.shell:Creating environment hook '/home/trueog/ros2_ws_ROB599/install/stage/share/stage/hook/pkg_config_path.sh'
[1.000s] Level 1:colcon.colcon_core.shell:create_environment_hook('stage', 'pkg_config_path_multiarch')
[1.000s] INFO:colcon.colcon_core.shell:Creating environment hook '/home/trueog/ros2_ws_ROB599/install/stage/share/stage/hook/pkg_config_path_multiarch.ps1'
[1.000s] INFO:colcon.colcon_core.shell:Creating environment descriptor '/home/trueog/ros2_ws_ROB599/install/stage/share/stage/hook/pkg_config_path_multiarch.dsv'
[1.004s] DEBUG:colcon.colcon_core.event_handler.log_command:Invoked command in '/home/trueog/ros2_ws_ROB599/build/stage' returned '0': DEBUGINFOD_URLS=https://debuginfod.ubuntu.com /usr/bin/cmake --install /home/trueog/ros2_ws_ROB599/build/stage
[1.005s] INFO:colcon.colcon_core.shell:Creating environment hook '/home/trueog/ros2_ws_ROB599/install/stage/share/stage/hook/pkg_config_path_multiarch.sh'
[1.006s] Level 1:colcon.colcon_core.environment:create_environment_scripts_only(stage)
[1.008s] Level 1:colcon.colcon_core.environment:checking '/home/trueog/ros2_ws_ROB599/install/stage' for CMake module files
[1.011s] Level 1:colcon.colcon_core.environment:checking '/home/trueog/ros2_ws_ROB599/install/stage' for CMake config files
[1.012s] Level 1:colcon.colcon_core.shell:create_environment_hook('stage', 'cmake_prefix_path')
[1.012s] INFO:colcon.colcon_core.shell:Creating environment hook '/home/trueog/ros2_ws_ROB599/install/stage/share/stage/hook/cmake_prefix_path.ps1'
[1.012s] INFO:colcon.colcon_core.shell:Creating environment descriptor '/home/trueog/ros2_ws_ROB599/install/stage/share/stage/hook/cmake_prefix_path.dsv'
[1.013s] INFO:colcon.colcon_core.shell:Creating environment hook '/home/trueog/ros2_ws_ROB599/install/stage/share/stage/hook/cmake_prefix_path.sh'
[1.013s] Level 1:colcon.colcon_core.environment:checking '/home/trueog/ros2_ws_ROB599/install/stage/lib'
[1.013s] Level 1:colcon.colcon_core.shell:create_environment_hook('stage', 'ld_library_path_lib')
[1.014s] INFO:colcon.colcon_core.shell:Creating environment hook '/home/trueog/ros2_ws_ROB599/install/stage/share/stage/hook/ld_library_path_lib.ps1'
[1.014s] INFO:colcon.colcon_core.shell:Creating environment descriptor '/home/trueog/ros2_ws_ROB599/install/stage/share/stage/hook/ld_library_path_lib.dsv'
[1.015s] INFO:colcon.colcon_core.shell:Creating environment hook '/home/trueog/ros2_ws_ROB599/install/stage/share/stage/hook/ld_library_path_lib.sh'
[1.015s] Level 1:colcon.colcon_core.environment:checking '/home/trueog/ros2_ws_ROB599/install/stage/bin'
[1.016s] Level 1:colcon.colcon_core.shell:create_environment_hook('stage', 'path')
[1.016s] INFO:colcon.colcon_core.shell:Creating environment hook '/home/trueog/ros2_ws_ROB599/install/stage/share/stage/hook/path.ps1'
[1.016s] INFO:colcon.colcon_core.shell:Creating environment descriptor '/home/trueog/ros2_ws_ROB599/install/stage/share/stage/hook/path.dsv'
[1.017s] INFO:colcon.colcon_core.shell:Creating environment hook '/home/trueog/ros2_ws_ROB599/install/stage/share/stage/hook/path.sh'
[1.017s] Level 1:colcon.colcon_core.environment:checking '/home/trueog/ros2_ws_ROB599/install/stage/lib/pkgconfig/stage.pc'
[1.018s] Level 1:colcon.colcon_core.shell:create_environment_hook('stage', 'pkg_config')
[1.018s] INFO:colcon.colcon_core.shell:Creating environment hook '/home/trueog/ros2_ws_ROB599/install/stage/share/stage/hook/pkg_config.ps1'
[1.018s] INFO:colcon.colcon_core.shell:Creating environment descriptor '/home/trueog/ros2_ws_ROB599/install/stage/share/stage/hook/pkg_config.dsv'
[1.019s] INFO:colcon.colcon_core.shell:Creating environment hook '/home/trueog/ros2_ws_ROB599/install/stage/share/stage/hook/pkg_config.sh'
[1.019s] Level 1:colcon.colcon_core.environment:checking '/home/trueog/ros2_ws_ROB599/install/stage/lib/python3.12/site-packages'
[1.020s] Level 1:colcon.colcon_core.environment:checking '/home/trueog/ros2_ws_ROB599/install/stage/bin'
[1.020s] Level 1:colcon.colcon_core.shell:create_environment_hook('stage', 'pythonscriptspath')
[1.020s] INFO:colcon.colcon_core.shell:Creating environment hook '/home/trueog/ros2_ws_ROB599/install/stage/share/stage/hook/pythonscriptspath.ps1'
[1.021s] INFO:colcon.colcon_core.shell:Creating environment descriptor '/home/trueog/ros2_ws_ROB599/install/stage/share/stage/hook/pythonscriptspath.dsv'
[1.021s] INFO:colcon.colcon_core.shell:Creating environment hook '/home/trueog/ros2_ws_ROB599/install/stage/share/stage/hook/pythonscriptspath.sh'
[1.022s] INFO:colcon.colcon_core.shell:Creating package script '/home/trueog/ros2_ws_ROB599/install/stage/share/stage/package.ps1'
[1.023s] INFO:colcon.colcon_core.shell:Creating package descriptor '/home/trueog/ros2_ws_ROB599/install/stage/share/stage/package.dsv'
[1.024s] INFO:colcon.colcon_core.shell:Creating package script '/home/trueog/ros2_ws_ROB599/install/stage/share/stage/package.sh'
[1.025s] INFO:colcon.colcon_core.shell:Creating package script '/home/trueog/ros2_ws_ROB599/install/stage/share/stage/package.bash'
[1.026s] INFO:colcon.colcon_core.shell:Creating package script '/home/trueog/ros2_ws_ROB599/install/stage/share/stage/package.zsh'
[1.026s] Level 1:colcon.colcon_core.environment:create_file_with_runtime_dependencies(/home/trueog/ros2_ws_ROB599/install/stage/share/colcon-core/packages/stage)
[1.027s] INFO:colcon.colcon_ros.task.ament_cmake.build:Building ROS package in '/home/trueog/ros2_ws_ROB599/src/stage_ros2' with build type 'ament_cmake'
[1.027s] INFO:colcon.colcon_cmake.task.cmake.build:Building CMake package in '/home/trueog/ros2_ws_ROB599/src/stage_ros2'
[1.027s] INFO:colcon.colcon_core.shell:Skip shell extension 'powershell' for command environment: Not usable outside of PowerShell
[1.027s] DEBUG:colcon.colcon_core.shell:Skip shell extension 'dsv' for command environment
[1.040s] DEBUG:colcon.colcon_core.event_handler.log_command:Invoking command in '/home/trueog/ros2_ws_ROB599/build/stage_ros2': CMAKE_PREFIX_PATH=/home/trueog/ros2_ws_ROB599/install/py_pubsub:/home/trueog/ros2_ws_ROB599/install/hw3:/home/trueog/ros2_ws_ROB599/install/hw2:/home/trueog/ros2_ws_ROB599/install/hw1:/opt/ros/kilted:/home/trueog/ros2_ws_ROB599/install/stage:/home/trueog/ros2_ws_ROB599/install/stage_ros2:/opt/ros/kilted/opt/gz_math_vendor:/opt/ros/kilted/opt/gz_utils_vendor:/opt/ros/kilted/opt/gz_cmake_vendor DEBUGINFOD_URLS=https://debuginfod.ubuntu.com LD_LIBRARY_PATH=/home/trueog/ros2_ws_ROB599/install/stage/lib:/home/trueog/ros2_ws_ROB599/install/stage_ros2/lib:/opt/ros/kilted/opt/zenoh_cpp_vendor/lib:/opt/ros/kilted/opt/gz_math_vendor/lib:/opt/ros/kilted/opt/gz_utils_vendor/lib:/opt/ros/kilted/opt/rviz_ogre_vendor/lib:/opt/ros/kilted/lib/x86_64-linux-gnu:/opt/ros/kilted/opt/gz_cmake_vendor/lib:/opt/ros/kilted/lib /usr/bin/cmake --build /home/trueog/ros2_ws_ROB599/build/stage_ros2 -- -j4 -l4
[1.236s] DEBUG:colcon.colcon_core.event_handler.log_command:Invoked command in '/home/trueog/ros2_ws_ROB599/build/stage_ros2' returned '0': CMAKE_PREFIX_PATH=/home/trueog/ros2_ws_ROB599/install/py_pubsub:/home/trueog/ros2_ws_ROB599/install/hw3:/home/trueog/ros2_ws_ROB599/install/hw2:/home/trueog/ros2_ws_ROB599/install/hw1:/opt/ros/kilted:/home/trueog/ros2_ws_ROB599/install/stage:/home/trueog/ros2_ws_ROB599/install/stage_ros2:/opt/ros/kilted/opt/gz_math_vendor:/opt/ros/kilted/opt/gz_utils_vendor:/opt/ros/kilted/opt/gz_cmake_vendor DEBUGINFOD_URLS=https://debuginfod.ubuntu.com LD_LIBRARY_PATH=/home/trueog/ros2_ws_ROB599/install/stage/lib:/home/trueog/ros2_ws_ROB599/install/stage_ros2/lib:/opt/ros/kilted/opt/zenoh_cpp_vendor/lib:/opt/ros/kilted/opt/gz_math_vendor/lib:/opt/ros/kilted/opt/gz_utils_vendor/lib:/opt/ros/kilted/opt/rviz_ogre_vendor/lib:/opt/ros/kilted/lib/x86_64-linux-gnu:/opt/ros/kilted/opt/gz_cmake_vendor/lib:/opt/ros/kilted/lib /usr/bin/cmake --build /home/trueog/ros2_ws_ROB599/build/stage_ros2 -- -j4 -l4
[1.238s] DEBUG:colcon.colcon_core.event_handler.log_command:Invoking command in '/home/trueog/ros2_ws_ROB599/build/stage_ros2': CMAKE_PREFIX_PATH=/home/trueog/ros2_ws_ROB599/install/py_pubsub:/home/trueog/ros2_ws_ROB599/install/hw3:/home/trueog/ros2_ws_ROB599/install/hw2:/home/trueog/ros2_ws_ROB599/install/hw1:/opt/ros/kilted:/home/trueog/ros2_ws_ROB599/install/stage:/home/trueog/ros2_ws_ROB599/install/stage_ros2:/opt/ros/kilted/opt/gz_math_vendor:/opt/ros/kilted/opt/gz_utils_vendor:/opt/ros/kilted/opt/gz_cmake_vendor DEBUGINFOD_URLS=https://debuginfod.ubuntu.com LD_LIBRARY_PATH=/home/trueog/ros2_ws_ROB599/install/stage/lib:/home/trueog/ros2_ws_ROB599/install/stage_ros2/lib:/opt/ros/kilted/opt/zenoh_cpp_vendor/lib:/opt/ros/kilted/opt/gz_math_vendor/lib:/opt/ros/kilted/opt/gz_utils_vendor/lib:/opt/ros/kilted/opt/rviz_ogre_vendor/lib:/opt/ros/kilted/lib/x86_64-linux-gnu:/opt/ros/kilted/opt/gz_cmake_vendor/lib:/opt/ros/kilted/lib /usr/bin/cmake --install /home/trueog/ros2_ws_ROB599/build/stage_ros2
[1.270s] Level 1:colcon.colcon_core.environment:create_environment_scripts_only(stage_ros2)
[1.270s] DEBUG:colcon.colcon_core.event_handler.log_command:Invoked command in '/home/trueog/ros2_ws_ROB599/build/stage_ros2' returned '0': CMAKE_PREFIX_PATH=/home/trueog/ros2_ws_ROB599/install/py_pubsub:/home/trueog/ros2_ws_ROB599/install/hw3:/home/trueog/ros2_ws_ROB599/install/hw2:/home/trueog/ros2_ws_ROB599/install/hw1:/opt/ros/kilted:/home/trueog/ros2_ws_ROB599/install/stage:/home/trueog/ros2_ws_ROB599/install/stage_ros2:/opt/ros/kilted/opt/gz_math_vendor:/opt/ros/kilted/opt/gz_utils_vendor:/opt/ros/kilted/opt/gz_cmake_vendor DEBUGINFOD_URLS=https://debuginfod.ubuntu.com LD_LIBRARY_PATH=/home/trueog/ros2_ws_ROB599/install/stage/lib:/home/trueog/ros2_ws_ROB599/install/stage_ros2/lib:/opt/ros/kilted/opt/zenoh_cpp_vendor/lib:/opt/ros/kilted/opt/gz_math_vendor/lib:/opt/ros/kilted/opt/gz_utils_vendor/lib:/opt/ros/kilted/opt/rviz_ogre_vendor/lib:/opt/ros/kilted/lib/x86_64-linux-gnu:/opt/ros/kilted/opt/gz_cmake_vendor/lib:/opt/ros/kilted/lib /usr/bin/cmake --install /home/trueog/ros2_ws_ROB599/build/stage_ros2
[1.270s] Level 1:colcon.colcon_core.environment:checking '/home/trueog/ros2_ws_ROB599/install/stage_ros2' for CMake module files
[1.271s] Level 1:colcon.colcon_core.environment:checking '/home/trueog/ros2_ws_ROB599/install/stage_ros2' for CMake config files
[1.271s] Level 1:colcon.colcon_core.shell:create_environment_hook('stage_ros2', 'cmake_prefix_path')
[1.271s] INFO:colcon.colcon_core.shell:Creating environment hook '/home/trueog/ros2_ws_ROB599/install/stage_ros2/share/stage_ros2/hook/cmake_prefix_path.ps1'
[1.274s] INFO:colcon.colcon_core.shell:Creating environment descriptor '/home/trueog/ros2_ws_ROB599/install/stage_ros2/share/stage_ros2/hook/cmake_prefix_path.dsv'
[1.275s] INFO:colcon.colcon_core.shell:Creating environment hook '/home/trueog/ros2_ws_ROB599/install/stage_ros2/share/stage_ros2/hook/cmake_prefix_path.sh'
[1.279s] Level 1:colcon.colcon_core.environment:checking '/home/trueog/ros2_ws_ROB599/install/stage_ros2/lib'
[1.279s] Level 1:colcon.colcon_core.shell:create_environment_hook('stage_ros2', 'ld_library_path_lib')
[1.279s] INFO:colcon.colcon_core.shell:Creating environment hook '/home/trueog/ros2_ws_ROB599/install/stage_ros2/share/stage_ros2/hook/ld_library_path_lib.ps1'
[1.279s] INFO:colcon.colcon_core.shell:Creating environment descriptor '/home/trueog/ros2_ws_ROB599/install/stage_ros2/share/stage_ros2/hook/ld_library_path_lib.dsv'
[1.282s] INFO:colcon.colcon_core.shell:Creating environment hook '/home/trueog/ros2_ws_ROB599/install/stage_ros2/share/stage_ros2/hook/ld_library_path_lib.sh'
[1.283s] Level 1:colcon.colcon_core.environment:checking '/home/trueog/ros2_ws_ROB599/install/stage_ros2/bin'
[1.283s] Level 1:colcon.colcon_core.environment:checking '/home/trueog/ros2_ws_ROB599/install/stage_ros2/lib/pkgconfig/stage_ros2.pc'
[1.283s] Level 1:colcon.colcon_core.environment:checking '/home/trueog/ros2_ws_ROB599/install/stage_ros2/lib/python3.12/site-packages'
[1.286s] Level 1:colcon.colcon_core.environment:checking '/home/trueog/ros2_ws_ROB599/install/stage_ros2/bin'
[1.286s] INFO:colcon.colcon_core.shell:Creating package script '/home/trueog/ros2_ws_ROB599/install/stage_ros2/share/stage_ros2/package.ps1'
[1.286s] INFO:colcon.colcon_core.shell:Creating package descriptor '/home/trueog/ros2_ws_ROB599/install/stage_ros2/share/stage_ros2/package.dsv'
[1.287s] INFO:colcon.colcon_core.shell:Creating package script '/home/trueog/ros2_ws_ROB599/install/stage_ros2/share/stage_ros2/package.sh'
[1.287s] INFO:colcon.colcon_core.shell:Creating package script '/home/trueog/ros2_ws_ROB599/install/stage_ros2/share/stage_ros2/package.bash'
[1.288s] INFO:colcon.colcon_core.shell:Creating package script '/home/trueog/ros2_ws_ROB599/install/stage_ros2/share/stage_ros2/package.zsh'
[1.288s] Level 1:colcon.colcon_core.environment:create_file_with_runtime_dependencies(/home/trueog/ros2_ws_ROB599/install/stage_ros2/share/colcon-core/packages/stage_ros2)
[1.288s] Level 1:colcon.colcon_core.environment:create_environment_scripts_only(stage_ros2)
[1.288s] Level 1:colcon.colcon_core.environment:checking '/home/trueog/ros2_ws_ROB599/install/stage_ros2' for CMake module files
[1.289s] Level 1:colcon.colcon_core.environment:checking '/home/trueog/ros2_ws_ROB599/install/stage_ros2' for CMake config files
[1.289s] Level 1:colcon.colcon_core.shell:create_environment_hook('stage_ros2', 'cmake_prefix_path')
[1.289s] INFO:colcon.colcon_core.shell:Creating environment hook '/home/trueog/ros2_ws_ROB599/install/stage_ros2/share/stage_ros2/hook/cmake_prefix_path.ps1'
[1.289s] INFO:colcon.colcon_core.shell:Creating environment descriptor '/home/trueog/ros2_ws_ROB599/install/stage_ros2/share/stage_ros2/hook/cmake_prefix_path.dsv'
[1.290s] INFO:colcon.colcon_core.shell:Creating environment hook '/home/trueog/ros2_ws_ROB599/install/stage_ros2/share/stage_ros2/hook/cmake_prefix_path.sh'
[1.290s] Level 1:colcon.colcon_core.environment:checking '/home/trueog/ros2_ws_ROB599/install/stage_ros2/lib'
[1.290s] Level 1:colcon.colcon_core.shell:create_environment_hook('stage_ros2', 'ld_library_path_lib')
[1.290s] INFO:colcon.colcon_core.shell:Creating environment hook '/home/trueog/ros2_ws_ROB599/install/stage_ros2/share/stage_ros2/hook/ld_library_path_lib.ps1'
[1.291s] INFO:colcon.colcon_core.shell:Creating environment descriptor '/home/trueog/ros2_ws_ROB599/install/stage_ros2/share/stage_ros2/hook/ld_library_path_lib.dsv'
[1.291s] INFO:colcon.colcon_core.shell:Creating environment hook '/home/trueog/ros2_ws_ROB599/install/stage_ros2/share/stage_ros2/hook/ld_library_path_lib.sh'
[1.291s] Level 1:colcon.colcon_core.environment:checking '/home/trueog/ros2_ws_ROB599/install/stage_ros2/bin'
[1.291s] Level 1:colcon.colcon_core.environment:checking '/home/trueog/ros2_ws_ROB599/install/stage_ros2/lib/pkgconfig/stage_ros2.pc'
[1.292s] Level 1:colcon.colcon_core.environment:checking '/home/trueog/ros2_ws_ROB599/install/stage_ros2/lib/python3.12/site-packages'
[1.292s] Level 1:colcon.colcon_core.environment:checking '/home/trueog/ros2_ws_ROB599/install/stage_ros2/bin'
[1.292s] INFO:colcon.colcon_core.shell:Creating package script '/home/trueog/ros2_ws_ROB599/install/stage_ros2/share/stage_ros2/package.ps1'
[1.292s] INFO:colcon.colcon_core.shell:Creating package descriptor '/home/trueog/ros2_ws_ROB599/install/stage_ros2/share/stage_ros2/package.dsv'
[1.293s] INFO:colcon.colcon_core.shell:Creating package script '/home/trueog/ros2_ws_ROB599/install/stage_ros2/share/stage_ros2/package.sh'
[1.293s] INFO:colcon.colcon_core.shell:Creating package script '/home/trueog/ros2_ws_ROB599/install/stage_ros2/share/stage_ros2/package.bash'
[1.293s] INFO:colcon.colcon_core.shell:Creating package script '/home/trueog/ros2_ws_ROB599/install/stage_ros2/share/stage_ros2/package.zsh'
[1.294s] Level 1:colcon.colcon_core.environment:create_file_with_runtime_dependencies(/home/trueog/ros2_ws_ROB599/install/stage_ros2/share/colcon-core/packages/stage_ros2)
[1.596s] DEBUG:colcon.colcon_core.event_handler.log_command:Invoking command in '/home/trueog/ros2_ws_ROB599/src/hw2': DEBUGINFOD_URLS=https://debuginfod.ubuntu.com PYTHONPATH=/home/trueog/ros2_ws_ROB599/build/hw2/prefix_override:/usr/lib/python3/dist-packages/colcon_core/task/python/colcon_distutils_commands:/home/trueog/ros2_ws_ROB599/install/hw2/lib/python3.12/site-packages:${PYTHONPATH} /usr/bin/python3 -W ignore:setup.py install is deprecated -W ignore:easy_install command is deprecated setup.py egg_info --egg-base ../../build/hw2 build --build-base /home/trueog/ros2_ws_ROB599/build/hw2/build install --record /home/trueog/ros2_ws_ROB599/build/hw2/install.log --single-version-externally-managed install_data
[1.623s] DEBUG:colcon.colcon_core.event_handler.log_command:Invoking command in '/home/trueog/ros2_ws_ROB599/src/hw1': DEBUGINFOD_URLS=https://debuginfod.ubuntu.com PYTHONPATH=/home/trueog/ros2_ws_ROB599/build/hw1/prefix_override:/usr/lib/python3/dist-packages/colcon_core/task/python/colcon_distutils_commands:/home/trueog/ros2_ws_ROB599/install/hw1/lib/python3.12/site-packages:${PYTHONPATH} /usr/bin/python3 -W ignore:setup.py install is deprecated -W ignore:easy_install command is deprecated setup.py egg_info --egg-base ../../build/hw1 build --build-base /home/trueog/ros2_ws_ROB599/build/hw1/build install --record /home/trueog/ros2_ws_ROB599/build/hw1/install.log --single-version-externally-managed install_data
[1.697s] DEBUG:colcon.colcon_core.event_handler.log_command:Invoking command in '/home/trueog/ros2_ws_ROB599/src/hw3': DEBUGINFOD_URLS=https://debuginfod.ubuntu.com PYTHONPATH=/home/trueog/ros2_ws_ROB599/build/hw3/prefix_override:/usr/lib/python3/dist-packages/colcon_core/task/python/colcon_distutils_commands:/home/trueog/ros2_ws_ROB599/install/hw3/lib/python3.12/site-packages:${PYTHONPATH} /usr/bin/python3 -W ignore:setup.py install is deprecated -W ignore:easy_install command is deprecated setup.py egg_info --egg-base ../../build/hw3 build --build-base /home/trueog/ros2_ws_ROB599/build/hw3/build install --record /home/trueog/ros2_ws_ROB599/build/hw3/install.log --single-version-externally-managed install_data
[2.196s] Level 1:colcon.colcon_core.environment:checking '/home/trueog/ros2_ws_ROB599/install/hw2' for CMake module files
[2.197s] DEBUG:colcon.colcon_core.event_handler.log_command:Invoked command in '/home/trueog/ros2_ws_ROB599/src/hw2' returned '0': DEBUGINFOD_URLS=https://debuginfod.ubuntu.com PYTHONPATH=/home/trueog/ros2_ws_ROB599/build/hw2/prefix_override:/usr/lib/python3/dist-packages/colcon_core/task/python/colcon_distutils_commands:/home/trueog/ros2_ws_ROB599/install/hw2/lib/python3.12/site-packages:${PYTHONPATH} /usr/bin/python3 -W ignore:setup.py install is deprecated -W ignore:easy_install command is deprecated setup.py egg_info --egg-base ../../build/hw2 build --build-base /home/trueog/ros2_ws_ROB599/build/hw2/build install --record /home/trueog/ros2_ws_ROB599/build/hw2/install.log --single-version-externally-managed install_data
[2.198s] Level 1:colcon.colcon_core.environment:checking '/home/trueog/ros2_ws_ROB599/install/hw2' for CMake config files
[2.199s] Level 1:colcon.colcon_core.environment:checking '/home/trueog/ros2_ws_ROB599/install/hw2/lib'
[2.199s] Level 1:colcon.colcon_core.environment:checking '/home/trueog/ros2_ws_ROB599/install/hw2/bin'
[2.200s] Level 1:colcon.colcon_core.environment:checking '/home/trueog/ros2_ws_ROB599/install/hw2/lib/pkgconfig/hw2.pc'
[2.201s] Level 1:colcon.colcon_core.environment:checking '/home/trueog/ros2_ws_ROB599/install/hw2/lib/python3.12/site-packages'
[2.201s] Level 1:colcon.colcon_core.shell:create_environment_hook('hw2', 'pythonpath')
[2.201s] INFO:colcon.colcon_core.shell:Creating environment hook '/home/trueog/ros2_ws_ROB599/install/hw2/share/hw2/hook/pythonpath.ps1'
[2.202s] INFO:colcon.colcon_core.shell:Creating environment descriptor '/home/trueog/ros2_ws_ROB599/install/hw2/share/hw2/hook/pythonpath.dsv'
[2.203s] INFO:colcon.colcon_core.shell:Creating environment hook '/home/trueog/ros2_ws_ROB599/install/hw2/share/hw2/hook/pythonpath.sh'
[2.204s] Level 1:colcon.colcon_core.environment:checking '/home/trueog/ros2_ws_ROB599/install/hw2/bin'
[2.205s] Level 1:colcon.colcon_core.environment:create_environment_scripts_only(hw2)
[2.205s] INFO:colcon.colcon_core.shell:Creating package script '/home/trueog/ros2_ws_ROB599/install/hw2/share/hw2/package.ps1'
[2.206s] INFO:colcon.colcon_core.shell:Creating package descriptor '/home/trueog/ros2_ws_ROB599/install/hw2/share/hw2/package.dsv'
[2.207s] INFO:colcon.colcon_core.shell:Creating package script '/home/trueog/ros2_ws_ROB599/install/hw2/share/hw2/package.sh'
[2.208s] INFO:colcon.colcon_core.shell:Creating package script '/home/trueog/ros2_ws_ROB599/install/hw2/share/hw2/package.bash'
[2.208s] INFO:colcon.colcon_core.shell:Creating package script '/home/trueog/ros2_ws_ROB599/install/hw2/share/hw2/package.zsh'
[2.209s] Level 1:colcon.colcon_core.environment:create_file_with_runtime_dependencies(/home/trueog/ros2_ws_ROB599/install/hw2/share/colcon-core/packages/hw2)
[2.240s] Level 1:colcon.colcon_core.environment:checking '/home/trueog/ros2_ws_ROB599/install/hw1' for CMake module files
[2.241s] Level 1:colcon.colcon_core.environment:checking '/home/trueog/ros2_ws_ROB599/install/hw1' for CMake config files
[2.241s] Level 1:colcon.colcon_core.environment:checking '/home/trueog/ros2_ws_ROB599/install/hw1/lib'
[2.241s] Level 1:colcon.colcon_core.environment:checking '/home/trueog/ros2_ws_ROB599/install/hw1/bin'
[2.241s] Level 1:colcon.colcon_core.environment:checking '/home/trueog/ros2_ws_ROB599/install/hw1/lib/pkgconfig/hw1.pc'
[2.241s] Level 1:colcon.colcon_core.environment:checking '/home/trueog/ros2_ws_ROB599/install/hw1/lib/python3.12/site-packages'
[2.241s] Level 1:colcon.colcon_core.shell:create_environment_hook('hw1', 'pythonpath')
[2.242s] INFO:colcon.colcon_core.shell:Creating environment hook '/home/trueog/ros2_ws_ROB599/install/hw1/share/hw1/hook/pythonpath.ps1'
[2.242s] INFO:colcon.colcon_core.shell:Creating environment descriptor '/home/trueog/ros2_ws_ROB599/install/hw1/share/hw1/hook/pythonpath.dsv'
[2.242s] DEBUG:colcon.colcon_core.event_handler.log_command:Invoked command in '/home/trueog/ros2_ws_ROB599/src/hw1' returned '0': DEBUGINFOD_URLS=https://debuginfod.ubuntu.com PYTHONPATH=/home/trueog/ros2_ws_ROB599/build/hw1/prefix_override:/usr/lib/python3/dist-packages/colcon_core/task/python/colcon_distutils_commands:/home/trueog/ros2_ws_ROB599/install/hw1/lib/python3.12/site-packages:${PYTHONPATH} /usr/bin/python3 -W ignore:setup.py install is deprecated -W ignore:easy_install command is deprecated setup.py egg_info --egg-base ../../build/hw1 build --build-base /home/trueog/ros2_ws_ROB599/build/hw1/build install --record /home/trueog/ros2_ws_ROB599/build/hw1/install.log --single-version-externally-managed install_data
[2.243s] INFO:colcon.colcon_core.shell:Creating environment hook '/home/trueog/ros2_ws_ROB599/install/hw1/share/hw1/hook/pythonpath.sh'
[2.244s] Level 1:colcon.colcon_core.environment:checking '/home/trueog/ros2_ws_ROB599/install/hw1/bin'
[2.245s] Level 1:colcon.colcon_core.environment:create_environment_scripts_only(hw1)
[2.245s] INFO:colcon.colcon_core.shell:Creating package script '/home/trueog/ros2_ws_ROB599/install/hw1/share/hw1/package.ps1'
[2.246s] INFO:colcon.colcon_core.shell:Creating package descriptor '/home/trueog/ros2_ws_ROB599/install/hw1/share/hw1/package.dsv'
[2.247s] INFO:colcon.colcon_core.shell:Creating package script '/home/trueog/ros2_ws_ROB599/install/hw1/share/hw1/package.sh'
[2.247s] INFO:colcon.colcon_core.shell:Creating package script '/home/trueog/ros2_ws_ROB599/install/hw1/share/hw1/package.bash'
[2.248s] INFO:colcon.colcon_core.shell:Creating package script '/home/trueog/ros2_ws_ROB599/install/hw1/share/hw1/package.zsh'
[2.249s] Level 1:colcon.colcon_core.environment:create_file_with_runtime_dependencies(/home/trueog/ros2_ws_ROB599/install/hw1/share/colcon-core/packages/hw1)
[2.312s] Level 1:colcon.colcon_core.environment:checking '/home/trueog/ros2_ws_ROB599/install/hw3' for CMake module files
[2.312s] DEBUG:colcon.colcon_core.event_handler.log_command:Invoked command in '/home/trueog/ros2_ws_ROB599/src/hw3' returned '0': DEBUGINFOD_URLS=https://debuginfod.ubuntu.com PYTHONPATH=/home/trueog/ros2_ws_ROB599/build/hw3/prefix_override:/usr/lib/python3/dist-packages/colcon_core/task/python/colcon_distutils_commands:/home/trueog/ros2_ws_ROB599/install/hw3/lib/python3.12/site-packages:${PYTHONPATH} /usr/bin/python3 -W ignore:setup.py install is deprecated -W ignore:easy_install command is deprecated setup.py egg_info --egg-base ../../build/hw3 build --build-base /home/trueog/ros2_ws_ROB599/build/hw3/build install --record /home/trueog/ros2_ws_ROB599/build/hw3/install.log --single-version-externally-managed install_data
[2.313s] Level 1:colcon.colcon_core.environment:checking '/home/trueog/ros2_ws_ROB599/install/hw3' for CMake config files
[2.313s] Level 1:colcon.colcon_core.environment:checking '/home/trueog/ros2_ws_ROB599/install/hw3/lib'
[2.313s] Level 1:colcon.colcon_core.environment:checking '/home/trueog/ros2_ws_ROB599/install/hw3/bin'
[2.313s] Level 1:colcon.colcon_core.environment:checking '/home/trueog/ros2_ws_ROB599/install/hw3/lib/pkgconfig/hw3.pc'
[2.314s] Level 1:colcon.colcon_core.environment:checking '/home/trueog/ros2_ws_ROB599/install/hw3/lib/python3.12/site-packages'
[2.314s] Level 1:colcon.colcon_core.shell:create_environment_hook('hw3', 'pythonpath')
[2.314s] INFO:colcon.colcon_core.shell:Creating environment hook '/home/trueog/ros2_ws_ROB599/install/hw3/share/hw3/hook/pythonpath.ps1'
[2.315s] INFO:colcon.colcon_core.shell:Creating environment descriptor '/home/trueog/ros2_ws_ROB599/install/hw3/share/hw3/hook/pythonpath.dsv'
[2.315s] INFO:colcon.colcon_core.shell:Creating environment hook '/home/trueog/ros2_ws_ROB599/install/hw3/share/hw3/hook/pythonpath.sh'
[2.317s] Level 1:colcon.colcon_core.environment:checking '/home/trueog/ros2_ws_ROB599/install/hw3/bin'
[2.317s] Level 1:colcon.colcon_core.environment:create_environment_scripts_only(hw3)
[2.317s] INFO:colcon.colcon_core.shell:Creating package script '/home/trueog/ros2_ws_ROB599/install/hw3/share/hw3/package.ps1'
[2.317s] INFO:colcon.colcon_core.shell:Creating package descriptor '/home/trueog/ros2_ws_ROB599/install/hw3/share/hw3/package.dsv'
[2.318s] INFO:colcon.colcon_core.shell:Creating package script '/home/trueog/ros2_ws_ROB599/install/hw3/share/hw3/package.sh'
[2.319s] INFO:colcon.colcon_core.shell:Creating package script '/home/trueog/ros2_ws_ROB599/install/hw3/share/hw3/package.bash'
[2.319s] INFO:colcon.colcon_core.shell:Creating package script '/home/trueog/ros2_ws_ROB599/install/hw3/share/hw3/package.zsh'
[2.319s] Level 1:colcon.colcon_core.environment:create_file_with_runtime_dependencies(/home/trueog/ros2_ws_ROB599/install/hw3/share/colcon-core/packages/hw3)
[2.320s] DEBUG:colcon.colcon_parallel_executor.executor.parallel:closing loop
[2.321s] DEBUG:colcon.colcon_parallel_executor.executor.parallel:loop closed
[2.321s] DEBUG:colcon.colcon_parallel_executor.executor.parallel:run_until_complete finished with '0'
[2.321s] DEBUG:colcon.colcon_core.event_reactor:joining thread
[2.326s] INFO:colcon.colcon_core.plugin_system:Skipping extension 'colcon_notification.desktop_notification.terminal_notifier': Not used on non-Darwin systems
[2.328s] INFO:colcon.colcon_core.plugin_system:Skipping extension 'colcon_notification.desktop_notification.win32': Not used on non-Windows systems
[2.328s] INFO:colcon.colcon_notification.desktop_notification:Sending desktop notification using 'notify2'
[2.350s] DEBUG:colcon.colcon_core.event_reactor:joined thread
[2.351s] INFO:colcon.colcon_core.shell:Creating prefix script '/home/trueog/ros2_ws_ROB599/install/local_setup.ps1'
[2.354s] INFO:colcon.colcon_core.shell:Creating prefix util module '/home/trueog/ros2_ws_ROB599/install/_local_setup_util_ps1.py'
[2.356s] INFO:colcon.colcon_core.shell:Creating prefix chain script '/home/trueog/ros2_ws_ROB599/install/setup.ps1'
[2.382s] INFO:colcon.colcon_core.shell:Creating prefix script '/home/trueog/ros2_ws_ROB599/install/local_setup.sh'
[2.383s] INFO:colcon.colcon_core.shell:Creating prefix util module '/home/trueog/ros2_ws_ROB599/install/_local_setup_util_sh.py'
[2.384s] INFO:colcon.colcon_core.shell:Creating prefix chain script '/home/trueog/ros2_ws_ROB599/install/setup.sh'
[2.386s] INFO:colcon.colcon_core.shell:Creating prefix script '/home/trueog/ros2_ws_ROB599/install/local_setup.bash'
[2.387s] INFO:colcon.colcon_core.shell:Creating prefix chain script '/home/trueog/ros2_ws_ROB599/install/setup.bash'
[2.388s] INFO:colcon.colcon_core.shell:Creating prefix script '/home/trueog/ros2_ws_ROB599/install/local_setup.zsh'
[2.389s] INFO:colcon.colcon_core.shell:Creating prefix chain script '/home/trueog/ros2_ws_ROB599/install/setup.zsh'
