[0.117s] DEBUG:colcon:Command line arguments: ['/usr/bin/colcon', 'build']
[0.118s] DEBUG:colcon:Parsed command line arguments: Namespace(log_base=None, log_level=None, verb_name='build', build_base='build', install_base='install', merge_install=False, symlink_install=False, test_result_base=None, continue_on_error=False, executor='parallel', parallel_workers=4, event_handlers=None, ignore_user_meta=False, metas=['./colcon.meta'], base_paths=['.'], packages_ignore=None, packages_ignore_regex=None, paths=None, packages_up_to=None, packages_up_to_regex=None, packages_above=None, packages_above_and_dependencies=None, packages_above_depth=None, packages_select_by_dep=None, packages_skip_by_dep=None, packages_skip_up_to=None, packages_select_build_failed=False, packages_skip_build_finished=False, packages_select_test_failures=False, packages_skip_test_passed=False, packages_select=None, packages_skip=None, packages_select_regex=None, packages_skip_regex=None, packages_start=None, packages_end=None, allow_overriding=[], cmake_args=None, cmake_target=None, cmake_target_skip_unavailable=False, cmake_clean_cache=False, cmake_clean_first=False, cmake_force_configure=False, ament_cmake_args=None, catkin_cmake_args=None, catkin_skip_building_tests=False, mixin_files=None, mixin=None, verb_parser=<colcon_mixin.mixin.mixin_argument.MixinArgumentDecorator object at 0x7766fc2a5220>, verb_extension=<colcon_core.verb.build.BuildVerb object at 0x7766fc3c99a0>, main=<bound method BuildVerb.main of <colcon_core.verb.build.BuildVerb object at 0x7766fc3c99a0>>, mixin_verb=('build',))
[0.152s] Level 1:colcon.colcon_core.package_discovery:discover_packages(colcon_meta) check parameters
[0.152s] Level 1:colcon.colcon_core.package_discovery:discover_packages(recursive) check parameters
[0.152s] Level 1:colcon.colcon_core.package_discovery:discover_packages(ignore) check parameters
[0.152s] Level 1:colcon.colcon_core.package_discovery:discover_packages(path) check parameters
[0.152s] Level 1:colcon.colcon_core.package_discovery:discover_packages(colcon_meta) discover
[0.152s] Level 1:colcon.colcon_core.package_discovery:discover_packages(recursive) discover
[0.153s] INFO:colcon.colcon_core.package_discovery:Crawling recursively for packages in '/home/trueog/ros2_ws_ROB599'
[0.153s] Level 1:colcon.colcon_core.package_identification:_identify(.) by extensions ['ignore', 'ignore_ament_install']
[0.153s] Level 1:colcon.colcon_core.package_identification:_identify(.) by extension 'ignore'
[0.153s] Level 1:colcon.colcon_core.package_identification:_identify(.) by extension 'ignore_ament_install'
[0.153s] Level 1:colcon.colcon_core.package_identification:_identify(.) by extensions ['colcon_pkg']
[0.153s] Level 1:colcon.colcon_core.package_identification:_identify(.) by extension 'colcon_pkg'
[0.153s] Level 1:colcon.colcon_core.package_identification:_identify(.) by extensions ['colcon_meta']
[0.153s] Level 1:colcon.colcon_core.package_identification:_identify(.) by extension 'colcon_meta'
[0.153s] Level 1:colcon.colcon_core.package_identification:_identify(.) by extensions ['ros']
[0.153s] Level 1:colcon.colcon_core.package_identification:_identify(.) by extension 'ros'
[0.183s] Level 1:colcon.colcon_core.package_identification:_identify(.) by extensions ['cmake', 'python']
[0.183s] Level 1:colcon.colcon_core.package_identification:_identify(.) by extension 'cmake'
[0.183s] Level 1:colcon.colcon_core.package_identification:_identify(.) by extension 'python'
[0.183s] Level 1:colcon.colcon_core.package_identification:_identify(.) by extensions ['python_setup_py']
[0.183s] Level 1:colcon.colcon_core.package_identification:_identify(.) by extension 'python_setup_py'
[0.183s] Level 1:colcon.colcon_core.package_identification:_identify(Scripts) by extensions ['ignore', 'ignore_ament_install']
[0.183s] Level 1:colcon.colcon_core.package_identification:_identify(Scripts) by extension 'ignore'
[0.184s] Level 1:colcon.colcon_core.package_identification:_identify(Scripts) by extension 'ignore_ament_install'
[0.184s] Level 1:colcon.colcon_core.package_identification:_identify(Scripts) by extensions ['colcon_pkg']
[0.184s] Level 1:colcon.colcon_core.package_identification:_identify(Scripts) by extension 'colcon_pkg'
[0.184s] Level 1:colcon.colcon_core.package_identification:_identify(Scripts) by extensions ['colcon_meta']
[0.184s] Level 1:colcon.colcon_core.package_identification:_identify(Scripts) by extension 'colcon_meta'
[0.184s] Level 1:colcon.colcon_core.package_identification:_identify(Scripts) by extensions ['ros']
[0.184s] Level 1:colcon.colcon_core.package_identification:_identify(Scripts) by extension 'ros'
[0.184s] Level 1:colcon.colcon_core.package_identification:_identify(Scripts) by extensions ['cmake', 'python']
[0.184s] Level 1:colcon.colcon_core.package_identification:_identify(Scripts) by extension 'cmake'
[0.184s] Level 1:colcon.colcon_core.package_identification:_identify(Scripts) by extension 'python'
[0.184s] Level 1:colcon.colcon_core.package_identification:_identify(Scripts) by extensions ['python_setup_py']
[0.184s] Level 1:colcon.colcon_core.package_identification:_identify(Scripts) by extension 'python_setup_py'
[0.184s] Level 1:colcon.colcon_core.package_identification:_identify(build) by extensions ['ignore', 'ignore_ament_install']
[0.184s] Level 1:colcon.colcon_core.package_identification:_identify(build) by extension 'ignore'
[0.184s] Level 1:colcon.colcon_core.package_identification:_identify(build) ignored
[0.184s] Level 1:colcon.colcon_core.package_identification:_identify(install) by extensions ['ignore', 'ignore_ament_install']
[0.184s] Level 1:colcon.colcon_core.package_identification:_identify(install) by extension 'ignore'
[0.184s] Level 1:colcon.colcon_core.package_identification:_identify(install) ignored
[0.184s] Level 1:colcon.colcon_core.package_identification:_identify(log) by extensions ['ignore', 'ignore_ament_install']
[0.185s] Level 1:colcon.colcon_core.package_identification:_identify(log) by extension 'ignore'
[0.185s] Level 1:colcon.colcon_core.package_identification:_identify(log) ignored
[0.185s] Level 1:colcon.colcon_core.package_identification:_identify(src) by extensions ['ignore', 'ignore_ament_install']
[0.185s] Level 1:colcon.colcon_core.package_identification:_identify(src) by extension 'ignore'
[0.185s] Level 1:colcon.colcon_core.package_identification:_identify(src) by extension 'ignore_ament_install'
[0.185s] Level 1:colcon.colcon_core.package_identification:_identify(src) by extensions ['colcon_pkg']
[0.185s] Level 1:colcon.colcon_core.package_identification:_identify(src) by extension 'colcon_pkg'
[0.185s] Level 1:colcon.colcon_core.package_identification:_identify(src) by extensions ['colcon_meta']
[0.185s] Level 1:colcon.colcon_core.package_identification:_identify(src) by extension 'colcon_meta'
[0.185s] Level 1:colcon.colcon_core.package_identification:_identify(src) by extensions ['ros']
[0.185s] Level 1:colcon.colcon_core.package_identification:_identify(src) by extension 'ros'
[0.185s] Level 1:colcon.colcon_core.package_identification:_identify(src) by extensions ['cmake', 'python']
[0.185s] Level 1:colcon.colcon_core.package_identification:_identify(src) by extension 'cmake'
[0.185s] Level 1:colcon.colcon_core.package_identification:_identify(src) by extension 'python'
[0.185s] Level 1:colcon.colcon_core.package_identification:_identify(src) by extensions ['python_setup_py']
[0.185s] Level 1:colcon.colcon_core.package_identification:_identify(src) by extension 'python_setup_py'
[0.185s] Level 1:colcon.colcon_core.package_identification:_identify(src/Stage) by extensions ['ignore', 'ignore_ament_install']
[0.185s] Level 1:colcon.colcon_core.package_identification:_identify(src/Stage) by extension 'ignore'
[0.185s] Level 1:colcon.colcon_core.package_identification:_identify(src/Stage) by extension 'ignore_ament_install'
[0.185s] Level 1:colcon.colcon_core.package_identification:_identify(src/Stage) by extensions ['colcon_pkg']
[0.185s] Level 1:colcon.colcon_core.package_identification:_identify(src/Stage) by extension 'colcon_pkg'
[0.186s] Level 1:colcon.colcon_core.package_identification:_identify(src/Stage) by extensions ['colcon_meta']
[0.186s] Level 1:colcon.colcon_core.package_identification:_identify(src/Stage) by extension 'colcon_meta'
[0.186s] Level 1:colcon.colcon_core.package_identification:_identify(src/Stage) by extensions ['ros']
[0.186s] Level 1:colcon.colcon_core.package_identification:_identify(src/Stage) by extension 'ros'
[0.190s] DEBUG:colcon.colcon_core.package_identification:Package 'src/Stage' with type 'ros.catkin' and name 'stage'
[0.190s] Level 1:colcon.colcon_core.package_identification:_identify(src/hw1) by extensions ['ignore', 'ignore_ament_install']
[0.190s] Level 1:colcon.colcon_core.package_identification:_identify(src/hw1) by extension 'ignore'
[0.190s] Level 1:colcon.colcon_core.package_identification:_identify(src/hw1) by extension 'ignore_ament_install'
[0.190s] Level 1:colcon.colcon_core.package_identification:_identify(src/hw1) by extensions ['colcon_pkg']
[0.190s] Level 1:colcon.colcon_core.package_identification:_identify(src/hw1) by extension 'colcon_pkg'
[0.190s] Level 1:colcon.colcon_core.package_identification:_identify(src/hw1) by extensions ['colcon_meta']
[0.190s] Level 1:colcon.colcon_core.package_identification:_identify(src/hw1) by extension 'colcon_meta'
[0.190s] Level 1:colcon.colcon_core.package_identification:_identify(src/hw1) by extensions ['ros']
[0.190s] Level 1:colcon.colcon_core.package_identification:_identify(src/hw1) by extension 'ros'
[0.191s] DEBUG:colcon.colcon_core.package_identification:Package 'src/hw1' with type 'ros.ament_python' and name 'hw1'
[0.191s] Level 1:colcon.colcon_core.package_identification:_identify(src/hw2) by extensions ['ignore', 'ignore_ament_install']
[0.191s] Level 1:colcon.colcon_core.package_identification:_identify(src/hw2) by extension 'ignore'
[0.191s] Level 1:colcon.colcon_core.package_identification:_identify(src/hw2) by extension 'ignore_ament_install'
[0.191s] Level 1:colcon.colcon_core.package_identification:_identify(src/hw2) by extensions ['colcon_pkg']
[0.191s] Level 1:colcon.colcon_core.package_identification:_identify(src/hw2) by extension 'colcon_pkg'
[0.191s] Level 1:colcon.colcon_core.package_identification:_identify(src/hw2) by extensions ['colcon_meta']
[0.191s] Level 1:colcon.colcon_core.package_identification:_identify(src/hw2) by extension 'colcon_meta'
[0.192s] Level 1:colcon.colcon_core.package_identification:_identify(src/hw2) by extensions ['ros']
[0.192s] Level 1:colcon.colcon_core.package_identification:_identify(src/hw2) by extension 'ros'
[0.192s] DEBUG:colcon.colcon_core.package_identification:Package 'src/hw2' with type 'ros.ament_python' and name 'hw2'
[0.192s] Level 1:colcon.colcon_core.package_identification:_identify(src/hw3) by extensions ['ignore', 'ignore_ament_install']
[0.192s] Level 1:colcon.colcon_core.package_identification:_identify(src/hw3) by extension 'ignore'
[0.192s] Level 1:colcon.colcon_core.package_identification:_identify(src/hw3) by extension 'ignore_ament_install'
[0.192s] Level 1:colcon.colcon_core.package_identification:_identify(src/hw3) by extensions ['colcon_pkg']
[0.192s] Level 1:colcon.colcon_core.package_identification:_identify(src/hw3) by extension 'colcon_pkg'
[0.192s] Level 1:colcon.colcon_core.package_identification:_identify(src/hw3) by extensions ['colcon_meta']
[0.192s] Level 1:colcon.colcon_core.package_identification:_identify(src/hw3) by extension 'colcon_meta'
[0.192s] Level 1:colcon.colcon_core.package_identification:_identify(src/hw3) by extensions ['ros']
[0.192s] Level 1:colcon.colcon_core.package_identification:_identify(src/hw3) by extension 'ros'
[0.193s] DEBUG:colcon.colcon_core.package_identification:Package 'src/hw3' with type 'ros.ament_python' and name 'hw3'
[0.193s] Level 1:colcon.colcon_core.package_identification:_identify(src/stage_ros2) by extensions ['ignore', 'ignore_ament_install']
[0.193s] Level 1:colcon.colcon_core.package_identification:_identify(src/stage_ros2) by extension 'ignore'
[0.193s] Level 1:colcon.colcon_core.package_identification:_identify(src/stage_ros2) by extension 'ignore_ament_install'
[0.193s] Level 1:colcon.colcon_core.package_identification:_identify(src/stage_ros2) by extensions ['colcon_pkg']
[0.194s] Level 1:colcon.colcon_core.package_identification:_identify(src/stage_ros2) by extension 'colcon_pkg'
[0.194s] Level 1:colcon.colcon_core.package_identification:_identify(src/stage_ros2) by extensions ['colcon_meta']
[0.194s] Level 1:colcon.colcon_core.package_identification:_identify(src/stage_ros2) by extension 'colcon_meta'
[0.194s] Level 1:colcon.colcon_core.package_identification:_identify(src/stage_ros2) by extensions ['ros']
[0.194s] Level 1:colcon.colcon_core.package_identification:_identify(src/stage_ros2) by extension 'ros'
[0.195s] DEBUG:colcon.colcon_core.package_identification:Package 'src/stage_ros2' with type 'ros.ament_cmake' and name 'stage_ros2'
[0.195s] Level 1:colcon.colcon_core.package_discovery:discover_packages(recursive) using defaults
[0.195s] Level 1:colcon.colcon_core.package_discovery:discover_packages(ignore) discover
[0.195s] Level 1:colcon.colcon_core.package_discovery:discover_packages(ignore) using defaults
[0.195s] Level 1:colcon.colcon_core.package_discovery:discover_packages(path) discover
[0.195s] Level 1:colcon.colcon_core.package_discovery:discover_packages(path) using defaults
[0.217s] Level 1:colcon.colcon_core.package_discovery:discover_packages(prefix_path) check parameters
[0.217s] Level 1:colcon.colcon_core.package_discovery:discover_packages(prefix_path) discover
[0.218s] WARNING:colcon.colcon_core.prefix_path.colcon:The path '/home/trueog/ros2_ws_ROB599/src/install' in the environment variable COLCON_PREFIX_PATH doesn't exist
[0.218s] WARNING:colcon.colcon_ros.prefix_path.ament:The path '/home/trueog/ros2_ws_ROB599/install/stage_ros2' in the environment variable AMENT_PREFIX_PATH doesn't exist
[0.218s] WARNING:colcon.colcon_ros.prefix_path.ament:The path '/home/trueog/ros2_ws_ROB599/install/hw3' in the environment variable AMENT_PREFIX_PATH doesn't exist
[0.218s] WARNING:colcon.colcon_ros.prefix_path.ament:The path '/home/trueog/ros2_ws_ROB599/install/hw2' in the environment variable AMENT_PREFIX_PATH doesn't exist
[0.218s] WARNING:colcon.colcon_ros.prefix_path.ament:The path '/home/trueog/ros2_ws_ROB599/install/hw1' in the environment variable AMENT_PREFIX_PATH doesn't exist
[0.218s] WARNING:colcon.colcon_ros.prefix_path.ament:The path '/home/trueog/ros2_ws_ROB599/src/install/stage_ros2' in the environment variable AMENT_PREFIX_PATH doesn't exist
[0.218s] WARNING:colcon.colcon_ros.prefix_path.ament:The path '/home/trueog/ros2_ws_ROB599/src/install/hw3' in the environment variable AMENT_PREFIX_PATH doesn't exist
[0.218s] WARNING:colcon.colcon_ros.prefix_path.ament:The path '/home/trueog/ros2_ws_ROB599/src/install/hw2' in the environment variable AMENT_PREFIX_PATH doesn't exist
[0.218s] WARNING:colcon.colcon_ros.prefix_path.ament:The path '/home/trueog/ros2_ws_ROB599/src/install/hw1' in the environment variable AMENT_PREFIX_PATH doesn't exist
[0.218s] WARNING:colcon.colcon_ros.prefix_path.ament:The path '/home/trueog/ros2_ws_ROB599/src/install/py_pubsub' in the environment variable AMENT_PREFIX_PATH doesn't exist
[0.218s] WARNING:colcon.colcon_ros.prefix_path.catkin:The path '/home/trueog/ros2_ws_ROB599/install/stage_ros2' in the environment variable CMAKE_PREFIX_PATH doesn't exist
[0.218s] WARNING:colcon.colcon_ros.prefix_path.catkin:The path '/home/trueog/ros2_ws_ROB599/src/install/stage_ros2' in the environment variable CMAKE_PREFIX_PATH doesn't exist
[0.218s] WARNING:colcon.colcon_ros.prefix_path.catkin:The path '/home/trueog/ros2_ws_ROB599/src/install/stage' in the environment variable CMAKE_PREFIX_PATH doesn't exist
[0.219s] DEBUG:colcon.colcon_installed_package_information.package_discovery:Found 3 installed packages in /home/trueog/ros2_ws_ROB599/install
[0.222s] DEBUG:colcon.colcon_installed_package_information.package_discovery:Found 294 installed packages in /opt/ros/kilted
[0.224s] Level 1:colcon.colcon_core.package_discovery:discover_packages(prefix_path) using defaults
[0.263s] Level 5:colcon.colcon_core.verb:set package 'hw1' build argument 'cmake_args' from command line to 'None'
[0.263s] Level 5:colcon.colcon_core.verb:set package 'hw1' build argument 'cmake_target' from command line to 'None'
[0.263s] Level 5:colcon.colcon_core.verb:set package 'hw1' build argument 'cmake_target_skip_unavailable' from command line to 'False'
[0.263s] Level 5:colcon.colcon_core.verb:set package 'hw1' build argument 'cmake_clean_cache' from command line to 'False'
[0.263s] Level 5:colcon.colcon_core.verb:set package 'hw1' build argument 'cmake_clean_first' from command line to 'False'
[0.263s] Level 5:colcon.colcon_core.verb:set package 'hw1' build argument 'cmake_force_configure' from command line to 'False'
[0.263s] Level 5:colcon.colcon_core.verb:set package 'hw1' build argument 'ament_cmake_args' from command line to 'None'
[0.263s] Level 5:colcon.colcon_core.verb:set package 'hw1' build argument 'catkin_cmake_args' from command line to 'None'
[0.263s] Level 5:colcon.colcon_core.verb:set package 'hw1' build argument 'catkin_skip_building_tests' from command line to 'False'
[0.263s] DEBUG:colcon.colcon_core.verb:Building package 'hw1' with the following arguments: {'ament_cmake_args': None, 'build_base': '/home/trueog/ros2_ws_ROB599/build/hw1', 'catkin_cmake_args': None, 'catkin_skip_building_tests': False, 'cmake_args': None, 'cmake_clean_cache': False, 'cmake_clean_first': False, 'cmake_force_configure': False, 'cmake_target': None, 'cmake_target_skip_unavailable': False, 'install_base': '/home/trueog/ros2_ws_ROB599/install/hw1', 'merge_install': False, 'path': '/home/trueog/ros2_ws_ROB599/src/hw1', 'symlink_install': False, 'test_result_base': None}
[0.264s] Level 5:colcon.colcon_core.verb:set package 'hw2' build argument 'cmake_args' from command line to 'None'
[0.264s] Level 5:colcon.colcon_core.verb:set package 'hw2' build argument 'cmake_target' from command line to 'None'
[0.264s] Level 5:colcon.colcon_core.verb:set package 'hw2' build argument 'cmake_target_skip_unavailable' from command line to 'False'
[0.264s] Level 5:colcon.colcon_core.verb:set package 'hw2' build argument 'cmake_clean_cache' from command line to 'False'
[0.264s] Level 5:colcon.colcon_core.verb:set package 'hw2' build argument 'cmake_clean_first' from command line to 'False'
[0.264s] Level 5:colcon.colcon_core.verb:set package 'hw2' build argument 'cmake_force_configure' from command line to 'False'
[0.264s] Level 5:colcon.colcon_core.verb:set package 'hw2' build argument 'ament_cmake_args' from command line to 'None'
[0.264s] Level 5:colcon.colcon_core.verb:set package 'hw2' build argument 'catkin_cmake_args' from command line to 'None'
[0.264s] Level 5:colcon.colcon_core.verb:set package 'hw2' build argument 'catkin_skip_building_tests' from command line to 'False'
[0.264s] DEBUG:colcon.colcon_core.verb:Building package 'hw2' with the following arguments: {'ament_cmake_args': None, 'build_base': '/home/trueog/ros2_ws_ROB599/build/hw2', 'catkin_cmake_args': None, 'catkin_skip_building_tests': False, 'cmake_args': None, 'cmake_clean_cache': False, 'cmake_clean_first': False, 'cmake_force_configure': False, 'cmake_target': None, 'cmake_target_skip_unavailable': False, 'install_base': '/home/trueog/ros2_ws_ROB599/install/hw2', 'merge_install': False, 'path': '/home/trueog/ros2_ws_ROB599/src/hw2', 'symlink_install': False, 'test_result_base': None}
[0.264s] Level 5:colcon.colcon_core.verb:set package 'hw3' build argument 'cmake_args' from command line to 'None'
[0.264s] Level 5:colcon.colcon_core.verb:set package 'hw3' build argument 'cmake_target' from command line to 'None'
[0.264s] Level 5:colcon.colcon_core.verb:set package 'hw3' build argument 'cmake_target_skip_unavailable' from command line to 'False'
[0.264s] Level 5:colcon.colcon_core.verb:set package 'hw3' build argument 'cmake_clean_cache' from command line to 'False'
[0.264s] Level 5:colcon.colcon_core.verb:set package 'hw3' build argument 'cmake_clean_first' from command line to 'False'
[0.264s] Level 5:colcon.colcon_core.verb:set package 'hw3' build argument 'cmake_force_configure' from command line to 'False'
[0.264s] Level 5:colcon.colcon_core.verb:set package 'hw3' build argument 'ament_cmake_args' from command line to 'None'
[0.264s] Level 5:colcon.colcon_core.verb:set package 'hw3' build argument 'catkin_cmake_args' from command line to 'None'
[0.264s] Level 5:colcon.colcon_core.verb:set package 'hw3' build argument 'catkin_skip_building_tests' from command line to 'False'
[0.264s] DEBUG:colcon.colcon_core.verb:Building package 'hw3' with the following arguments: {'ament_cmake_args': None, 'build_base': '/home/trueog/ros2_ws_ROB599/build/hw3', 'catkin_cmake_args': None, 'catkin_skip_building_tests': False, 'cmake_args': None, 'cmake_clean_cache': False, 'cmake_clean_first': False, 'cmake_force_configure': False, 'cmake_target': None, 'cmake_target_skip_unavailable': False, 'install_base': '/home/trueog/ros2_ws_ROB599/install/hw3', 'merge_install': False, 'path': '/home/trueog/ros2_ws_ROB599/src/hw3', 'symlink_install': False, 'test_result_base': None}
[0.264s] Level 5:colcon.colcon_core.verb:set package 'stage' build argument 'cmake_args' from command line to 'None'
[0.264s] Level 5:colcon.colcon_core.verb:set package 'stage' build argument 'cmake_target' from command line to 'None'
[0.264s] Level 5:colcon.colcon_core.verb:set package 'stage' build argument 'cmake_target_skip_unavailable' from command line to 'False'
[0.264s] Level 5:colcon.colcon_core.verb:set package 'stage' build argument 'cmake_clean_cache' from command line to 'False'
[0.264s] Level 5:colcon.colcon_core.verb:set package 'stage' build argument 'cmake_clean_first' from command line to 'False'
[0.264s] Level 5:colcon.colcon_core.verb:set package 'stage' build argument 'cmake_force_configure' from command line to 'False'
[0.264s] Level 5:colcon.colcon_core.verb:set package 'stage' build argument 'ament_cmake_args' from command line to 'None'
[0.264s] Level 5:colcon.colcon_core.verb:set package 'stage' build argument 'catkin_cmake_args' from command line to 'None'
[0.264s] Level 5:colcon.colcon_core.verb:set package 'stage' build argument 'catkin_skip_building_tests' from command line to 'False'
[0.265s] DEBUG:colcon.colcon_core.verb:Building package 'stage' with the following arguments: {'ament_cmake_args': None, 'build_base': '/home/trueog/ros2_ws_ROB599/build/stage', 'catkin_cmake_args': None, 'catkin_skip_building_tests': False, 'cmake_args': None, 'cmake_clean_cache': False, 'cmake_clean_first': False, 'cmake_force_configure': False, 'cmake_target': None, 'cmake_target_skip_unavailable': False, 'install_base': '/home/trueog/ros2_ws_ROB599/install/stage', 'merge_install': False, 'path': '/home/trueog/ros2_ws_ROB599/src/Stage', 'symlink_install': False, 'test_result_base': None}
[0.265s] Level 5:colcon.colcon_core.verb:set package 'stage_ros2' build argument 'cmake_args' from command line to 'None'
[0.265s] Level 5:colcon.colcon_core.verb:set package 'stage_ros2' build argument 'cmake_target' from command line to 'None'
[0.265s] Level 5:colcon.colcon_core.verb:set package 'stage_ros2' build argument 'cmake_target_skip_unavailable' from command line to 'False'
[0.265s] Level 5:colcon.colcon_core.verb:set package 'stage_ros2' build argument 'cmake_clean_cache' from command line to 'False'
[0.265s] Level 5:colcon.colcon_core.verb:set package 'stage_ros2' build argument 'cmake_clean_first' from command line to 'False'
[0.265s] Level 5:colcon.colcon_core.verb:set package 'stage_ros2' build argument 'cmake_force_configure' from command line to 'False'
[0.265s] Level 5:colcon.colcon_core.verb:set package 'stage_ros2' build argument 'ament_cmake_args' from command line to 'None'
[0.265s] Level 5:colcon.colcon_core.verb:set package 'stage_ros2' build argument 'catkin_cmake_args' from command line to 'None'
[0.265s] Level 5:colcon.colcon_core.verb:set package 'stage_ros2' build argument 'catkin_skip_building_tests' from command line to 'False'
[0.265s] DEBUG:colcon.colcon_core.verb:Building package 'stage_ros2' with the following arguments: {'ament_cmake_args': None, 'build_base': '/home/trueog/ros2_ws_ROB599/build/stage_ros2', 'catkin_cmake_args': None, 'catkin_skip_building_tests': False, 'cmake_args': None, 'cmake_clean_cache': False, 'cmake_clean_first': False, 'cmake_force_configure': False, 'cmake_target': None, 'cmake_target_skip_unavailable': False, 'install_base': '/home/trueog/ros2_ws_ROB599/install/stage_ros2', 'merge_install': False, 'path': '/home/trueog/ros2_ws_ROB599/src/stage_ros2', 'symlink_install': False, 'test_result_base': None}
[0.265s] INFO:colcon.colcon_core.executor:Executing jobs using 'parallel' executor
[0.266s] DEBUG:colcon.colcon_parallel_executor.executor.parallel:run_until_complete
[0.266s] INFO:colcon.colcon_ros.task.catkin.build:Building ROS package in '/home/trueog/ros2_ws_ROB599/src/Stage' with build type 'catkin'
[0.267s] INFO:colcon.colcon_cmake.task.cmake.build:Building CMake package in '/home/trueog/ros2_ws_ROB599/src/Stage'
[0.269s] INFO:colcon.colcon_core.plugin_system:Skipping extension 'colcon_core.shell.bat': Not used on non-Windows systems
[0.270s] INFO:colcon.colcon_core.shell:Skip shell extension 'powershell' for command environment: Not usable outside of PowerShell
[0.270s] DEBUG:colcon.colcon_core.shell:Skip shell extension 'dsv' for command environment
[0.274s] INFO:colcon.colcon_ros.task.ament_python.build:Building ROS package in '/home/trueog/ros2_ws_ROB599/src/hw1' with build type 'ament_python'
[0.274s] Level 1:colcon.colcon_core.shell:create_environment_hook('hw1', 'ament_prefix_path')
[0.274s] INFO:colcon.colcon_core.shell:Creating environment hook '/home/trueog/ros2_ws_ROB599/install/hw1/share/hw1/hook/ament_prefix_path.ps1'
[0.275s] INFO:colcon.colcon_core.shell:Creating environment descriptor '/home/trueog/ros2_ws_ROB599/install/hw1/share/hw1/hook/ament_prefix_path.dsv'
[0.275s] INFO:colcon.colcon_core.shell:Creating environment hook '/home/trueog/ros2_ws_ROB599/install/hw1/share/hw1/hook/ament_prefix_path.sh'
[0.276s] INFO:colcon.colcon_core.shell:Skip shell extension 'powershell' for command environment: Not usable outside of PowerShell
[0.276s] DEBUG:colcon.colcon_core.shell:Skip shell extension 'dsv' for command environment
[0.279s] INFO:colcon.colcon_ros.task.ament_python.build:Building ROS package in '/home/trueog/ros2_ws_ROB599/src/hw2' with build type 'ament_python'
[0.280s] Level 1:colcon.colcon_core.shell:create_environment_hook('hw2', 'ament_prefix_path')
[0.280s] INFO:colcon.colcon_core.shell:Creating environment hook '/home/trueog/ros2_ws_ROB599/install/hw2/share/hw2/hook/ament_prefix_path.ps1'
[0.280s] INFO:colcon.colcon_core.shell:Creating environment descriptor '/home/trueog/ros2_ws_ROB599/install/hw2/share/hw2/hook/ament_prefix_path.dsv'
[0.281s] INFO:colcon.colcon_core.shell:Creating environment hook '/home/trueog/ros2_ws_ROB599/install/hw2/share/hw2/hook/ament_prefix_path.sh'
[0.281s] INFO:colcon.colcon_core.shell:Skip shell extension 'powershell' for command environment: Not usable outside of PowerShell
[0.281s] DEBUG:colcon.colcon_core.shell:Skip shell extension 'dsv' for command environment
[0.285s] INFO:colcon.colcon_ros.task.ament_python.build:Building ROS package in '/home/trueog/ros2_ws_ROB599/src/hw3' with build type 'ament_python'
[0.285s] Level 1:colcon.colcon_core.shell:create_environment_hook('hw3', 'ament_prefix_path')
[0.285s] INFO:colcon.colcon_core.shell:Creating environment hook '/home/trueog/ros2_ws_ROB599/install/hw3/share/hw3/hook/ament_prefix_path.ps1'
[0.286s] INFO:colcon.colcon_core.shell:Creating environment descriptor '/home/trueog/ros2_ws_ROB599/install/hw3/share/hw3/hook/ament_prefix_path.dsv'
[0.287s] INFO:colcon.colcon_core.shell:Creating environment hook '/home/trueog/ros2_ws_ROB599/install/hw3/share/hw3/hook/ament_prefix_path.sh'
[0.287s] INFO:colcon.colcon_core.shell:Skip shell extension 'powershell' for command environment: Not usable outside of PowerShell
[0.287s] DEBUG:colcon.colcon_core.shell:Skip shell extension 'dsv' for command environment
[0.296s] DEBUG:colcon.colcon_core.event_handler.log_command:Invoking command in '/home/trueog/ros2_ws_ROB599/build/stage': DEBUGINFOD_URLS=https://debuginfod.ubuntu.com /usr/bin/cmake --build /home/trueog/ros2_ws_ROB599/build/stage -- -j4 -l4
[0.520s] INFO:colcon.colcon_core.task.python.build:Building Python package in '/home/trueog/ros2_ws_ROB599/src/hw1'
[0.520s] INFO:colcon.colcon_core.shell:Skip shell extension 'powershell' for command environment: Not usable outside of PowerShell
[0.520s] DEBUG:colcon.colcon_core.shell:Skip shell extension 'dsv' for command environment
[0.707s] INFO:colcon.colcon_core.task.python.build:Building Python package in '/home/trueog/ros2_ws_ROB599/src/hw2'
[0.708s] INFO:colcon.colcon_core.shell:Skip shell extension 'powershell' for command environment: Not usable outside of PowerShell
[0.708s] DEBUG:colcon.colcon_core.shell:Skip shell extension 'dsv' for command environment
[0.908s] INFO:colcon.colcon_core.task.python.build:Building Python package in '/home/trueog/ros2_ws_ROB599/src/hw3'
[0.908s] INFO:colcon.colcon_core.shell:Skip shell extension 'powershell' for command environment: Not usable outside of PowerShell
[0.908s] DEBUG:colcon.colcon_core.shell:Skip shell extension 'dsv' for command environment
[0.915s] DEBUG:colcon.colcon_core.event_handler.log_command:Invoked command in '/home/trueog/ros2_ws_ROB599/build/stage' returned '0': DEBUGINFOD_URLS=https://debuginfod.ubuntu.com /usr/bin/cmake --build /home/trueog/ros2_ws_ROB599/build/stage -- -j4 -l4
[0.924s] DEBUG:colcon.colcon_core.event_handler.log_command:Invoking command in '/home/trueog/ros2_ws_ROB599/build/stage': DEBUGINFOD_URLS=https://debuginfod.ubuntu.com /usr/bin/cmake --install /home/trueog/ros2_ws_ROB599/build/stage
[0.954s] Level 1:colcon.colcon_core.shell:create_environment_hook('stage', 'ros_package_path')
[0.955s] INFO:colcon.colcon_core.shell:Creating environment hook '/home/trueog/ros2_ws_ROB599/install/stage/share/stage/hook/ros_package_path.ps1'
[0.957s] INFO:colcon.colcon_core.shell:Creating environment descriptor '/home/trueog/ros2_ws_ROB599/install/stage/share/stage/hook/ros_package_path.dsv'
[0.957s] DEBUG:colcon.colcon_core.event_handler.log_command:Invoked command in '/home/trueog/ros2_ws_ROB599/build/stage' returned '0': DEBUGINFOD_URLS=https://debuginfod.ubuntu.com /usr/bin/cmake --install /home/trueog/ros2_ws_ROB599/build/stage
[0.958s] INFO:colcon.colcon_core.shell:Creating environment hook '/home/trueog/ros2_ws_ROB599/install/stage/share/stage/hook/ros_package_path.sh'
[0.958s] Level 1:colcon.colcon_core.shell:create_environment_hook('stage', 'pkg_config_path')
[0.959s] INFO:colcon.colcon_core.shell:Creating environment hook '/home/trueog/ros2_ws_ROB599/install/stage/share/stage/hook/pkg_config_path.ps1'
[0.959s] INFO:colcon.colcon_core.shell:Creating environment descriptor '/home/trueog/ros2_ws_ROB599/install/stage/share/stage/hook/pkg_config_path.dsv'
[0.959s] INFO:colcon.colcon_core.shell:Creating environment hook '/home/trueog/ros2_ws_ROB599/install/stage/share/stage/hook/pkg_config_path.sh'
[0.961s] Level 1:colcon.colcon_core.shell:create_environment_hook('stage', 'pkg_config_path_multiarch')
[0.961s] INFO:colcon.colcon_core.shell:Creating environment hook '/home/trueog/ros2_ws_ROB599/install/stage/share/stage/hook/pkg_config_path_multiarch.ps1'
[0.962s] INFO:colcon.colcon_core.shell:Creating environment descriptor '/home/trueog/ros2_ws_ROB599/install/stage/share/stage/hook/pkg_config_path_multiarch.dsv'
[0.962s] INFO:colcon.colcon_core.shell:Creating environment hook '/home/trueog/ros2_ws_ROB599/install/stage/share/stage/hook/pkg_config_path_multiarch.sh'
[0.963s] Level 1:colcon.colcon_core.environment:create_environment_scripts_only(stage)
[0.965s] Level 1:colcon.colcon_core.environment:checking '/home/trueog/ros2_ws_ROB599/install/stage' for CMake module files
[0.966s] Level 1:colcon.colcon_core.environment:checking '/home/trueog/ros2_ws_ROB599/install/stage' for CMake config files
[0.967s] Level 1:colcon.colcon_core.shell:create_environment_hook('stage', 'cmake_prefix_path')
[0.967s] INFO:colcon.colcon_core.shell:Creating environment hook '/home/trueog/ros2_ws_ROB599/install/stage/share/stage/hook/cmake_prefix_path.ps1'
[0.968s] INFO:colcon.colcon_core.shell:Creating environment descriptor '/home/trueog/ros2_ws_ROB599/install/stage/share/stage/hook/cmake_prefix_path.dsv'
[0.968s] INFO:colcon.colcon_core.shell:Creating environment hook '/home/trueog/ros2_ws_ROB599/install/stage/share/stage/hook/cmake_prefix_path.sh'
[0.969s] Level 1:colcon.colcon_core.environment:checking '/home/trueog/ros2_ws_ROB599/install/stage/lib'
[0.970s] Level 1:colcon.colcon_core.shell:create_environment_hook('stage', 'ld_library_path_lib')
[0.970s] INFO:colcon.colcon_core.shell:Creating environment hook '/home/trueog/ros2_ws_ROB599/install/stage/share/stage/hook/ld_library_path_lib.ps1'
[0.971s] INFO:colcon.colcon_core.shell:Creating environment descriptor '/home/trueog/ros2_ws_ROB599/install/stage/share/stage/hook/ld_library_path_lib.dsv'
[0.971s] INFO:colcon.colcon_core.shell:Creating environment hook '/home/trueog/ros2_ws_ROB599/install/stage/share/stage/hook/ld_library_path_lib.sh'
[0.972s] Level 1:colcon.colcon_core.environment:checking '/home/trueog/ros2_ws_ROB599/install/stage/bin'
[0.972s] Level 1:colcon.colcon_core.shell:create_environment_hook('stage', 'path')
[0.972s] INFO:colcon.colcon_core.shell:Creating environment hook '/home/trueog/ros2_ws_ROB599/install/stage/share/stage/hook/path.ps1'
[0.972s] INFO:colcon.colcon_core.shell:Creating environment descriptor '/home/trueog/ros2_ws_ROB599/install/stage/share/stage/hook/path.dsv'
[0.975s] INFO:colcon.colcon_core.shell:Creating environment hook '/home/trueog/ros2_ws_ROB599/install/stage/share/stage/hook/path.sh'
[0.976s] Level 1:colcon.colcon_core.environment:checking '/home/trueog/ros2_ws_ROB599/install/stage/lib/pkgconfig/stage.pc'
[0.976s] Level 1:colcon.colcon_core.shell:create_environment_hook('stage', 'pkg_config')
[0.976s] INFO:colcon.colcon_core.shell:Creating environment hook '/home/trueog/ros2_ws_ROB599/install/stage/share/stage/hook/pkg_config.ps1'
[0.976s] INFO:colcon.colcon_core.shell:Creating environment descriptor '/home/trueog/ros2_ws_ROB599/install/stage/share/stage/hook/pkg_config.dsv'
[0.977s] INFO:colcon.colcon_core.shell:Creating environment hook '/home/trueog/ros2_ws_ROB599/install/stage/share/stage/hook/pkg_config.sh'
[0.977s] Level 1:colcon.colcon_core.environment:checking '/home/trueog/ros2_ws_ROB599/install/stage/lib/python3.12/site-packages'
[0.978s] Level 1:colcon.colcon_core.environment:checking '/home/trueog/ros2_ws_ROB599/install/stage/bin'
[0.978s] Level 1:colcon.colcon_core.shell:create_environment_hook('stage', 'pythonscriptspath')
[0.978s] INFO:colcon.colcon_core.shell:Creating environment hook '/home/trueog/ros2_ws_ROB599/install/stage/share/stage/hook/pythonscriptspath.ps1'
[0.978s] INFO:colcon.colcon_core.shell:Creating environment descriptor '/home/trueog/ros2_ws_ROB599/install/stage/share/stage/hook/pythonscriptspath.dsv'
[0.979s] INFO:colcon.colcon_core.shell:Creating environment hook '/home/trueog/ros2_ws_ROB599/install/stage/share/stage/hook/pythonscriptspath.sh'
[0.980s] INFO:colcon.colcon_core.shell:Creating package script '/home/trueog/ros2_ws_ROB599/install/stage/share/stage/package.ps1'
[0.981s] INFO:colcon.colcon_core.shell:Creating package descriptor '/home/trueog/ros2_ws_ROB599/install/stage/share/stage/package.dsv'
[0.982s] INFO:colcon.colcon_core.shell:Creating package script '/home/trueog/ros2_ws_ROB599/install/stage/share/stage/package.sh'
[0.982s] INFO:colcon.colcon_core.shell:Creating package script '/home/trueog/ros2_ws_ROB599/install/stage/share/stage/package.bash'
[0.983s] INFO:colcon.colcon_core.shell:Creating package script '/home/trueog/ros2_ws_ROB599/install/stage/share/stage/package.zsh'
[0.984s] Level 1:colcon.colcon_core.environment:create_file_with_runtime_dependencies(/home/trueog/ros2_ws_ROB599/install/stage/share/colcon-core/packages/stage)
[0.985s] INFO:colcon.colcon_ros.task.ament_cmake.build:Building ROS package in '/home/trueog/ros2_ws_ROB599/src/stage_ros2' with build type 'ament_cmake'
[0.985s] INFO:colcon.colcon_cmake.task.cmake.build:Building CMake package in '/home/trueog/ros2_ws_ROB599/src/stage_ros2'
[0.985s] INFO:colcon.colcon_core.shell:Skip shell extension 'powershell' for command environment: Not usable outside of PowerShell
[0.986s] DEBUG:colcon.colcon_core.shell:Skip shell extension 'dsv' for command environment
[1.010s] DEBUG:colcon.colcon_core.event_handler.log_command:Invoking command in '/home/trueog/ros2_ws_ROB599/build/stage_ros2': CMAKE_PREFIX_PATH=/home/trueog/ros2_ws_ROB599/install/hw3:/home/trueog/ros2_ws_ROB599/install/hw2:/home/trueog/ros2_ws_ROB599/install/hw1:/home/trueog/ros2_ws_ROB599/src/install/hw3:/home/trueog/ros2_ws_ROB599/src/install/hw2:/home/trueog/ros2_ws_ROB599/src/install/hw1:/home/trueog/ros2_ws_ROB599/src/install/py_pubsub:/opt/ros/kilted:/home/trueog/ros2_ws_ROB599/install/stage:/home/trueog/ros2_ws_ROB599/install/stage_ros2:/home/trueog/ros2_ws_ROB599/src/install/stage_ros2:/home/trueog/ros2_ws_ROB599/src/install/stage:/opt/ros/kilted/opt/gz_math_vendor:/opt/ros/kilted/opt/gz_utils_vendor:/opt/ros/kilted/opt/gz_cmake_vendor DEBUGINFOD_URLS=https://debuginfod.ubuntu.com LD_LIBRARY_PATH=/home/trueog/ros2_ws_ROB599/install/stage/lib:/home/trueog/ros2_ws_ROB599/install/stage_ros2/lib:/home/trueog/ros2_ws_ROB599/src/install/stage_ros2/lib:/home/trueog/ros2_ws_ROB599/src/install/stage/lib:/opt/ros/kilted/opt/zenoh_cpp_vendor/lib:/opt/ros/kilted/opt/gz_math_vendor/lib:/opt/ros/kilted/opt/gz_utils_vendor/lib:/opt/ros/kilted/opt/rviz_ogre_vendor/lib:/opt/ros/kilted/lib/x86_64-linux-gnu:/opt/ros/kilted/opt/gz_cmake_vendor/lib:/opt/ros/kilted/lib /usr/bin/cmake --build /home/trueog/ros2_ws_ROB599/build/stage_ros2 -- -j4 -l4
[1.170s] DEBUG:colcon.colcon_core.event_handler.log_command:Invoked command in '/home/trueog/ros2_ws_ROB599/build/stage_ros2' returned '0': CMAKE_PREFIX_PATH=/home/trueog/ros2_ws_ROB599/install/hw3:/home/trueog/ros2_ws_ROB599/install/hw2:/home/trueog/ros2_ws_ROB599/install/hw1:/home/trueog/ros2_ws_ROB599/src/install/hw3:/home/trueog/ros2_ws_ROB599/src/install/hw2:/home/trueog/ros2_ws_ROB599/src/install/hw1:/home/trueog/ros2_ws_ROB599/src/install/py_pubsub:/opt/ros/kilted:/home/trueog/ros2_ws_ROB599/install/stage:/home/trueog/ros2_ws_ROB599/install/stage_ros2:/home/trueog/ros2_ws_ROB599/src/install/stage_ros2:/home/trueog/ros2_ws_ROB599/src/install/stage:/opt/ros/kilted/opt/gz_math_vendor:/opt/ros/kilted/opt/gz_utils_vendor:/opt/ros/kilted/opt/gz_cmake_vendor DEBUGINFOD_URLS=https://debuginfod.ubuntu.com LD_LIBRARY_PATH=/home/trueog/ros2_ws_ROB599/install/stage/lib:/home/trueog/ros2_ws_ROB599/install/stage_ros2/lib:/home/trueog/ros2_ws_ROB599/src/install/stage_ros2/lib:/home/trueog/ros2_ws_ROB599/src/install/stage/lib:/opt/ros/kilted/opt/zenoh_cpp_vendor/lib:/opt/ros/kilted/opt/gz_math_vendor/lib:/opt/ros/kilted/opt/gz_utils_vendor/lib:/opt/ros/kilted/opt/rviz_ogre_vendor/lib:/opt/ros/kilted/lib/x86_64-linux-gnu:/opt/ros/kilted/opt/gz_cmake_vendor/lib:/opt/ros/kilted/lib /usr/bin/cmake --build /home/trueog/ros2_ws_ROB599/build/stage_ros2 -- -j4 -l4
[1.170s] DEBUG:colcon.colcon_core.event_handler.log_command:Invoking command in '/home/trueog/ros2_ws_ROB599/build/stage_ros2': CMAKE_PREFIX_PATH=/home/trueog/ros2_ws_ROB599/install/hw3:/home/trueog/ros2_ws_ROB599/install/hw2:/home/trueog/ros2_ws_ROB599/install/hw1:/home/trueog/ros2_ws_ROB599/src/install/hw3:/home/trueog/ros2_ws_ROB599/src/install/hw2:/home/trueog/ros2_ws_ROB599/src/install/hw1:/home/trueog/ros2_ws_ROB599/src/install/py_pubsub:/opt/ros/kilted:/home/trueog/ros2_ws_ROB599/install/stage:/home/trueog/ros2_ws_ROB599/install/stage_ros2:/home/trueog/ros2_ws_ROB599/src/install/stage_ros2:/home/trueog/ros2_ws_ROB599/src/install/stage:/opt/ros/kilted/opt/gz_math_vendor:/opt/ros/kilted/opt/gz_utils_vendor:/opt/ros/kilted/opt/gz_cmake_vendor DEBUGINFOD_URLS=https://debuginfod.ubuntu.com LD_LIBRARY_PATH=/home/trueog/ros2_ws_ROB599/install/stage/lib:/home/trueog/ros2_ws_ROB599/install/stage_ros2/lib:/home/trueog/ros2_ws_ROB599/src/install/stage_ros2/lib:/home/trueog/ros2_ws_ROB599/src/install/stage/lib:/opt/ros/kilted/opt/zenoh_cpp_vendor/lib:/opt/ros/kilted/opt/gz_math_vendor/lib:/opt/ros/kilted/opt/gz_utils_vendor/lib:/opt/ros/kilted/opt/rviz_ogre_vendor/lib:/opt/ros/kilted/lib/x86_64-linux-gnu:/opt/ros/kilted/opt/gz_cmake_vendor/lib:/opt/ros/kilted/lib /usr/bin/cmake --install /home/trueog/ros2_ws_ROB599/build/stage_ros2
[1.245s] Level 1:colcon.colcon_core.environment:create_environment_scripts_only(stage_ros2)
[1.245s] Level 1:colcon.colcon_core.environment:checking '/home/trueog/ros2_ws_ROB599/install/stage_ros2' for CMake module files
[1.245s] Level 1:colcon.colcon_core.environment:checking '/home/trueog/ros2_ws_ROB599/install/stage_ros2' for CMake config files
[1.246s] Level 1:colcon.colcon_core.shell:create_environment_hook('stage_ros2', 'cmake_prefix_path')
[1.246s] INFO:colcon.colcon_core.shell:Creating environment hook '/home/trueog/ros2_ws_ROB599/install/stage_ros2/share/stage_ros2/hook/cmake_prefix_path.ps1'
[1.246s] INFO:colcon.colcon_core.shell:Creating environment descriptor '/home/trueog/ros2_ws_ROB599/install/stage_ros2/share/stage_ros2/hook/cmake_prefix_path.dsv'
[1.246s] INFO:colcon.colcon_core.shell:Creating environment hook '/home/trueog/ros2_ws_ROB599/install/stage_ros2/share/stage_ros2/hook/cmake_prefix_path.sh'
[1.247s] Level 1:colcon.colcon_core.environment:checking '/home/trueog/ros2_ws_ROB599/install/stage_ros2/lib'
[1.247s] Level 1:colcon.colcon_core.shell:create_environment_hook('stage_ros2', 'ld_library_path_lib')
[1.247s] INFO:colcon.colcon_core.shell:Creating environment hook '/home/trueog/ros2_ws_ROB599/install/stage_ros2/share/stage_ros2/hook/ld_library_path_lib.ps1'
[1.247s] INFO:colcon.colcon_core.shell:Creating environment descriptor '/home/trueog/ros2_ws_ROB599/install/stage_ros2/share/stage_ros2/hook/ld_library_path_lib.dsv'
[1.247s] INFO:colcon.colcon_core.shell:Creating environment hook '/home/trueog/ros2_ws_ROB599/install/stage_ros2/share/stage_ros2/hook/ld_library_path_lib.sh'
[1.250s] DEBUG:colcon.colcon_core.event_handler.log_command:Invoked command in '/home/trueog/ros2_ws_ROB599/build/stage_ros2' returned '0': CMAKE_PREFIX_PATH=/home/trueog/ros2_ws_ROB599/install/hw3:/home/trueog/ros2_ws_ROB599/install/hw2:/home/trueog/ros2_ws_ROB599/install/hw1:/home/trueog/ros2_ws_ROB599/src/install/hw3:/home/trueog/ros2_ws_ROB599/src/install/hw2:/home/trueog/ros2_ws_ROB599/src/install/hw1:/home/trueog/ros2_ws_ROB599/src/install/py_pubsub:/opt/ros/kilted:/home/trueog/ros2_ws_ROB599/install/stage:/home/trueog/ros2_ws_ROB599/install/stage_ros2:/home/trueog/ros2_ws_ROB599/src/install/stage_ros2:/home/trueog/ros2_ws_ROB599/src/install/stage:/opt/ros/kilted/opt/gz_math_vendor:/opt/ros/kilted/opt/gz_utils_vendor:/opt/ros/kilted/opt/gz_cmake_vendor DEBUGINFOD_URLS=https://debuginfod.ubuntu.com LD_LIBRARY_PATH=/home/trueog/ros2_ws_ROB599/install/stage/lib:/home/trueog/ros2_ws_ROB599/install/stage_ros2/lib:/home/trueog/ros2_ws_ROB599/src/install/stage_ros2/lib:/home/trueog/ros2_ws_ROB599/src/install/stage/lib:/opt/ros/kilted/opt/zenoh_cpp_vendor/lib:/opt/ros/kilted/opt/gz_math_vendor/lib:/opt/ros/kilted/opt/gz_utils_vendor/lib:/opt/ros/kilted/opt/rviz_ogre_vendor/lib:/opt/ros/kilted/lib/x86_64-linux-gnu:/opt/ros/kilted/opt/gz_cmake_vendor/lib:/opt/ros/kilted/lib /usr/bin/cmake --install /home/trueog/ros2_ws_ROB599/build/stage_ros2
[1.250s] Level 1:colcon.colcon_core.environment:checking '/home/trueog/ros2_ws_ROB599/install/stage_ros2/bin'
[1.250s] Level 1:colcon.colcon_core.environment:checking '/home/trueog/ros2_ws_ROB599/install/stage_ros2/lib/pkgconfig/stage_ros2.pc'
[1.251s] Level 1:colcon.colcon_core.environment:checking '/home/trueog/ros2_ws_ROB599/install/stage_ros2/lib/python3.12/site-packages'
[1.251s] Level 1:colcon.colcon_core.environment:checking '/home/trueog/ros2_ws_ROB599/install/stage_ros2/bin'
[1.251s] INFO:colcon.colcon_core.shell:Creating package script '/home/trueog/ros2_ws_ROB599/install/stage_ros2/share/stage_ros2/package.ps1'
[1.252s] INFO:colcon.colcon_core.shell:Creating package descriptor '/home/trueog/ros2_ws_ROB599/install/stage_ros2/share/stage_ros2/package.dsv'
[1.252s] INFO:colcon.colcon_core.shell:Creating package script '/home/trueog/ros2_ws_ROB599/install/stage_ros2/share/stage_ros2/package.sh'
[1.253s] INFO:colcon.colcon_core.shell:Creating package script '/home/trueog/ros2_ws_ROB599/install/stage_ros2/share/stage_ros2/package.bash'
[1.253s] INFO:colcon.colcon_core.shell:Creating package script '/home/trueog/ros2_ws_ROB599/install/stage_ros2/share/stage_ros2/package.zsh'
[1.254s] Level 1:colcon.colcon_core.environment:create_file_with_runtime_dependencies(/home/trueog/ros2_ws_ROB599/install/stage_ros2/share/colcon-core/packages/stage_ros2)
[1.256s] Level 1:colcon.colcon_core.environment:create_environment_scripts_only(stage_ros2)
[1.257s] Level 1:colcon.colcon_core.environment:checking '/home/trueog/ros2_ws_ROB599/install/stage_ros2' for CMake module files
[1.257s] Level 1:colcon.colcon_core.environment:checking '/home/trueog/ros2_ws_ROB599/install/stage_ros2' for CMake config files
[1.263s] Level 1:colcon.colcon_core.shell:create_environment_hook('stage_ros2', 'cmake_prefix_path')
[1.264s] INFO:colcon.colcon_core.shell:Creating environment hook '/home/trueog/ros2_ws_ROB599/install/stage_ros2/share/stage_ros2/hook/cmake_prefix_path.ps1'
[1.264s] INFO:colcon.colcon_core.shell:Creating environment descriptor '/home/trueog/ros2_ws_ROB599/install/stage_ros2/share/stage_ros2/hook/cmake_prefix_path.dsv'
[1.265s] INFO:colcon.colcon_core.shell:Creating environment hook '/home/trueog/ros2_ws_ROB599/install/stage_ros2/share/stage_ros2/hook/cmake_prefix_path.sh'
[1.266s] Level 1:colcon.colcon_core.environment:checking '/home/trueog/ros2_ws_ROB599/install/stage_ros2/lib'
[1.266s] Level 1:colcon.colcon_core.shell:create_environment_hook('stage_ros2', 'ld_library_path_lib')
[1.266s] INFO:colcon.colcon_core.shell:Creating environment hook '/home/trueog/ros2_ws_ROB599/install/stage_ros2/share/stage_ros2/hook/ld_library_path_lib.ps1'
[1.267s] INFO:colcon.colcon_core.shell:Creating environment descriptor '/home/trueog/ros2_ws_ROB599/install/stage_ros2/share/stage_ros2/hook/ld_library_path_lib.dsv'
[1.267s] INFO:colcon.colcon_core.shell:Creating environment hook '/home/trueog/ros2_ws_ROB599/install/stage_ros2/share/stage_ros2/hook/ld_library_path_lib.sh'
[1.268s] Level 1:colcon.colcon_core.environment:checking '/home/trueog/ros2_ws_ROB599/install/stage_ros2/bin'
[1.268s] Level 1:colcon.colcon_core.environment:checking '/home/trueog/ros2_ws_ROB599/install/stage_ros2/lib/pkgconfig/stage_ros2.pc'
[1.268s] Level 1:colcon.colcon_core.environment:checking '/home/trueog/ros2_ws_ROB599/install/stage_ros2/lib/python3.12/site-packages'
[1.268s] Level 1:colcon.colcon_core.environment:checking '/home/trueog/ros2_ws_ROB599/install/stage_ros2/bin'
[1.269s] INFO:colcon.colcon_core.shell:Creating package script '/home/trueog/ros2_ws_ROB599/install/stage_ros2/share/stage_ros2/package.ps1'
[1.269s] INFO:colcon.colcon_core.shell:Creating package descriptor '/home/trueog/ros2_ws_ROB599/install/stage_ros2/share/stage_ros2/package.dsv'
[1.270s] INFO:colcon.colcon_core.shell:Creating package script '/home/trueog/ros2_ws_ROB599/install/stage_ros2/share/stage_ros2/package.sh'
[1.271s] INFO:colcon.colcon_core.shell:Creating package script '/home/trueog/ros2_ws_ROB599/install/stage_ros2/share/stage_ros2/package.bash'
[1.271s] INFO:colcon.colcon_core.shell:Creating package script '/home/trueog/ros2_ws_ROB599/install/stage_ros2/share/stage_ros2/package.zsh'
[1.272s] Level 1:colcon.colcon_core.environment:create_file_with_runtime_dependencies(/home/trueog/ros2_ws_ROB599/install/stage_ros2/share/colcon-core/packages/stage_ros2)
[1.566s] DEBUG:colcon.colcon_core.event_handler.log_command:Invoking command in '/home/trueog/ros2_ws_ROB599/src/hw2': DEBUGINFOD_URLS=https://debuginfod.ubuntu.com PYTHONPATH=/home/trueog/ros2_ws_ROB599/build/hw2/prefix_override:/usr/lib/python3/dist-packages/colcon_core/task/python/colcon_distutils_commands:/home/trueog/ros2_ws_ROB599/install/hw2/lib/python3.12/site-packages:${PYTHONPATH} /usr/bin/python3 -W ignore:setup.py install is deprecated -W ignore:easy_install command is deprecated setup.py egg_info --egg-base ../../build/hw2 build --build-base /home/trueog/ros2_ws_ROB599/build/hw2/build install --record /home/trueog/ros2_ws_ROB599/build/hw2/install.log --single-version-externally-managed install_data
[1.569s] DEBUG:colcon.colcon_core.event_handler.log_command:Invoking command in '/home/trueog/ros2_ws_ROB599/src/hw1': DEBUGINFOD_URLS=https://debuginfod.ubuntu.com PYTHONPATH=/home/trueog/ros2_ws_ROB599/build/hw1/prefix_override:/usr/lib/python3/dist-packages/colcon_core/task/python/colcon_distutils_commands:/home/trueog/ros2_ws_ROB599/install/hw1/lib/python3.12/site-packages:${PYTHONPATH} /usr/bin/python3 -W ignore:setup.py install is deprecated -W ignore:easy_install command is deprecated setup.py egg_info --egg-base ../../build/hw1 build --build-base /home/trueog/ros2_ws_ROB599/build/hw1/build install --record /home/trueog/ros2_ws_ROB599/build/hw1/install.log --single-version-externally-managed install_data
[1.578s] DEBUG:colcon.colcon_core.event_handler.log_command:Invoking command in '/home/trueog/ros2_ws_ROB599/src/hw3': DEBUGINFOD_URLS=https://debuginfod.ubuntu.com PYTHONPATH=/home/trueog/ros2_ws_ROB599/build/hw3/prefix_override:/usr/lib/python3/dist-packages/colcon_core/task/python/colcon_distutils_commands:/home/trueog/ros2_ws_ROB599/install/hw3/lib/python3.12/site-packages:${PYTHONPATH} /usr/bin/python3 -W ignore:setup.py install is deprecated -W ignore:easy_install command is deprecated setup.py egg_info --egg-base ../../build/hw3 build --build-base /home/trueog/ros2_ws_ROB599/build/hw3/build install --record /home/trueog/ros2_ws_ROB599/build/hw3/install.log --single-version-externally-managed install_data
[2.153s] Level 1:colcon.colcon_core.environment:checking '/home/trueog/ros2_ws_ROB599/install/hw2' for CMake module files
[2.154s] Level 1:colcon.colcon_core.environment:checking '/home/trueog/ros2_ws_ROB599/install/hw2' for CMake config files
[2.155s] Level 1:colcon.colcon_core.environment:checking '/home/trueog/ros2_ws_ROB599/install/hw2/lib'
[2.155s] Level 1:colcon.colcon_core.environment:checking '/home/trueog/ros2_ws_ROB599/install/hw2/bin'
[2.155s] Level 1:colcon.colcon_core.environment:checking '/home/trueog/ros2_ws_ROB599/install/hw2/lib/pkgconfig/hw2.pc'
[2.155s] Level 1:colcon.colcon_core.environment:checking '/home/trueog/ros2_ws_ROB599/install/hw2/lib/python3.12/site-packages'
[2.155s] Level 1:colcon.colcon_core.shell:create_environment_hook('hw2', 'pythonpath')
[2.155s] INFO:colcon.colcon_core.shell:Creating environment hook '/home/trueog/ros2_ws_ROB599/install/hw2/share/hw2/hook/pythonpath.ps1'
[2.157s] DEBUG:colcon.colcon_core.event_handler.log_command:Invoked command in '/home/trueog/ros2_ws_ROB599/src/hw2' returned '0': DEBUGINFOD_URLS=https://debuginfod.ubuntu.com PYTHONPATH=/home/trueog/ros2_ws_ROB599/build/hw2/prefix_override:/usr/lib/python3/dist-packages/colcon_core/task/python/colcon_distutils_commands:/home/trueog/ros2_ws_ROB599/install/hw2/lib/python3.12/site-packages:${PYTHONPATH} /usr/bin/python3 -W ignore:setup.py install is deprecated -W ignore:easy_install command is deprecated setup.py egg_info --egg-base ../../build/hw2 build --build-base /home/trueog/ros2_ws_ROB599/build/hw2/build install --record /home/trueog/ros2_ws_ROB599/build/hw2/install.log --single-version-externally-managed install_data
[2.157s] INFO:colcon.colcon_core.shell:Creating environment descriptor '/home/trueog/ros2_ws_ROB599/install/hw2/share/hw2/hook/pythonpath.dsv'
[2.158s] INFO:colcon.colcon_core.shell:Creating environment hook '/home/trueog/ros2_ws_ROB599/install/hw2/share/hw2/hook/pythonpath.sh'
[2.159s] Level 1:colcon.colcon_core.environment:checking '/home/trueog/ros2_ws_ROB599/install/hw2/bin'
[2.159s] Level 1:colcon.colcon_core.environment:create_environment_scripts_only(hw2)
[2.160s] INFO:colcon.colcon_core.shell:Creating package script '/home/trueog/ros2_ws_ROB599/install/hw2/share/hw2/package.ps1'
[2.160s] INFO:colcon.colcon_core.shell:Creating package descriptor '/home/trueog/ros2_ws_ROB599/install/hw2/share/hw2/package.dsv'
[2.161s] INFO:colcon.colcon_core.shell:Creating package script '/home/trueog/ros2_ws_ROB599/install/hw2/share/hw2/package.sh'
[2.161s] INFO:colcon.colcon_core.shell:Creating package script '/home/trueog/ros2_ws_ROB599/install/hw2/share/hw2/package.bash'
[2.162s] INFO:colcon.colcon_core.shell:Creating package script '/home/trueog/ros2_ws_ROB599/install/hw2/share/hw2/package.zsh'
[2.162s] Level 1:colcon.colcon_core.environment:create_file_with_runtime_dependencies(/home/trueog/ros2_ws_ROB599/install/hw2/share/colcon-core/packages/hw2)
[2.164s] Level 1:colcon.colcon_core.environment:checking '/home/trueog/ros2_ws_ROB599/install/hw1' for CMake module files
[2.165s] DEBUG:colcon.colcon_core.event_handler.log_command:Invoked command in '/home/trueog/ros2_ws_ROB599/src/hw1' returned '0': DEBUGINFOD_URLS=https://debuginfod.ubuntu.com PYTHONPATH=/home/trueog/ros2_ws_ROB599/build/hw1/prefix_override:/usr/lib/python3/dist-packages/colcon_core/task/python/colcon_distutils_commands:/home/trueog/ros2_ws_ROB599/install/hw1/lib/python3.12/site-packages:${PYTHONPATH} /usr/bin/python3 -W ignore:setup.py install is deprecated -W ignore:easy_install command is deprecated setup.py egg_info --egg-base ../../build/hw1 build --build-base /home/trueog/ros2_ws_ROB599/build/hw1/build install --record /home/trueog/ros2_ws_ROB599/build/hw1/install.log --single-version-externally-managed install_data
[2.165s] Level 1:colcon.colcon_core.environment:checking '/home/trueog/ros2_ws_ROB599/install/hw1' for CMake config files
[2.166s] Level 1:colcon.colcon_core.environment:checking '/home/trueog/ros2_ws_ROB599/install/hw1/lib'
[2.166s] Level 1:colcon.colcon_core.environment:checking '/home/trueog/ros2_ws_ROB599/install/hw1/bin'
[2.166s] Level 1:colcon.colcon_core.environment:checking '/home/trueog/ros2_ws_ROB599/install/hw1/lib/pkgconfig/hw1.pc'
[2.166s] Level 1:colcon.colcon_core.environment:checking '/home/trueog/ros2_ws_ROB599/install/hw1/lib/python3.12/site-packages'
[2.167s] Level 1:colcon.colcon_core.shell:create_environment_hook('hw1', 'pythonpath')
[2.167s] INFO:colcon.colcon_core.shell:Creating environment hook '/home/trueog/ros2_ws_ROB599/install/hw1/share/hw1/hook/pythonpath.ps1'
[2.167s] INFO:colcon.colcon_core.shell:Creating environment descriptor '/home/trueog/ros2_ws_ROB599/install/hw1/share/hw1/hook/pythonpath.dsv'
[2.168s] INFO:colcon.colcon_core.shell:Creating environment hook '/home/trueog/ros2_ws_ROB599/install/hw1/share/hw1/hook/pythonpath.sh'
[2.168s] Level 1:colcon.colcon_core.environment:checking '/home/trueog/ros2_ws_ROB599/install/hw1/bin'
[2.168s] Level 1:colcon.colcon_core.environment:create_environment_scripts_only(hw1)
[2.169s] INFO:colcon.colcon_core.shell:Creating package script '/home/trueog/ros2_ws_ROB599/install/hw1/share/hw1/package.ps1'
[2.169s] INFO:colcon.colcon_core.shell:Creating package descriptor '/home/trueog/ros2_ws_ROB599/install/hw1/share/hw1/package.dsv'
[2.170s] INFO:colcon.colcon_core.shell:Creating package script '/home/trueog/ros2_ws_ROB599/install/hw1/share/hw1/package.sh'
[2.170s] INFO:colcon.colcon_core.shell:Creating package script '/home/trueog/ros2_ws_ROB599/install/hw1/share/hw1/package.bash'
[2.170s] INFO:colcon.colcon_core.shell:Creating package script '/home/trueog/ros2_ws_ROB599/install/hw1/share/hw1/package.zsh'
[2.171s] Level 1:colcon.colcon_core.environment:create_file_with_runtime_dependencies(/home/trueog/ros2_ws_ROB599/install/hw1/share/colcon-core/packages/hw1)
[2.179s] Level 1:colcon.colcon_core.environment:checking '/home/trueog/ros2_ws_ROB599/install/hw3' for CMake module files
[2.179s] DEBUG:colcon.colcon_core.event_handler.log_command:Invoked command in '/home/trueog/ros2_ws_ROB599/src/hw3' returned '0': DEBUGINFOD_URLS=https://debuginfod.ubuntu.com PYTHONPATH=/home/trueog/ros2_ws_ROB599/build/hw3/prefix_override:/usr/lib/python3/dist-packages/colcon_core/task/python/colcon_distutils_commands:/home/trueog/ros2_ws_ROB599/install/hw3/lib/python3.12/site-packages:${PYTHONPATH} /usr/bin/python3 -W ignore:setup.py install is deprecated -W ignore:easy_install command is deprecated setup.py egg_info --egg-base ../../build/hw3 build --build-base /home/trueog/ros2_ws_ROB599/build/hw3/build install --record /home/trueog/ros2_ws_ROB599/build/hw3/install.log --single-version-externally-managed install_data
[2.180s] Level 1:colcon.colcon_core.environment:checking '/home/trueog/ros2_ws_ROB599/install/hw3' for CMake config files
[2.181s] Level 1:colcon.colcon_core.environment:checking '/home/trueog/ros2_ws_ROB599/install/hw3/lib'
[2.181s] Level 1:colcon.colcon_core.environment:checking '/home/trueog/ros2_ws_ROB599/install/hw3/bin'
[2.181s] Level 1:colcon.colcon_core.environment:checking '/home/trueog/ros2_ws_ROB599/install/hw3/lib/pkgconfig/hw3.pc'
[2.181s] Level 1:colcon.colcon_core.environment:checking '/home/trueog/ros2_ws_ROB599/install/hw3/lib/python3.12/site-packages'
[2.181s] Level 1:colcon.colcon_core.shell:create_environment_hook('hw3', 'pythonpath')
[2.181s] INFO:colcon.colcon_core.shell:Creating environment hook '/home/trueog/ros2_ws_ROB599/install/hw3/share/hw3/hook/pythonpath.ps1'
[2.182s] INFO:colcon.colcon_core.shell:Creating environment descriptor '/home/trueog/ros2_ws_ROB599/install/hw3/share/hw3/hook/pythonpath.dsv'
[2.182s] INFO:colcon.colcon_core.shell:Creating environment hook '/home/trueog/ros2_ws_ROB599/install/hw3/share/hw3/hook/pythonpath.sh'
[2.183s] Level 1:colcon.colcon_core.environment:checking '/home/trueog/ros2_ws_ROB599/install/hw3/bin'
[2.183s] Level 1:colcon.colcon_core.environment:create_environment_scripts_only(hw3)
[2.183s] INFO:colcon.colcon_core.shell:Creating package script '/home/trueog/ros2_ws_ROB599/install/hw3/share/hw3/package.ps1'
[2.184s] INFO:colcon.colcon_core.shell:Creating package descriptor '/home/trueog/ros2_ws_ROB599/install/hw3/share/hw3/package.dsv'
[2.184s] INFO:colcon.colcon_core.shell:Creating package script '/home/trueog/ros2_ws_ROB599/install/hw3/share/hw3/package.sh'
[2.184s] INFO:colcon.colcon_core.shell:Creating package script '/home/trueog/ros2_ws_ROB599/install/hw3/share/hw3/package.bash'
[2.185s] INFO:colcon.colcon_core.shell:Creating package script '/home/trueog/ros2_ws_ROB599/install/hw3/share/hw3/package.zsh'
[2.185s] Level 1:colcon.colcon_core.environment:create_file_with_runtime_dependencies(/home/trueog/ros2_ws_ROB599/install/hw3/share/colcon-core/packages/hw3)
[2.185s] DEBUG:colcon.colcon_parallel_executor.executor.parallel:closing loop
[2.186s] DEBUG:colcon.colcon_parallel_executor.executor.parallel:loop closed
[2.186s] DEBUG:colcon.colcon_parallel_executor.executor.parallel:run_until_complete finished with '0'
[2.186s] DEBUG:colcon.colcon_core.event_reactor:joining thread
[2.192s] INFO:colcon.colcon_core.plugin_system:Skipping extension 'colcon_notification.desktop_notification.terminal_notifier': Not used on non-Darwin systems
[2.192s] INFO:colcon.colcon_core.plugin_system:Skipping extension 'colcon_notification.desktop_notification.win32': Not used on non-Windows systems
[2.192s] INFO:colcon.colcon_notification.desktop_notification:Sending desktop notification using 'notify2'
[2.210s] DEBUG:colcon.colcon_core.event_reactor:joined thread
[2.210s] INFO:colcon.colcon_core.shell:Creating prefix script '/home/trueog/ros2_ws_ROB599/install/local_setup.ps1'
[2.211s] INFO:colcon.colcon_core.shell:Creating prefix util module '/home/trueog/ros2_ws_ROB599/install/_local_setup_util_ps1.py'
[2.212s] INFO:colcon.colcon_core.shell:Creating prefix chain script '/home/trueog/ros2_ws_ROB599/install/setup.ps1'
[2.212s] INFO:colcon.colcon_core.shell:Creating prefix script '/home/trueog/ros2_ws_ROB599/install/local_setup.sh'
[2.213s] INFO:colcon.colcon_core.shell:Creating prefix util module '/home/trueog/ros2_ws_ROB599/install/_local_setup_util_sh.py'
[2.213s] INFO:colcon.colcon_core.shell:Creating prefix chain script '/home/trueog/ros2_ws_ROB599/install/setup.sh'
[2.214s] INFO:colcon.colcon_core.shell:Creating prefix script '/home/trueog/ros2_ws_ROB599/install/local_setup.bash'
[2.215s] INFO:colcon.colcon_core.shell:Creating prefix chain script '/home/trueog/ros2_ws_ROB599/install/setup.bash'
[2.217s] INFO:colcon.colcon_core.shell:Creating prefix script '/home/trueog/ros2_ws_ROB599/install/local_setup.zsh'
[2.218s] INFO:colcon.colcon_core.shell:Creating prefix chain script '/home/trueog/ros2_ws_ROB599/install/setup.zsh'
