[0.682s] Invoking command in '/home/trueog/ros2_ws_ROB599/src/hw2': DEBUGINFOD_URLS=https://debuginfod.ubuntu.com PYTHONPATH=/home/trueog/ros2_ws_ROB599/src/hw2/build/hw2/prefix_override:/usr/lib/python3/dist-packages/colcon_core/task/python/colcon_distutils_commands:/home/trueog/ros2_ws_ROB599/src/hw2/install/hw2/lib/python3.12/site-packages:${PYTHONPATH} /usr/bin/python3 -W ignore:setup.py install is deprecated -W ignore:easy_install command is deprecated setup.py egg_info --egg-base build/hw2 build --build-base /home/trueog/ros2_ws_ROB599/src/hw2/build/hw2/build install --record /home/trueog/ros2_ws_ROB599/src/hw2/build/hw2/install.log --single-version-externally-managed install_data
[1.013s] running egg_info
[1.013s] creating build/hw2/hw2.egg-info
[1.033s] writing build/hw2/hw2.egg-info/PKG-INFO
[1.033s] writing dependency_links to build/hw2/hw2.egg-info/dependency_links.txt
[1.033s] writing entry points to build/hw2/hw2.egg-info/entry_points.txt
[1.033s] writing requirements to build/hw2/hw2.egg-info/requires.txt
[1.034s] writing top-level names to build/hw2/hw2.egg-info/top_level.txt
[1.034s] writing manifest file 'build/hw2/hw2.egg-info/SOURCES.txt'
[1.078s] reading manifest file 'build/hw2/hw2.egg-info/SOURCES.txt'
[1.079s] adding license file 'LICENSE'
[1.079s] writing manifest file 'build/hw2/hw2.egg-info/SOURCES.txt'
[1.079s] running build
[1.079s] running build_py
[1.079s] creating /home/trueog/ros2_ws_ROB599/src/hw2/build/hw2/build
[1.079s] creating /home/trueog/ros2_ws_ROB599/src/hw2/build/hw2/build/lib
[1.079s] creating /home/trueog/ros2_ws_ROB599/src/hw2/build/hw2/build/lib/hw2
[1.079s] copying hw2/hw2_controller.py -> /home/trueog/ros2_ws_ROB599/src/hw2/build/hw2/build/lib/hw2
[1.079s] copying hw2/__init__.py -> /home/trueog/ros2_ws_ROB599/src/hw2/build/hw2/build/lib/hw2
[1.079s] running install
[1.084s] running install_lib
[1.111s] creating /home/trueog/ros2_ws_ROB599/src/hw2/install/hw2/lib/python3.12/site-packages/hw2
[1.111s] copying /home/trueog/ros2_ws_ROB599/src/hw2/build/hw2/build/lib/hw2/hw2_controller.py -> /home/trueog/ros2_ws_ROB599/src/hw2/install/hw2/lib/python3.12/site-packages/hw2
[1.111s] copying /home/trueog/ros2_ws_ROB599/src/hw2/build/hw2/build/lib/hw2/__init__.py -> /home/trueog/ros2_ws_ROB599/src/hw2/install/hw2/lib/python3.12/site-packages/hw2
[1.111s] byte-compiling /home/trueog/ros2_ws_ROB599/src/hw2/install/hw2/lib/python3.12/site-packages/hw2/hw2_controller.py to hw2_controller.cpython-312.pyc
[1.113s] byte-compiling /home/trueog/ros2_ws_ROB599/src/hw2/install/hw2/lib/python3.12/site-packages/hw2/__init__.py to __init__.cpython-312.pyc
[1.113s] running install_data
[1.114s] creating /home/trueog/ros2_ws_ROB599/src/hw2/install/hw2/share/ament_index
[1.114s] creating /home/trueog/ros2_ws_ROB599/src/hw2/install/hw2/share/ament_index/resource_index
[1.114s] creating /home/trueog/ros2_ws_ROB599/src/hw2/install/hw2/share/ament_index/resource_index/packages
[1.114s] copying resource/hw2 -> /home/trueog/ros2_ws_ROB599/src/hw2/install/hw2/share/ament_index/resource_index/packages
[1.115s] copying package.xml -> /home/trueog/ros2_ws_ROB599/src/hw2/install/hw2/share/hw2
[1.117s] running install_egg_info
[1.138s] Copying build/hw2/hw2.egg-info to /home/trueog/ros2_ws_ROB599/src/hw2/install/hw2/lib/python3.12/site-packages/hw2-0.0.0-py3.12.egg-info
[1.142s] running install_scripts
[1.266s] Installing basic_controller script to /home/trueog/ros2_ws_ROB599/src/hw2/install/hw2/lib/hw2
[1.266s] writing list of installed files to '/home/trueog/ros2_ws_ROB599/src/hw2/build/hw2/install.log'
[1.294s] Invoked command in '/home/trueog/ros2_ws_ROB599/src/hw2' returned '0': DEBUGINFOD_URLS=https://debuginfod.ubuntu.com PYTHONPATH=/home/trueog/ros2_ws_ROB599/src/hw2/build/hw2/prefix_override:/usr/lib/python3/dist-packages/colcon_core/task/python/colcon_distutils_commands:/home/trueog/ros2_ws_ROB599/src/hw2/install/hw2/lib/python3.12/site-packages:${PYTHONPATH} /usr/bin/python3 -W ignore:setup.py install is deprecated -W ignore:easy_install command is deprecated setup.py egg_info --egg-base build/hw2 build --build-base /home/trueog/ros2_ws_ROB599/src/hw2/build/hw2/build install --record /home/trueog/ros2_ws_ROB599/src/hw2/build/hw2/install.log --single-version-externally-managed install_data
