running egg_info
creating ../../build/hw1/hw1.egg-info
writing ../../build/hw1/hw1.egg-info/PKG-INFO
writing dependency_links to ../../build/hw1/hw1.egg-info/dependency_links.txt
writing entry points to ../../build/hw1/hw1.egg-info/entry_points.txt
writing requirements to ../../build/hw1/hw1.egg-info/requires.txt
writing top-level names to ../../build/hw1/hw1.egg-info/top_level.txt
writing manifest file '../../build/hw1/hw1.egg-info/SOURCES.txt'
reading manifest file '../../build/hw1/hw1.egg-info/SOURCES.txt'
adding license file 'LICENSE'
writing manifest file '../../build/hw1/hw1.egg-info/SOURCES.txt'
running build
running build_py
creating /home/trueog/ros2_ws_ROB599/build/hw1/build
creating /home/trueog/ros2_ws_ROB599/build/hw1/build/lib
creating /home/trueog/ros2_ws_ROB599/build/hw1/build/lib/hw1
copying hw1/hw1_code.py -> /home/trueog/ros2_ws_ROB599/build/hw1/build/lib/hw1
copying hw1/__init__.py -> /home/trueog/ros2_ws_ROB599/build/hw1/build/lib/hw1
running install
running install_lib
creating /home/trueog/ros2_ws_ROB599/install/hw1/lib/python3.12/site-packages/hw1
copying /home/trueog/ros2_ws_ROB599/build/hw1/build/lib/hw1/hw1_code.py -> /home/trueog/ros2_ws_ROB599/install/hw1/lib/python3.12/site-packages/hw1
copying /home/trueog/ros2_ws_ROB599/build/hw1/build/lib/hw1/__init__.py -> /home/trueog/ros2_ws_ROB599/install/hw1/lib/python3.12/site-packages/hw1
byte-compiling /home/trueog/ros2_ws_ROB599/install/hw1/lib/python3.12/site-packages/hw1/hw1_code.py to hw1_code.cpython-312.pyc
byte-compiling /home/trueog/ros2_ws_ROB599/install/hw1/lib/python3.12/site-packages/hw1/__init__.py to __init__.cpython-312.pyc
running install_data
creating /home/trueog/ros2_ws_ROB599/install/hw1/share/ament_index
creating /home/trueog/ros2_ws_ROB599/install/hw1/share/ament_index/resource_index
creating /home/trueog/ros2_ws_ROB599/install/hw1/share/ament_index/resource_index/packages
copying resource/hw1 -> /home/trueog/ros2_ws_ROB599/install/hw1/share/ament_index/resource_index/packages
copying package.xml -> /home/trueog/ros2_ws_ROB599/install/hw1/share/hw1
creating /home/trueog/ros2_ws_ROB599/install/hw1/share/hw1/launch
copying launch/hw1_launch.py -> /home/trueog/ros2_ws_ROB599/install/hw1/share/hw1/launch
running install_egg_info
Copying ../../build/hw1/hw1.egg-info to /home/trueog/ros2_ws_ROB599/install/hw1/lib/python3.12/site-packages/hw1-0.0.0-py3.12.egg-info
running install_scripts
Installing move_node script to /home/trueog/ros2_ws_ROB599/install/hw1/lib/hw1
writing list of installed files to '/home/trueog/ros2_ws_ROB599/build/hw1/install.log'
