[0.011s] Invoking command in '/home/trueog/ros2_ws_ROB599/build/stage_ros2': CMAKE_PREFIX_PATH=/home/trueog/ros2_ws_ROB599/install/py_pubsub:/home/trueog/ros2_ws_ROB599/install/hw3:/home/trueog/ros2_ws_ROB599/install/hw2:/home/trueog/ros2_ws_ROB599/install/hw1:/opt/ros/kilted:/home/trueog/ros2_ws_ROB599/install/stage:/home/trueog/ros2_ws_ROB599/install/stage_ros2:/opt/ros/kilted/opt/gz_math_vendor:/opt/ros/kilted/opt/gz_utils_vendor:/opt/ros/kilted/opt/gz_cmake_vendor DEBUGINFOD_URLS=https://debuginfod.ubuntu.com LD_LIBRARY_PATH=/home/trueog/ros2_ws_ROB599/install/stage/lib:/home/trueog/ros2_ws_ROB599/install/stage_ros2/lib:/opt/ros/kilted/opt/zenoh_cpp_vendor/lib:/opt/ros/kilted/opt/gz_math_vendor/lib:/opt/ros/kilted/opt/gz_utils_vendor/lib:/opt/ros/kilted/opt/rviz_ogre_vendor/lib:/opt/ros/kilted/lib/x86_64-linux-gnu:/opt/ros/kilted/opt/gz_cmake_vendor/lib:/opt/ros/kilted/lib /usr/bin/cmake --build /home/trueog/ros2_ws_ROB599/build/stage_ros2 -- -j4 -l4
[0.157s] [ 71%] Built target stage_node
[0.190s] [100%] Built target stage_ros2
[0.207s] Invoked command in '/home/trueog/ros2_ws_ROB599/build/stage_ros2' returned '0': CMAKE_PREFIX_PATH=/home/trueog/ros2_ws_ROB599/install/py_pubsub:/home/trueog/ros2_ws_ROB599/install/hw3:/home/trueog/ros2_ws_ROB599/install/hw2:/home/trueog/ros2_ws_ROB599/install/hw1:/opt/ros/kilted:/home/trueog/ros2_ws_ROB599/install/stage:/home/trueog/ros2_ws_ROB599/install/stage_ros2:/opt/ros/kilted/opt/gz_math_vendor:/opt/ros/kilted/opt/gz_utils_vendor:/opt/ros/kilted/opt/gz_cmake_vendor DEBUGINFOD_URLS=https://debuginfod.ubuntu.com LD_LIBRARY_PATH=/home/trueog/ros2_ws_ROB599/install/stage/lib:/home/trueog/ros2_ws_ROB599/install/stage_ros2/lib:/opt/ros/kilted/opt/zenoh_cpp_vendor/lib:/opt/ros/kilted/opt/gz_math_vendor/lib:/opt/ros/kilted/opt/gz_utils_vendor/lib:/opt/ros/kilted/opt/rviz_ogre_vendor/lib:/opt/ros/kilted/lib/x86_64-linux-gnu:/opt/ros/kilted/opt/gz_cmake_vendor/lib:/opt/ros/kilted/lib /usr/bin/cmake --build /home/trueog/ros2_ws_ROB599/build/stage_ros2 -- -j4 -l4
[0.210s] Invoking command in '/home/trueog/ros2_ws_ROB599/build/stage_ros2': CMAKE_PREFIX_PATH=/home/trueog/ros2_ws_ROB599/install/py_pubsub:/home/trueog/ros2_ws_ROB599/install/hw3:/home/trueog/ros2_ws_ROB599/install/hw2:/home/trueog/ros2_ws_ROB599/install/hw1:/opt/ros/kilted:/home/trueog/ros2_ws_ROB599/install/stage:/home/trueog/ros2_ws_ROB599/install/stage_ros2:/opt/ros/kilted/opt/gz_math_vendor:/opt/ros/kilted/opt/gz_utils_vendor:/opt/ros/kilted/opt/gz_cmake_vendor DEBUGINFOD_URLS=https://debuginfod.ubuntu.com LD_LIBRARY_PATH=/home/trueog/ros2_ws_ROB599/install/stage/lib:/home/trueog/ros2_ws_ROB599/install/stage_ros2/lib:/opt/ros/kilted/opt/zenoh_cpp_vendor/lib:/opt/ros/kilted/opt/gz_math_vendor/lib:/opt/ros/kilted/opt/gz_utils_vendor/lib:/opt/ros/kilted/opt/rviz_ogre_vendor/lib:/opt/ros/kilted/lib/x86_64-linux-gnu:/opt/ros/kilted/opt/gz_cmake_vendor/lib:/opt/ros/kilted/lib /usr/bin/cmake --install /home/trueog/ros2_ws_ROB599/build/stage_ros2
[0.227s] -- Install configuration: ""
[0.230s] -- Up-to-date: /home/trueog/ros2_ws_ROB599/install/stage_ros2/share/stage_ros2/environment/library_path.sh
[0.231s] -- Up-to-date: /home/trueog/ros2_ws_ROB599/install/stage_ros2/share/stage_ros2/environment/library_path.dsv
[0.231s] -- Up-to-date: /home/trueog/ros2_ws_ROB599/install/stage_ros2/share/stage_ros2//launch
[0.231s] -- Up-to-date: /home/trueog/ros2_ws_ROB599/install/stage_ros2/share/stage_ros2//launch/demo.launch.py
[0.231s] -- Up-to-date: /home/trueog/ros2_ws_ROB599/install/stage_ros2/share/stage_ros2//launch/stage.launch.py
[0.231s] -- Up-to-date: /home/trueog/ros2_ws_ROB599/install/stage_ros2/share/stage_ros2//launch/open.launch .py
[0.231s] -- Up-to-date: /home/trueog/ros2_ws_ROB599/install/stage_ros2/share/stage_ros2//launch/rviz_ns.launch.py
[0.231s] -- Up-to-date: /home/trueog/ros2_ws_ROB599/install/stage_ros2/share/stage_ros2//launch/rviz.launch.py
[0.231s] -- Up-to-date: /home/trueog/ros2_ws_ROB599/install/stage_ros2/share/stage_ros2//launch/f710.launch.py
[0.231s] -- Up-to-date: /home/trueog/ros2_ws_ROB599/install/stage_ros2/share/stage_ros2//world
[0.231s] -- Up-to-date: /home/trueog/ros2_ws_ROB599/install/stage_ros2/share/stage_ros2//world/straden.world
[0.231s] -- Up-to-date: /home/trueog/ros2_ws_ROB599/install/stage_ros2/share/stage_ros2//world/hallway.world
[0.231s] -- Up-to-date: /home/trueog/ros2_ws_ROB599/install/stage_ros2/share/stage_ros2//world/cave_multi.world
[0.231s] -- Up-to-date: /home/trueog/ros2_ws_ROB599/install/stage_ros2/share/stage_ros2//world/cave.world
[0.231s] -- Up-to-date: /home/trueog/ros2_ws_ROB599/install/stage_ros2/share/stage_ros2//world/cave_seven_robots.world
[0.231s] -- Up-to-date: /home/trueog/ros2_ws_ROB599/install/stage_ros2/share/stage_ros2//world/lines.world
[0.231s] -- Up-to-date: /home/trueog/ros2_ws_ROB599/install/stage_ros2/share/stage_ros2//world/open.world
[0.231s] -- Up-to-date: /home/trueog/ros2_ws_ROB599/install/stage_ros2/share/stage_ros2//world/cave_three_robots.world
[0.231s] -- Up-to-date: /home/trueog/ros2_ws_ROB599/install/stage_ros2/share/stage_ros2//world/bitmaps
[0.231s] -- Up-to-date: /home/trueog/ros2_ws_ROB599/install/stage_ros2/share/stage_ros2//world/bitmaps/line.png
[0.232s] -- Up-to-date: /home/trueog/ros2_ws_ROB599/install/stage_ros2/share/stage_ros2//world/bitmaps/warehouse200.pgm
[0.232s] -- Up-to-date: /home/trueog/ros2_ws_ROB599/install/stage_ros2/share/stage_ros2//world/bitmaps/hallway.png
[0.232s] -- Up-to-date: /home/trueog/ros2_ws_ROB599/install/stage_ros2/share/stage_ros2//world/bitmaps/warehouse008.pgm
[0.232s] -- Up-to-date: /home/trueog/ros2_ws_ROB599/install/stage_ros2/share/stage_ros2//world/bitmaps/open.PNG
[0.232s] -- Up-to-date: /home/trueog/ros2_ws_ROB599/install/stage_ros2/share/stage_ros2//world/bitmaps/straden.png
[0.232s] -- Up-to-date: /home/trueog/ros2_ws_ROB599/install/stage_ros2/share/stage_ros2//world/bitmaps/cave.png
[0.232s] -- Up-to-date: /home/trueog/ros2_ws_ROB599/install/stage_ros2/share/stage_ros2//world/bitmaps/willow-full.pgm
[0.232s] -- Up-to-date: /home/trueog/ros2_ws_ROB599/install/stage_ros2/share/stage_ros2//world/bitmaps/warehouse032.pgm
[0.232s] -- Up-to-date: /home/trueog/ros2_ws_ROB599/install/stage_ros2/share/stage_ros2//world/bitmaps/hallway.pgm
[0.232s] -- Up-to-date: /home/trueog/ros2_ws_ROB599/install/stage_ros2/share/stage_ros2//world/willow-four-erratics-multisensor.world
[0.232s] -- Up-to-date: /home/trueog/ros2_ws_ROB599/install/stage_ros2/share/stage_ros2//world/include
[0.232s] -- Up-to-date: /home/trueog/ros2_ws_ROB599/install/stage_ros2/share/stage_ros2//world/include/robots.inc
[0.232s] -- Up-to-date: /home/trueog/ros2_ws_ROB599/install/stage_ros2/share/stage_ros2//world/include/pioneer2dx.inc
[0.232s] -- Up-to-date: /home/trueog/ros2_ws_ROB599/install/stage_ros2/share/stage_ros2//config
[0.234s] -- Up-to-date: /home/trueog/ros2_ws_ROB599/install/stage_ros2/share/stage_ros2//config/teleop_twist_joy
[0.234s] -- Up-to-date: /home/trueog/ros2_ws_ROB599/install/stage_ros2/share/stage_ros2//config/teleop_twist_joy/f710.config.yaml
[0.234s] -- Up-to-date: /home/trueog/ros2_ws_ROB599/install/stage_ros2/share/stage_ros2//config/rviz
[0.234s] -- Up-to-date: /home/trueog/ros2_ws_ROB599/install/stage_ros2/share/stage_ros2//config/rviz/robot_ns.rviz
[0.234s] -- Up-to-date: /home/trueog/ros2_ws_ROB599/install/stage_ros2/share/stage_ros2//config/rviz/cave_three_robots.rviz
[0.234s] -- Up-to-date: /home/trueog/ros2_ws_ROB599/install/stage_ros2/share/stage_ros2//config/rviz/open.rviz
[0.234s] -- Up-to-date: /home/trueog/ros2_ws_ROB599/install/stage_ros2/share/stage_ros2//config/rviz/cave.rviz
[0.234s] -- Up-to-date: /home/trueog/ros2_ws_ROB599/install/stage_ros2/share/stage_ros2//config/rviz/robot0.rviz
[0.234s] -- Up-to-date: /home/trueog/ros2_ws_ROB599/install/stage_ros2/share/stage_ros2//config/rviz/cave_seven_robots.rviz
[0.234s] -- Up-to-date: /home/trueog/ros2_ws_ROB599/install/stage_ros2/share/stage_ros2//config/rviz/lines.rviz
[0.234s] -- Up-to-date: /home/trueog/ros2_ws_ROB599/install/stage_ros2/share/stage_ros2//config/rviz/robot_ns_depth.rviz
[0.235s] -- Up-to-date: /home/trueog/ros2_ws_ROB599/install/stage_ros2/lib/libstage_node.so
[0.235s] -- Up-to-date: /home/trueog/ros2_ws_ROB599/install/stage_ros2/lib/stage_ros2/stage_ros2
[0.235s] -- Up-to-date: /home/trueog/ros2_ws_ROB599/install/stage_ros2/share/ament_index/resource_index/package_run_dependencies/stage_ros2
[0.235s] -- Up-to-date: /home/trueog/ros2_ws_ROB599/install/stage_ros2/share/ament_index/resource_index/parent_prefix_path/stage_ros2
[0.235s] -- Up-to-date: /home/trueog/ros2_ws_ROB599/install/stage_ros2/share/stage_ros2/environment/ament_prefix_path.sh
[0.235s] -- Up-to-date: /home/trueog/ros2_ws_ROB599/install/stage_ros2/share/stage_ros2/environment/ament_prefix_path.dsv
[0.235s] -- Up-to-date: /home/trueog/ros2_ws_ROB599/install/stage_ros2/share/stage_ros2/environment/path.sh
[0.235s] -- Up-to-date: /home/trueog/ros2_ws_ROB599/install/stage_ros2/share/stage_ros2/environment/path.dsv
[0.235s] -- Up-to-date: /home/trueog/ros2_ws_ROB599/install/stage_ros2/share/stage_ros2/local_setup.bash
[0.235s] -- Up-to-date: /home/trueog/ros2_ws_ROB599/install/stage_ros2/share/stage_ros2/local_setup.sh
[0.235s] -- Up-to-date: /home/trueog/ros2_ws_ROB599/install/stage_ros2/share/stage_ros2/local_setup.zsh
[0.236s] -- Up-to-date: /home/trueog/ros2_ws_ROB599/install/stage_ros2/share/stage_ros2/local_setup.dsv
[0.236s] -- Installing: /home/trueog/ros2_ws_ROB599/install/stage_ros2/share/stage_ros2/package.dsv
[0.236s] -- Up-to-date: /home/trueog/ros2_ws_ROB599/install/stage_ros2/share/ament_index/resource_index/packages/stage_ros2
[0.241s] -- Up-to-date: /home/trueog/ros2_ws_ROB599/install/stage_ros2/share/stage_ros2/cmake/stage_ros2Config.cmake
[0.241s] -- Up-to-date: /home/trueog/ros2_ws_ROB599/install/stage_ros2/share/stage_ros2/cmake/stage_ros2Config-version.cmake
[0.241s] -- Up-to-date: /home/trueog/ros2_ws_ROB599/install/stage_ros2/share/stage_ros2/package.xml
[0.241s] Invoked command in '/home/trueog/ros2_ws_ROB599/build/stage_ros2' returned '0': CMAKE_PREFIX_PATH=/home/trueog/ros2_ws_ROB599/install/py_pubsub:/home/trueog/ros2_ws_ROB599/install/hw3:/home/trueog/ros2_ws_ROB599/install/hw2:/home/trueog/ros2_ws_ROB599/install/hw1:/opt/ros/kilted:/home/trueog/ros2_ws_ROB599/install/stage:/home/trueog/ros2_ws_ROB599/install/stage_ros2:/opt/ros/kilted/opt/gz_math_vendor:/opt/ros/kilted/opt/gz_utils_vendor:/opt/ros/kilted/opt/gz_cmake_vendor DEBUGINFOD_URLS=https://debuginfod.ubuntu.com LD_LIBRARY_PATH=/home/trueog/ros2_ws_ROB599/install/stage/lib:/home/trueog/ros2_ws_ROB599/install/stage_ros2/lib:/opt/ros/kilted/opt/zenoh_cpp_vendor/lib:/opt/ros/kilted/opt/gz_math_vendor/lib:/opt/ros/kilted/opt/gz_utils_vendor/lib:/opt/ros/kilted/opt/rviz_ogre_vendor/lib:/opt/ros/kilted/lib/x86_64-linux-gnu:/opt/ros/kilted/opt/gz_cmake_vendor/lib:/opt/ros/kilted/lib /usr/bin/cmake --install /home/trueog/ros2_ws_ROB599/build/stage_ros2
