[0.781s] Invoking command in '/home/trueog/ros2_ws_ROB599/src/hw3': DEBUGINFOD_URLS=https://debuginfod.ubuntu.com PYTHONPATH=/home/trueog/ros2_ws_ROB599/build/hw3/prefix_override:/usr/lib/python3/dist-packages/colcon_core/task/python/colcon_distutils_commands:/home/trueog/ros2_ws_ROB599/install/hw3/lib/python3.12/site-packages:${PYTHONPATH} /usr/bin/python3 -W ignore:setup.py install is deprecated -W ignore:easy_install command is deprecated setup.py egg_info --egg-base ../../build/hw3 build --build-base /home/trueog/ros2_ws_ROB599/build/hw3/build install --record /home/trueog/ros2_ws_ROB599/build/hw3/install.log --single-version-externally-managed install_data
[1.030s] running egg_info
[1.048s] writing ../../build/hw3/hw3.egg-info/PKG-INFO
[1.049s] writing dependency_links to ../../build/hw3/hw3.egg-info/dependency_links.txt
[1.049s] writing entry points to ../../build/hw3/hw3.egg-info/entry_points.txt
[1.049s] writing requirements to ../../build/hw3/hw3.egg-info/requires.txt
[1.050s] writing top-level names to ../../build/hw3/hw3.egg-info/top_level.txt
[1.082s] reading manifest file '../../build/hw3/hw3.egg-info/SOURCES.txt'
[1.082s] adding license file 'LICENSE'
[1.082s] writing manifest file '../../build/hw3/hw3.egg-info/SOURCES.txt'
[1.082s] running build
[1.082s] running build_py
[1.083s] copying hw3/test.py -> /home/trueog/ros2_ws_ROB599/build/hw3/build/lib/hw3
[1.083s] copying hw3/path_planning.py -> /home/trueog/ros2_ws_ROB599/build/hw3/build/lib/hw3
[1.083s] running install
[1.090s] running install_lib
[1.111s] copying /home/trueog/ros2_ws_ROB599/build/hw3/build/lib/hw3/test.py -> /home/trueog/ros2_ws_ROB599/install/hw3/lib/python3.12/site-packages/hw3
[1.111s] copying /home/trueog/ros2_ws_ROB599/build/hw3/build/lib/hw3/path_planning.py -> /home/trueog/ros2_ws_ROB599/install/hw3/lib/python3.12/site-packages/hw3
[1.112s] byte-compiling /home/trueog/ros2_ws_ROB599/install/hw3/lib/python3.12/site-packages/hw3/test.py to test.cpython-312.pyc
[1.114s] byte-compiling /home/trueog/ros2_ws_ROB599/install/hw3/lib/python3.12/site-packages/hw3/path_planning.py to path_planning.cpython-312.pyc
[1.116s] running install_data
[1.117s] running install_egg_info
[1.136s] removing '/home/trueog/ros2_ws_ROB599/install/hw3/lib/python3.12/site-packages/hw3-0.0.0-py3.12.egg-info' (and everything under it)
[1.138s] Copying ../../build/hw3/hw3.egg-info to /home/trueog/ros2_ws_ROB599/install/hw3/lib/python3.12/site-packages/hw3-0.0.0-py3.12.egg-info
[1.139s] running install_scripts
[1.263s] Installing hw3_controller script to /home/trueog/ros2_ws_ROB599/install/hw3/lib/hw3
[1.264s] Installing map script to /home/trueog/ros2_ws_ROB599/install/hw3/lib/hw3
[1.264s] Installing path script to /home/trueog/ros2_ws_ROB599/install/hw3/lib/hw3
[1.265s] writing list of installed files to '/home/trueog/ros2_ws_ROB599/build/hw3/install.log'
[1.288s] Invoked command in '/home/trueog/ros2_ws_ROB599/src/hw3' returned '0': DEBUGINFOD_URLS=https://debuginfod.ubuntu.com PYTHONPATH=/home/trueog/ros2_ws_ROB599/build/hw3/prefix_override:/usr/lib/python3/dist-packages/colcon_core/task/python/colcon_distutils_commands:/home/trueog/ros2_ws_ROB599/install/hw3/lib/python3.12/site-packages:${PYTHONPATH} /usr/bin/python3 -W ignore:setup.py install is deprecated -W ignore:easy_install command is deprecated setup.py egg_info --egg-base ../../build/hw3 build --build-base /home/trueog/ros2_ws_ROB599/build/hw3/build install --record /home/trueog/ros2_ws_ROB599/build/hw3/install.log --single-version-externally-managed install_data
