/home/trueog/ros2_ws_ROB599/install/hw2/lib/python3.12/site-packages/hw2/obstacle_avoidance.py
/home/trueog/ros2_ws_ROB599/install/hw2/lib/python3.12/site-packages/hw2/hw2_controller.py
/home/trueog/ros2_ws_ROB599/install/hw2/lib/python3.12/site-packages/hw2/test.py
/home/trueog/ros2_ws_ROB599/install/hw2/lib/python3.12/site-packages/hw2/__init__.py
/home/trueog/ros2_ws_ROB599/install/hw2/lib/python3.12/site-packages/hw2/apf_failed.py
/home/trueog/ros2_ws_ROB599/install/hw2/lib/python3.12/site-packages/hw2/__pycache__/obstacle_avoidance.cpython-312.pyc
/home/trueog/ros2_ws_ROB599/install/hw2/lib/python3.12/site-packages/hw2/__pycache__/hw2_controller.cpython-312.pyc
/home/trueog/ros2_ws_ROB599/install/hw2/lib/python3.12/site-packages/hw2/__pycache__/test.cpython-312.pyc
/home/trueog/ros2_ws_ROB599/install/hw2/lib/python3.12/site-packages/hw2/__pycache__/__init__.cpython-312.pyc
/home/trueog/ros2_ws_ROB599/install/hw2/lib/python3.12/site-packages/hw2/__pycache__/apf_failed.cpython-312.pyc
/home/trueog/ros2_ws_ROB599/install/hw2/share/ament_index/resource_index/packages/hw2
/home/trueog/ros2_ws_ROB599/install/hw2/share/hw2/package.xml
/home/trueog/ros2_ws_ROB599/install/hw2/share/hw2/launch/hw2_stage.launch.py
/home/trueog/ros2_ws_ROB599/install/hw2/share/hw2/launch/controller.launch.py
/home/trueog/ros2_ws_ROB599/install/hw2/share/hw2/config/rviz/robot_ns.rviz
/home/trueog/ros2_ws_ROB599/install/hw2/share/hw2/config/rviz/open.rviz
/home/trueog/ros2_ws_ROB599/install/hw2/share/hw2/config/rviz/simple_inside.rviz
/home/trueog/ros2_ws_ROB599/install/hw2/share/hw2/config/rviz/robot0.rviz
/home/trueog/ros2_ws_ROB599/install/hw2/share/hw2/config/rviz/robot_ns_depth.rviz
/home/trueog/ros2_ws_ROB599/install/hw2/share/hw2/world/open_j.world
/home/trueog/ros2_ws_ROB599/install/hw2/share/hw2/world/building_world.world
/home/trueog/ros2_ws_ROB599/install/hw2/share/hw2/world/simple_inside.world
/home/trueog/ros2_ws_ROB599/install/hw2/share/hw2/world/hexagon.world
/home/trueog/ros2_ws_ROB599/install/hw2/share/hw2/world/open.world
/home/trueog/ros2_ws_ROB599/install/hw2/share/hw2/world/open_world.world
/home/trueog/ros2_ws_ROB599/install/hw2/share/hw2/world/include/robots.inc
/home/trueog/ros2_ws_ROB599/install/hw2/share/hw2/world/include/map.inc
/home/trueog/ros2_ws_ROB599/install/hw2/share/hw2/world/include/pioneer2dx.inc
/home/trueog/ros2_ws_ROB599/install/hw2/share/hw2/world/include/box.inc
/home/trueog/ros2_ws_ROB599/install/hw2/share/hw2/world/bitmaps/open_world.png
/home/trueog/ros2_ws_ROB599/install/hw2/share/hw2/world/bitmaps/open.PNG
/home/trueog/ros2_ws_ROB599/install/hw2/share/hw2/world/bitmaps/Basic.png
/home/trueog/ros2_ws_ROB599/install/hw2/share/hw2/world/bitmaps/building_world.png
/home/trueog/ros2_ws_ROB599/install/hw2/share/hw2/world/bitmaps/Hexagon.png
/home/trueog/ros2_ws_ROB599/install/hw2/share/hw2/world/bitmaps/simple_inside.PNG
/home/trueog/ros2_ws_ROB599/install/hw2/lib/python3.12/site-packages/hw2-0.0.0-py3.12.egg-info/zip-safe
/home/trueog/ros2_ws_ROB599/install/hw2/lib/python3.12/site-packages/hw2-0.0.0-py3.12.egg-info/PKG-INFO
/home/trueog/ros2_ws_ROB599/install/hw2/lib/python3.12/site-packages/hw2-0.0.0-py3.12.egg-info/dependency_links.txt
/home/trueog/ros2_ws_ROB599/install/hw2/lib/python3.12/site-packages/hw2-0.0.0-py3.12.egg-info/SOURCES.txt
/home/trueog/ros2_ws_ROB599/install/hw2/lib/python3.12/site-packages/hw2-0.0.0-py3.12.egg-info/requires.txt
/home/trueog/ros2_ws_ROB599/install/hw2/lib/python3.12/site-packages/hw2-0.0.0-py3.12.egg-info/entry_points.txt
/home/trueog/ros2_ws_ROB599/install/hw2/lib/python3.12/site-packages/hw2-0.0.0-py3.12.egg-info/top_level.txt
/home/trueog/ros2_ws_ROB599/install/hw2/lib/hw2/apf
/home/trueog/ros2_ws_ROB599/install/hw2/lib/hw2/basic_controller
