[0.722s] Invoking command in '/home/trueog/ros2_ws_ROB599/src/hw3/build/hw3': DEBUGINFOD_URLS=https://debuginfod.ubuntu.com PYTHONPATH=/home/trueog/ros2_ws_ROB599/src/hw3/build/hw3/prefix_override:/usr/lib/python3/dist-packages/colcon_core/task/python/colcon_distutils_commands:/home/trueog/ros2_ws_ROB599/src/hw3/install/hw3/lib/python3.12/site-packages:${PYTHONPATH} /usr/bin/python3 -W ignore:setup.py install is deprecated -W ignore:easy_install command is deprecated setup.py develop --uninstall --editable --build-directory /home/trueog/ros2_ws_ROB599/src/hw3/build/hw3/build
[1.001s] running develop
[1.173s] Removing /home/trueog/ros2_ws_ROB599/src/hw3/install/hw3/lib/python3.12/site-packages/hw3.egg-link (link to .)
[1.206s] Invoked command in '/home/trueog/ros2_ws_ROB599/src/hw3/build/hw3' returned '0': DEBUGINFOD_URLS=https://debuginfod.ubuntu.com PYTHONPATH=/home/trueog/ros2_ws_ROB599/src/hw3/build/hw3/prefix_override:/usr/lib/python3/dist-packages/colcon_core/task/python/colcon_distutils_commands:/home/trueog/ros2_ws_ROB599/src/hw3/install/hw3/lib/python3.12/site-packages:${PYTHONPATH} /usr/bin/python3 -W ignore:setup.py install is deprecated -W ignore:easy_install command is deprecated setup.py develop --uninstall --editable --build-directory /home/trueog/ros2_ws_ROB599/src/hw3/build/hw3/build
[1.207s] Invoking command in '/home/trueog/ros2_ws_ROB599/src/hw3': DEBUGINFOD_URLS=https://debuginfod.ubuntu.com PYTHONPATH=/home/trueog/ros2_ws_ROB599/src/hw3/build/hw3/prefix_override:/usr/lib/python3/dist-packages/colcon_core/task/python/colcon_distutils_commands:/home/trueog/ros2_ws_ROB599/src/hw3/install/hw3/lib/python3.12/site-packages:${PYTHONPATH} /usr/bin/python3 -W ignore:setup.py install is deprecated -W ignore:easy_install command is deprecated setup.py egg_info --egg-base build/hw3 build --build-base /home/trueog/ros2_ws_ROB599/src/hw3/build/hw3/build install --record /home/trueog/ros2_ws_ROB599/src/hw3/build/hw3/install.log --single-version-externally-managed install_data --force
[1.440s] running egg_info
[1.458s] writing build/hw3/hw3.egg-info/PKG-INFO
[1.458s] writing dependency_links to build/hw3/hw3.egg-info/dependency_links.txt
[1.458s] writing entry points to build/hw3/hw3.egg-info/entry_points.txt
[1.461s] writing requirements to build/hw3/hw3.egg-info/requires.txt
[1.461s] writing top-level names to build/hw3/hw3.egg-info/top_level.txt
[1.492s] reading manifest file 'build/hw3/hw3.egg-info/SOURCES.txt'
[1.492s] adding license file 'LICENSE'
[1.493s] writing manifest file 'build/hw3/hw3.egg-info/SOURCES.txt'
[1.493s] running build
[1.493s] running build_py
[1.494s] copying hw3/hw3_controller.py -> /home/trueog/ros2_ws_ROB599/src/hw3/build/hw3/build/lib/hw3
[1.494s] running install
[1.499s] running install_lib
[1.515s] creating /home/trueog/ros2_ws_ROB599/src/hw3/install/hw3/lib/python3.12/site-packages/hw3
[1.515s] copying /home/trueog/ros2_ws_ROB599/src/hw3/build/hw3/build/lib/hw3/hw3_controller.py -> /home/trueog/ros2_ws_ROB599/src/hw3/install/hw3/lib/python3.12/site-packages/hw3
[1.515s] copying /home/trueog/ros2_ws_ROB599/src/hw3/build/hw3/build/lib/hw3/mapping.py -> /home/trueog/ros2_ws_ROB599/src/hw3/install/hw3/lib/python3.12/site-packages/hw3
[1.515s] copying /home/trueog/ros2_ws_ROB599/src/hw3/build/hw3/build/lib/hw3/__init__.py -> /home/trueog/ros2_ws_ROB599/src/hw3/install/hw3/lib/python3.12/site-packages/hw3
[1.516s] byte-compiling /home/trueog/ros2_ws_ROB599/src/hw3/install/hw3/lib/python3.12/site-packages/hw3/hw3_controller.py to hw3_controller.cpython-312.pyc
[1.517s] byte-compiling /home/trueog/ros2_ws_ROB599/src/hw3/install/hw3/lib/python3.12/site-packages/hw3/mapping.py to mapping.cpython-312.pyc
[1.519s] byte-compiling /home/trueog/ros2_ws_ROB599/src/hw3/install/hw3/lib/python3.12/site-packages/hw3/__init__.py to __init__.cpython-312.pyc
[1.519s] running install_data
[1.519s] copying resource/hw3 -> /home/trueog/ros2_ws_ROB599/src/hw3/install/hw3/share/ament_index/resource_index/packages
[1.519s] copying package.xml -> /home/trueog/ros2_ws_ROB599/src/hw3/install/hw3/share/hw3
[1.519s] running install_egg_info
[1.538s] Copying build/hw3/hw3.egg-info to /home/trueog/ros2_ws_ROB599/src/hw3/install/hw3/lib/python3.12/site-packages/hw3-0.0.0-py3.12.egg-info
[1.538s] running install_scripts
[1.657s] Installing hw3_controller script to /home/trueog/ros2_ws_ROB599/src/hw3/install/hw3/lib/hw3
[1.657s] Installing map script to /home/trueog/ros2_ws_ROB599/src/hw3/install/hw3/lib/hw3
[1.660s] writing list of installed files to '/home/trueog/ros2_ws_ROB599/src/hw3/build/hw3/install.log'
[1.687s] Invoked command in '/home/trueog/ros2_ws_ROB599/src/hw3' returned '0': DEBUGINFOD_URLS=https://debuginfod.ubuntu.com PYTHONPATH=/home/trueog/ros2_ws_ROB599/src/hw3/build/hw3/prefix_override:/usr/lib/python3/dist-packages/colcon_core/task/python/colcon_distutils_commands:/home/trueog/ros2_ws_ROB599/src/hw3/install/hw3/lib/python3.12/site-packages:${PYTHONPATH} /usr/bin/python3 -W ignore:setup.py install is deprecated -W ignore:easy_install command is deprecated setup.py egg_info --egg-base build/hw3 build --build-base /home/trueog/ros2_ws_ROB599/src/hw3/build/hw3/build install --record /home/trueog/ros2_ws_ROB599/src/hw3/build/hw3/install.log --single-version-externally-managed install_data --force
