[0.817s] Invoking command in '/home/trueog/ros2_ws_ROB599/src/hw2': DEBUGINFOD_URLS=https://debuginfod.ubuntu.com PYTHONPATH=/home/trueog/ros2_ws_ROB599/src/hw2/build/hw2/prefix_override:/usr/lib/python3/dist-packages/colcon_core/task/python/colcon_distutils_commands:/home/trueog/ros2_ws_ROB599/src/hw2/install/hw2/lib/python3.12/site-packages:${PYTHONPATH} /usr/bin/python3 -W ignore:setup.py install is deprecated -W ignore:easy_install command is deprecated setup.py egg_info --egg-base build/hw2 build --build-base /home/trueog/ros2_ws_ROB599/src/hw2/build/hw2/build install --record /home/trueog/ros2_ws_ROB599/src/hw2/build/hw2/install.log --single-version-externally-managed install_data
[1.091s] running egg_info
[1.110s] writing build/hw2/hw2.egg-info/PKG-INFO
[1.112s] writing dependency_links to build/hw2/hw2.egg-info/dependency_links.txt
[1.112s] writing entry points to build/hw2/hw2.egg-info/entry_points.txt
[1.112s] writing requirements to build/hw2/hw2.egg-info/requires.txt
[1.112s] writing top-level names to build/hw2/hw2.egg-info/top_level.txt
[1.146s] reading manifest file 'build/hw2/hw2.egg-info/SOURCES.txt'
[1.146s] adding license file 'LICENSE'
[1.147s] writing manifest file 'build/hw2/hw2.egg-info/SOURCES.txt'
[1.147s] running build
[1.147s] running build_py
[1.147s] copying hw2/hw2_controller.py -> /home/trueog/ros2_ws_ROB599/src/hw2/build/hw2/build/lib/hw2
[1.148s] running install
[1.153s] running install_lib
[1.171s] copying /home/trueog/ros2_ws_ROB599/src/hw2/build/hw2/build/lib/hw2/hw2_controller.py -> /home/trueog/ros2_ws_ROB599/src/hw2/install/hw2/lib/python3.12/site-packages/hw2
[1.171s] byte-compiling /home/trueog/ros2_ws_ROB599/src/hw2/install/hw2/lib/python3.12/site-packages/hw2/hw2_controller.py to hw2_controller.cpython-312.pyc
[1.173s] running install_data
[1.173s] running install_egg_info
[1.193s] removing '/home/trueog/ros2_ws_ROB599/src/hw2/install/hw2/lib/python3.12/site-packages/hw2-0.0.0-py3.12.egg-info' (and everything under it)
[1.193s] Copying build/hw2/hw2.egg-info to /home/trueog/ros2_ws_ROB599/src/hw2/install/hw2/lib/python3.12/site-packages/hw2-0.0.0-py3.12.egg-info
[1.194s] running install_scripts
[1.313s] Installing basic_controller script to /home/trueog/ros2_ws_ROB599/src/hw2/install/hw2/lib/hw2
[1.313s] writing list of installed files to '/home/trueog/ros2_ws_ROB599/src/hw2/build/hw2/install.log'
[1.349s] Invoked command in '/home/trueog/ros2_ws_ROB599/src/hw2' returned '0': DEBUGINFOD_URLS=https://debuginfod.ubuntu.com PYTHONPATH=/home/trueog/ros2_ws_ROB599/src/hw2/build/hw2/prefix_override:/usr/lib/python3/dist-packages/colcon_core/task/python/colcon_distutils_commands:/home/trueog/ros2_ws_ROB599/src/hw2/install/hw2/lib/python3.12/site-packages:${PYTHONPATH} /usr/bin/python3 -W ignore:setup.py install is deprecated -W ignore:easy_install command is deprecated setup.py egg_info --egg-base build/hw2 build --build-base /home/trueog/ros2_ws_ROB599/src/hw2/build/hw2/build install --record /home/trueog/ros2_ws_ROB599/src/hw2/build/hw2/install.log --single-version-externally-managed install_data
