[1.366s] Invoking command in '/home/trueog/ros2_ws_ROB599/src/hw2': DEBUGINFOD_URLS=https://debuginfod.ubuntu.com PYTHONPATH=/home/trueog/ros2_ws_ROB599/build/hw2/prefix_override:/usr/lib/python3/dist-packages/colcon_core/task/python/colcon_distutils_commands:/home/trueog/ros2_ws_ROB599/install/hw2/lib/python3.12/site-packages:${PYTHONPATH} /usr/bin/python3 -W ignore:setup.py install is deprecated -W ignore:easy_install command is deprecated setup.py egg_info --egg-base ../../build/hw2 build --build-base /home/trueog/ros2_ws_ROB599/build/hw2/build install --record /home/trueog/ros2_ws_ROB599/build/hw2/install.log --single-version-externally-managed install_data
[1.666s] running egg_info
[1.686s] writing ../../build/hw2/hw2.egg-info/PKG-INFO
[1.687s] writing dependency_links to ../../build/hw2/hw2.egg-info/dependency_links.txt
[1.688s] writing entry points to ../../build/hw2/hw2.egg-info/entry_points.txt
[1.689s] writing requirements to ../../build/hw2/hw2.egg-info/requires.txt
[1.689s] writing top-level names to ../../build/hw2/hw2.egg-info/top_level.txt
[1.733s] reading manifest file '../../build/hw2/hw2.egg-info/SOURCES.txt'
[1.739s] adding license file 'LICENSE'
[1.740s] writing manifest file '../../build/hw2/hw2.egg-info/SOURCES.txt'
[1.740s] running build
[1.740s] running build_py
[1.741s] running install
[1.752s] running install_lib
[1.773s] running install_data
[1.773s] running install_egg_info
[1.795s] removing '/home/trueog/ros2_ws_ROB599/install/hw2/lib/python3.12/site-packages/hw2-0.0.0-py3.12.egg-info' (and everything under it)
[1.795s] Copying ../../build/hw2/hw2.egg-info to /home/trueog/ros2_ws_ROB599/install/hw2/lib/python3.12/site-packages/hw2-0.0.0-py3.12.egg-info
[1.796s] running install_scripts
[1.935s] Installing apf script to /home/trueog/ros2_ws_ROB599/install/hw2/lib/hw2
[1.935s] Installing basic_controller script to /home/trueog/ros2_ws_ROB599/install/hw2/lib/hw2
[1.936s] writing list of installed files to '/home/trueog/ros2_ws_ROB599/build/hw2/install.log'
[1.967s] Invoked command in '/home/trueog/ros2_ws_ROB599/src/hw2' returned '0': DEBUGINFOD_URLS=https://debuginfod.ubuntu.com PYTHONPATH=/home/trueog/ros2_ws_ROB599/build/hw2/prefix_override:/usr/lib/python3/dist-packages/colcon_core/task/python/colcon_distutils_commands:/home/trueog/ros2_ws_ROB599/install/hw2/lib/python3.12/site-packages:${PYTHONPATH} /usr/bin/python3 -W ignore:setup.py install is deprecated -W ignore:easy_install command is deprecated setup.py egg_info --egg-base ../../build/hw2 build --build-base /home/trueog/ros2_ws_ROB599/build/hw2/build install --record /home/trueog/ros2_ws_ROB599/build/hw2/install.log --single-version-externally-managed install_data
