[0.080s] DEBUG:colcon:Command line arguments: ['/usr/bin/colcon', 'build']
[0.080s] DEBUG:colcon:Parsed command line arguments: Namespace(log_base=None, log_level=None, verb_name='build', build_base='build', install_base='install', merge_install=False, symlink_install=False, test_result_base=None, continue_on_error=False, executor='parallel', parallel_workers=4, event_handlers=None, ignore_user_meta=False, metas=['./colcon.meta'], base_paths=['.'], packages_ignore=None, packages_ignore_regex=None, paths=None, packages_up_to=None, packages_up_to_regex=None, packages_above=None, packages_above_and_dependencies=None, packages_above_depth=None, packages_select_by_dep=None, packages_skip_by_dep=None, packages_skip_up_to=None, packages_select_build_failed=False, packages_skip_build_finished=False, packages_select_test_failures=False, packages_skip_test_passed=False, packages_select=None, packages_skip=None, packages_select_regex=None, packages_skip_regex=None, packages_start=None, packages_end=None, allow_overriding=[], cmake_args=None, cmake_target=None, cmake_target_skip_unavailable=False, cmake_clean_cache=False, cmake_clean_first=False, cmake_force_configure=False, ament_cmake_args=None, catkin_cmake_args=None, catkin_skip_building_tests=False, mixin_files=None, mixin=None, verb_parser=<colcon_mixin.mixin.mixin_argument.MixinArgumentDecorator object at 0x71fff8b953a0>, verb_extension=<colcon_core.verb.build.BuildVerb object at 0x71fff8cb9010>, main=<bound method BuildVerb.main of <colcon_core.verb.build.BuildVerb object at 0x71fff8cb9010>>, mixin_verb=('build',))
[0.112s] Level 1:colcon.colcon_core.package_discovery:discover_packages(colcon_meta) check parameters
[0.112s] Level 1:colcon.colcon_core.package_discovery:discover_packages(recursive) check parameters
[0.112s] Level 1:colcon.colcon_core.package_discovery:discover_packages(ignore) check parameters
[0.112s] Level 1:colcon.colcon_core.package_discovery:discover_packages(path) check parameters
[0.112s] Level 1:colcon.colcon_core.package_discovery:discover_packages(colcon_meta) discover
[0.112s] Level 1:colcon.colcon_core.package_discovery:discover_packages(recursive) discover
[0.112s] INFO:colcon.colcon_core.package_discovery:Crawling recursively for packages in '/home/trueog/ros2_ws_ROB599'
[0.112s] Level 1:colcon.colcon_core.package_identification:_identify(.) by extensions ['ignore', 'ignore_ament_install']
[0.113s] Level 1:colcon.colcon_core.package_identification:_identify(.) by extension 'ignore'
[0.113s] Level 1:colcon.colcon_core.package_identification:_identify(.) by extension 'ignore_ament_install'
[0.113s] Level 1:colcon.colcon_core.package_identification:_identify(.) by extensions ['colcon_pkg']
[0.113s] Level 1:colcon.colcon_core.package_identification:_identify(.) by extension 'colcon_pkg'
[0.113s] Level 1:colcon.colcon_core.package_identification:_identify(.) by extensions ['colcon_meta']
[0.113s] Level 1:colcon.colcon_core.package_identification:_identify(.) by extension 'colcon_meta'
[0.113s] Level 1:colcon.colcon_core.package_identification:_identify(.) by extensions ['ros']
[0.113s] Level 1:colcon.colcon_core.package_identification:_identify(.) by extension 'ros'
[0.132s] Level 1:colcon.colcon_core.package_identification:_identify(.) by extensions ['cmake', 'python']
[0.132s] Level 1:colcon.colcon_core.package_identification:_identify(.) by extension 'cmake'
[0.132s] Level 1:colcon.colcon_core.package_identification:_identify(.) by extension 'python'
[0.132s] Level 1:colcon.colcon_core.package_identification:_identify(.) by extensions ['python_setup_py']
[0.132s] Level 1:colcon.colcon_core.package_identification:_identify(.) by extension 'python_setup_py'
[0.132s] Level 1:colcon.colcon_core.package_identification:_identify(Scripts) by extensions ['ignore', 'ignore_ament_install']
[0.132s] Level 1:colcon.colcon_core.package_identification:_identify(Scripts) by extension 'ignore'
[0.132s] Level 1:colcon.colcon_core.package_identification:_identify(Scripts) by extension 'ignore_ament_install'
[0.132s] Level 1:colcon.colcon_core.package_identification:_identify(Scripts) by extensions ['colcon_pkg']
[0.132s] Level 1:colcon.colcon_core.package_identification:_identify(Scripts) by extension 'colcon_pkg'
[0.132s] Level 1:colcon.colcon_core.package_identification:_identify(Scripts) by extensions ['colcon_meta']
[0.132s] Level 1:colcon.colcon_core.package_identification:_identify(Scripts) by extension 'colcon_meta'
[0.132s] Level 1:colcon.colcon_core.package_identification:_identify(Scripts) by extensions ['ros']
[0.132s] Level 1:colcon.colcon_core.package_identification:_identify(Scripts) by extension 'ros'
[0.133s] Level 1:colcon.colcon_core.package_identification:_identify(Scripts) by extensions ['cmake', 'python']
[0.133s] Level 1:colcon.colcon_core.package_identification:_identify(Scripts) by extension 'cmake'
[0.133s] Level 1:colcon.colcon_core.package_identification:_identify(Scripts) by extension 'python'
[0.133s] Level 1:colcon.colcon_core.package_identification:_identify(Scripts) by extensions ['python_setup_py']
[0.133s] Level 1:colcon.colcon_core.package_identification:_identify(Scripts) by extension 'python_setup_py'
[0.133s] Level 1:colcon.colcon_core.package_identification:_identify(build) by extensions ['ignore', 'ignore_ament_install']
[0.133s] Level 1:colcon.colcon_core.package_identification:_identify(build) by extension 'ignore'
[0.133s] Level 1:colcon.colcon_core.package_identification:_identify(build) ignored
[0.133s] Level 1:colcon.colcon_core.package_identification:_identify(install) by extensions ['ignore', 'ignore_ament_install']
[0.133s] Level 1:colcon.colcon_core.package_identification:_identify(install) by extension 'ignore'
[0.133s] Level 1:colcon.colcon_core.package_identification:_identify(install) ignored
[0.133s] Level 1:colcon.colcon_core.package_identification:_identify(log) by extensions ['ignore', 'ignore_ament_install']
[0.133s] Level 1:colcon.colcon_core.package_identification:_identify(log) by extension 'ignore'
[0.133s] Level 1:colcon.colcon_core.package_identification:_identify(log) ignored
[0.133s] Level 1:colcon.colcon_core.package_identification:_identify(src) by extensions ['ignore', 'ignore_ament_install']
[0.133s] Level 1:colcon.colcon_core.package_identification:_identify(src) by extension 'ignore'
[0.133s] Level 1:colcon.colcon_core.package_identification:_identify(src) by extension 'ignore_ament_install'
[0.133s] Level 1:colcon.colcon_core.package_identification:_identify(src) by extensions ['colcon_pkg']
[0.133s] Level 1:colcon.colcon_core.package_identification:_identify(src) by extension 'colcon_pkg'
[0.133s] Level 1:colcon.colcon_core.package_identification:_identify(src) by extensions ['colcon_meta']
[0.133s] Level 1:colcon.colcon_core.package_identification:_identify(src) by extension 'colcon_meta'
[0.133s] Level 1:colcon.colcon_core.package_identification:_identify(src) by extensions ['ros']
[0.133s] Level 1:colcon.colcon_core.package_identification:_identify(src) by extension 'ros'
[0.133s] Level 1:colcon.colcon_core.package_identification:_identify(src) by extensions ['cmake', 'python']
[0.133s] Level 1:colcon.colcon_core.package_identification:_identify(src) by extension 'cmake'
[0.133s] Level 1:colcon.colcon_core.package_identification:_identify(src) by extension 'python'
[0.133s] Level 1:colcon.colcon_core.package_identification:_identify(src) by extensions ['python_setup_py']
[0.133s] Level 1:colcon.colcon_core.package_identification:_identify(src) by extension 'python_setup_py'
[0.134s] Level 1:colcon.colcon_core.package_identification:_identify(src/Stage) by extensions ['ignore', 'ignore_ament_install']
[0.134s] Level 1:colcon.colcon_core.package_identification:_identify(src/Stage) by extension 'ignore'
[0.134s] Level 1:colcon.colcon_core.package_identification:_identify(src/Stage) by extension 'ignore_ament_install'
[0.134s] Level 1:colcon.colcon_core.package_identification:_identify(src/Stage) by extensions ['colcon_pkg']
[0.134s] Level 1:colcon.colcon_core.package_identification:_identify(src/Stage) by extension 'colcon_pkg'
[0.134s] Level 1:colcon.colcon_core.package_identification:_identify(src/Stage) by extensions ['colcon_meta']
[0.134s] Level 1:colcon.colcon_core.package_identification:_identify(src/Stage) by extension 'colcon_meta'
[0.134s] Level 1:colcon.colcon_core.package_identification:_identify(src/Stage) by extensions ['ros']
[0.134s] Level 1:colcon.colcon_core.package_identification:_identify(src/Stage) by extension 'ros'
[0.136s] DEBUG:colcon.colcon_core.package_identification:Package 'src/Stage' with type 'ros.catkin' and name 'stage'
[0.136s] Level 1:colcon.colcon_core.package_identification:_identify(src/hw1) by extensions ['ignore', 'ignore_ament_install']
[0.136s] Level 1:colcon.colcon_core.package_identification:_identify(src/hw1) by extension 'ignore'
[0.136s] Level 1:colcon.colcon_core.package_identification:_identify(src/hw1) by extension 'ignore_ament_install'
[0.136s] Level 1:colcon.colcon_core.package_identification:_identify(src/hw1) by extensions ['colcon_pkg']
[0.136s] Level 1:colcon.colcon_core.package_identification:_identify(src/hw1) by extension 'colcon_pkg'
[0.136s] Level 1:colcon.colcon_core.package_identification:_identify(src/hw1) by extensions ['colcon_meta']
[0.136s] Level 1:colcon.colcon_core.package_identification:_identify(src/hw1) by extension 'colcon_meta'
[0.136s] Level 1:colcon.colcon_core.package_identification:_identify(src/hw1) by extensions ['ros']
[0.136s] Level 1:colcon.colcon_core.package_identification:_identify(src/hw1) by extension 'ros'
[0.136s] DEBUG:colcon.colcon_core.package_identification:Package 'src/hw1' with type 'ros.ament_python' and name 'hw1'
[0.137s] Level 1:colcon.colcon_core.package_identification:_identify(src/hw2) by extensions ['ignore', 'ignore_ament_install']
[0.137s] Level 1:colcon.colcon_core.package_identification:_identify(src/hw2) by extension 'ignore'
[0.137s] Level 1:colcon.colcon_core.package_identification:_identify(src/hw2) by extension 'ignore_ament_install'
[0.137s] Level 1:colcon.colcon_core.package_identification:_identify(src/hw2) by extensions ['colcon_pkg']
[0.137s] Level 1:colcon.colcon_core.package_identification:_identify(src/hw2) by extension 'colcon_pkg'
[0.137s] Level 1:colcon.colcon_core.package_identification:_identify(src/hw2) by extensions ['colcon_meta']
[0.137s] Level 1:colcon.colcon_core.package_identification:_identify(src/hw2) by extension 'colcon_meta'
[0.137s] Level 1:colcon.colcon_core.package_identification:_identify(src/hw2) by extensions ['ros']
[0.137s] Level 1:colcon.colcon_core.package_identification:_identify(src/hw2) by extension 'ros'
[0.137s] DEBUG:colcon.colcon_core.package_identification:Package 'src/hw2' with type 'ros.ament_python' and name 'hw2'
[0.137s] Level 1:colcon.colcon_core.package_identification:_identify(src/hw3) by extensions ['ignore', 'ignore_ament_install']
[0.137s] Level 1:colcon.colcon_core.package_identification:_identify(src/hw3) by extension 'ignore'
[0.137s] Level 1:colcon.colcon_core.package_identification:_identify(src/hw3) by extension 'ignore_ament_install'
[0.137s] Level 1:colcon.colcon_core.package_identification:_identify(src/hw3) by extensions ['colcon_pkg']
[0.137s] Level 1:colcon.colcon_core.package_identification:_identify(src/hw3) by extension 'colcon_pkg'
[0.137s] Level 1:colcon.colcon_core.package_identification:_identify(src/hw3) by extensions ['colcon_meta']
[0.137s] Level 1:colcon.colcon_core.package_identification:_identify(src/hw3) by extension 'colcon_meta'
[0.137s] Level 1:colcon.colcon_core.package_identification:_identify(src/hw3) by extensions ['ros']
[0.137s] Level 1:colcon.colcon_core.package_identification:_identify(src/hw3) by extension 'ros'
[0.138s] DEBUG:colcon.colcon_core.package_identification:Package 'src/hw3' with type 'ros.ament_python' and name 'hw3'
[0.138s] Level 1:colcon.colcon_core.package_identification:_identify(src/py_pubsub) by extensions ['ignore', 'ignore_ament_install']
[0.138s] Level 1:colcon.colcon_core.package_identification:_identify(src/py_pubsub) by extension 'ignore'
[0.138s] Level 1:colcon.colcon_core.package_identification:_identify(src/py_pubsub) by extension 'ignore_ament_install'
[0.138s] Level 1:colcon.colcon_core.package_identification:_identify(src/py_pubsub) by extensions ['colcon_pkg']
[0.138s] Level 1:colcon.colcon_core.package_identification:_identify(src/py_pubsub) by extension 'colcon_pkg'
[0.138s] Level 1:colcon.colcon_core.package_identification:_identify(src/py_pubsub) by extensions ['colcon_meta']
[0.138s] Level 1:colcon.colcon_core.package_identification:_identify(src/py_pubsub) by extension 'colcon_meta'
[0.138s] Level 1:colcon.colcon_core.package_identification:_identify(src/py_pubsub) by extensions ['ros']
[0.138s] Level 1:colcon.colcon_core.package_identification:_identify(src/py_pubsub) by extension 'ros'
[0.139s] DEBUG:colcon.colcon_core.package_identification:Package 'src/py_pubsub' with type 'ros.ament_python' and name 'py_pubsub'
[0.139s] Level 1:colcon.colcon_core.package_identification:_identify(src/rclpy_ws) by extensions ['ignore', 'ignore_ament_install']
[0.139s] Level 1:colcon.colcon_core.package_identification:_identify(src/rclpy_ws) by extension 'ignore'
[0.139s] Level 1:colcon.colcon_core.package_identification:_identify(src/rclpy_ws) by extension 'ignore_ament_install'
[0.139s] Level 1:colcon.colcon_core.package_identification:_identify(src/rclpy_ws) by extensions ['colcon_pkg']
[0.139s] Level 1:colcon.colcon_core.package_identification:_identify(src/rclpy_ws) by extension 'colcon_pkg'
[0.139s] Level 1:colcon.colcon_core.package_identification:_identify(src/rclpy_ws) by extensions ['colcon_meta']
[0.139s] Level 1:colcon.colcon_core.package_identification:_identify(src/rclpy_ws) by extension 'colcon_meta'
[0.139s] Level 1:colcon.colcon_core.package_identification:_identify(src/rclpy_ws) by extensions ['ros']
[0.139s] Level 1:colcon.colcon_core.package_identification:_identify(src/rclpy_ws) by extension 'ros'
[0.139s] Level 1:colcon.colcon_core.package_identification:_identify(src/rclpy_ws) by extensions ['cmake', 'python']
[0.139s] Level 1:colcon.colcon_core.package_identification:_identify(src/rclpy_ws) by extension 'cmake'
[0.139s] Level 1:colcon.colcon_core.package_identification:_identify(src/rclpy_ws) by extension 'python'
[0.139s] Level 1:colcon.colcon_core.package_identification:_identify(src/rclpy_ws) by extensions ['python_setup_py']
[0.139s] Level 1:colcon.colcon_core.package_identification:_identify(src/rclpy_ws) by extension 'python_setup_py'
[0.139s] Level 1:colcon.colcon_core.package_identification:_identify(src/rclpy_ws/build) by extensions ['ignore', 'ignore_ament_install']
[0.139s] Level 1:colcon.colcon_core.package_identification:_identify(src/rclpy_ws/build) by extension 'ignore'
[0.139s] Level 1:colcon.colcon_core.package_identification:_identify(src/rclpy_ws/build) ignored
[0.139s] Level 1:colcon.colcon_core.package_identification:_identify(src/rclpy_ws/install) by extensions ['ignore', 'ignore_ament_install']
[0.139s] Level 1:colcon.colcon_core.package_identification:_identify(src/rclpy_ws/install) by extension 'ignore'
[0.139s] Level 1:colcon.colcon_core.package_identification:_identify(src/rclpy_ws/install) ignored
[0.139s] Level 1:colcon.colcon_core.package_identification:_identify(src/rclpy_ws/log) by extensions ['ignore', 'ignore_ament_install']
[0.139s] Level 1:colcon.colcon_core.package_identification:_identify(src/rclpy_ws/log) by extension 'ignore'
[0.139s] Level 1:colcon.colcon_core.package_identification:_identify(src/rclpy_ws/log) ignored
[0.139s] Level 1:colcon.colcon_core.package_identification:_identify(src/rclpy_ws/src) by extensions ['ignore', 'ignore_ament_install']
[0.139s] Level 1:colcon.colcon_core.package_identification:_identify(src/rclpy_ws/src) by extension 'ignore'
[0.140s] Level 1:colcon.colcon_core.package_identification:_identify(src/rclpy_ws/src) by extension 'ignore_ament_install'
[0.140s] Level 1:colcon.colcon_core.package_identification:_identify(src/rclpy_ws/src) by extensions ['colcon_pkg']
[0.140s] Level 1:colcon.colcon_core.package_identification:_identify(src/rclpy_ws/src) by extension 'colcon_pkg'
[0.140s] Level 1:colcon.colcon_core.package_identification:_identify(src/rclpy_ws/src) by extensions ['colcon_meta']
[0.140s] Level 1:colcon.colcon_core.package_identification:_identify(src/rclpy_ws/src) by extension 'colcon_meta'
[0.140s] Level 1:colcon.colcon_core.package_identification:_identify(src/rclpy_ws/src) by extensions ['ros']
[0.140s] Level 1:colcon.colcon_core.package_identification:_identify(src/rclpy_ws/src) by extension 'ros'
[0.140s] Level 1:colcon.colcon_core.package_identification:_identify(src/rclpy_ws/src) by extensions ['cmake', 'python']
[0.140s] Level 1:colcon.colcon_core.package_identification:_identify(src/rclpy_ws/src) by extension 'cmake'
[0.140s] Level 1:colcon.colcon_core.package_identification:_identify(src/rclpy_ws/src) by extension 'python'
[0.140s] Level 1:colcon.colcon_core.package_identification:_identify(src/rclpy_ws/src) by extensions ['python_setup_py']
[0.140s] Level 1:colcon.colcon_core.package_identification:_identify(src/rclpy_ws/src) by extension 'python_setup_py'
[0.140s] Level 1:colcon.colcon_core.package_identification:_identify(src/rclpy_ws/src/rclpy) by extensions ['ignore', 'ignore_ament_install']
[0.140s] Level 1:colcon.colcon_core.package_identification:_identify(src/rclpy_ws/src/rclpy) by extension 'ignore'
[0.140s] Level 1:colcon.colcon_core.package_identification:_identify(src/rclpy_ws/src/rclpy) by extension 'ignore_ament_install'
[0.140s] Level 1:colcon.colcon_core.package_identification:_identify(src/rclpy_ws/src/rclpy) by extensions ['colcon_pkg']
[0.140s] Level 1:colcon.colcon_core.package_identification:_identify(src/rclpy_ws/src/rclpy) by extension 'colcon_pkg'
[0.140s] Level 1:colcon.colcon_core.package_identification:_identify(src/rclpy_ws/src/rclpy) by extensions ['colcon_meta']
[0.140s] Level 1:colcon.colcon_core.package_identification:_identify(src/rclpy_ws/src/rclpy) by extension 'colcon_meta'
[0.140s] Level 1:colcon.colcon_core.package_identification:_identify(src/rclpy_ws/src/rclpy) by extensions ['ros']
[0.140s] Level 1:colcon.colcon_core.package_identification:_identify(src/rclpy_ws/src/rclpy) by extension 'ros'
[0.140s] Level 1:colcon.colcon_core.package_identification:_identify(src/rclpy_ws/src/rclpy) by extensions ['cmake', 'python']
[0.140s] Level 1:colcon.colcon_core.package_identification:_identify(src/rclpy_ws/src/rclpy) by extension 'cmake'
[0.140s] Level 1:colcon.colcon_core.package_identification:_identify(src/rclpy_ws/src/rclpy) by extension 'python'
[0.140s] Level 1:colcon.colcon_core.package_identification:_identify(src/rclpy_ws/src/rclpy) by extensions ['python_setup_py']
[0.140s] Level 1:colcon.colcon_core.package_identification:_identify(src/rclpy_ws/src/rclpy) by extension 'python_setup_py'
[0.140s] Level 1:colcon.colcon_core.package_identification:_identify(src/rclpy_ws/src/rclpy/rclpy) by extensions ['ignore', 'ignore_ament_install']
[0.140s] Level 1:colcon.colcon_core.package_identification:_identify(src/rclpy_ws/src/rclpy/rclpy) by extension 'ignore'
[0.140s] Level 1:colcon.colcon_core.package_identification:_identify(src/rclpy_ws/src/rclpy/rclpy) by extension 'ignore_ament_install'
[0.140s] Level 1:colcon.colcon_core.package_identification:_identify(src/rclpy_ws/src/rclpy/rclpy) by extensions ['colcon_pkg']
[0.140s] Level 1:colcon.colcon_core.package_identification:_identify(src/rclpy_ws/src/rclpy/rclpy) by extension 'colcon_pkg'
[0.140s] Level 1:colcon.colcon_core.package_identification:_identify(src/rclpy_ws/src/rclpy/rclpy) by extensions ['colcon_meta']
[0.140s] Level 1:colcon.colcon_core.package_identification:_identify(src/rclpy_ws/src/rclpy/rclpy) by extension 'colcon_meta'
[0.141s] Level 1:colcon.colcon_core.package_identification:_identify(src/rclpy_ws/src/rclpy/rclpy) by extensions ['ros']
[0.141s] Level 1:colcon.colcon_core.package_identification:_identify(src/rclpy_ws/src/rclpy/rclpy) by extension 'ros'
[0.141s] DEBUG:colcon.colcon_core.package_identification:Package 'src/rclpy_ws/src/rclpy/rclpy' with type 'ros.ament_cmake' and name 'rclpy'
[0.141s] Level 1:colcon.colcon_core.package_identification:_identify(src/stage_ros2) by extensions ['ignore', 'ignore_ament_install']
[0.141s] Level 1:colcon.colcon_core.package_identification:_identify(src/stage_ros2) by extension 'ignore'
[0.141s] Level 1:colcon.colcon_core.package_identification:_identify(src/stage_ros2) by extension 'ignore_ament_install'
[0.141s] Level 1:colcon.colcon_core.package_identification:_identify(src/stage_ros2) by extensions ['colcon_pkg']
[0.141s] Level 1:colcon.colcon_core.package_identification:_identify(src/stage_ros2) by extension 'colcon_pkg'
[0.141s] Level 1:colcon.colcon_core.package_identification:_identify(src/stage_ros2) by extensions ['colcon_meta']
[0.141s] Level 1:colcon.colcon_core.package_identification:_identify(src/stage_ros2) by extension 'colcon_meta'
[0.141s] Level 1:colcon.colcon_core.package_identification:_identify(src/stage_ros2) by extensions ['ros']
[0.141s] Level 1:colcon.colcon_core.package_identification:_identify(src/stage_ros2) by extension 'ros'
[0.142s] DEBUG:colcon.colcon_core.package_identification:Package 'src/stage_ros2' with type 'ros.ament_cmake' and name 'stage_ros2'
[0.142s] Level 1:colcon.colcon_core.package_discovery:discover_packages(recursive) using defaults
[0.142s] Level 1:colcon.colcon_core.package_discovery:discover_packages(ignore) discover
[0.142s] Level 1:colcon.colcon_core.package_discovery:discover_packages(ignore) using defaults
[0.142s] Level 1:colcon.colcon_core.package_discovery:discover_packages(path) discover
[0.142s] Level 1:colcon.colcon_core.package_discovery:discover_packages(path) using defaults
[0.157s] Level 1:colcon.colcon_core.package_discovery:discover_packages(prefix_path) check parameters
[0.157s] Level 1:colcon.colcon_core.package_discovery:discover_packages(prefix_path) discover
[0.158s] WARNING:colcon.colcon_core.prefix_path.colcon:The path '/home/trueog/ros2_ws_ROB599/src/install' in the environment variable COLCON_PREFIX_PATH doesn't exist
[0.158s] WARNING:colcon.colcon_ros.prefix_path.ament:The path '/home/trueog/ros2_ws_ROB599/install/stage_ros2' in the environment variable AMENT_PREFIX_PATH doesn't exist
[0.158s] WARNING:colcon.colcon_ros.prefix_path.ament:The path '/home/trueog/ros2_ws_ROB599/install/hw3' in the environment variable AMENT_PREFIX_PATH doesn't exist
[0.158s] WARNING:colcon.colcon_ros.prefix_path.ament:The path '/home/trueog/ros2_ws_ROB599/install/hw2' in the environment variable AMENT_PREFIX_PATH doesn't exist
[0.158s] WARNING:colcon.colcon_ros.prefix_path.ament:The path '/home/trueog/ros2_ws_ROB599/install/hw1' in the environment variable AMENT_PREFIX_PATH doesn't exist
[0.158s] WARNING:colcon.colcon_ros.prefix_path.ament:The path '/home/trueog/ros2_ws_ROB599/src/install/stage_ros2' in the environment variable AMENT_PREFIX_PATH doesn't exist
[0.158s] WARNING:colcon.colcon_ros.prefix_path.ament:The path '/home/trueog/ros2_ws_ROB599/src/install/hw3' in the environment variable AMENT_PREFIX_PATH doesn't exist
[0.158s] WARNING:colcon.colcon_ros.prefix_path.ament:The path '/home/trueog/ros2_ws_ROB599/src/install/hw2' in the environment variable AMENT_PREFIX_PATH doesn't exist
[0.158s] WARNING:colcon.colcon_ros.prefix_path.ament:The path '/home/trueog/ros2_ws_ROB599/src/install/hw1' in the environment variable AMENT_PREFIX_PATH doesn't exist
[0.159s] WARNING:colcon.colcon_ros.prefix_path.ament:The path '/home/trueog/ros2_ws_ROB599/src/install/py_pubsub' in the environment variable AMENT_PREFIX_PATH doesn't exist
[0.159s] WARNING:colcon.colcon_ros.prefix_path.catkin:The path '/home/trueog/ros2_ws_ROB599/install/stage_ros2' in the environment variable CMAKE_PREFIX_PATH doesn't exist
[0.159s] WARNING:colcon.colcon_ros.prefix_path.catkin:The path '/home/trueog/ros2_ws_ROB599/install/stage' in the environment variable CMAKE_PREFIX_PATH doesn't exist
[0.159s] WARNING:colcon.colcon_ros.prefix_path.catkin:The path '/home/trueog/ros2_ws_ROB599/src/install/stage_ros2' in the environment variable CMAKE_PREFIX_PATH doesn't exist
[0.159s] WARNING:colcon.colcon_ros.prefix_path.catkin:The path '/home/trueog/ros2_ws_ROB599/src/install/stage' in the environment variable CMAKE_PREFIX_PATH doesn't exist
[0.159s] DEBUG:colcon.colcon_installed_package_information.package_discovery:Found 0 installed packages in /home/trueog/ros2_ws_ROB599/install
[0.160s] DEBUG:colcon.colcon_installed_package_information.package_discovery:Found 294 installed packages in /opt/ros/kilted
[0.162s] Level 1:colcon.colcon_core.package_discovery:discover_packages(prefix_path) using defaults
[0.197s] WARNING:colcon.colcon_core.package_selection:Some selected packages are already built in one or more underlay workspaces:
	'rclpy' is in: /opt/ros/kilted
If a package in a merged underlay workspace is overridden and it installs headers, then all packages in the overlay must sort their include directories by workspace order. Failure to do so may result in build failures or undefined behavior at run time.
If the overridden package is used by another package in any underlay, then the overriding package in the overlay must be API and ABI compatible or undefined behavior at run time may occur.

If you understand the risks and want to override a package anyways, add the following to the command line:
	--allow-overriding rclpy

This may be promoted to an error in a future release of colcon-override-check.
[0.198s] Level 5:colcon.colcon_core.verb:set package 'py_pubsub' build argument 'cmake_args' from command line to 'None'
[0.198s] Level 5:colcon.colcon_core.verb:set package 'py_pubsub' build argument 'cmake_target' from command line to 'None'
[0.198s] Level 5:colcon.colcon_core.verb:set package 'py_pubsub' build argument 'cmake_target_skip_unavailable' from command line to 'False'
[0.198s] Level 5:colcon.colcon_core.verb:set package 'py_pubsub' build argument 'cmake_clean_cache' from command line to 'False'
[0.198s] Level 5:colcon.colcon_core.verb:set package 'py_pubsub' build argument 'cmake_clean_first' from command line to 'False'
[0.198s] Level 5:colcon.colcon_core.verb:set package 'py_pubsub' build argument 'cmake_force_configure' from command line to 'False'
[0.198s] Level 5:colcon.colcon_core.verb:set package 'py_pubsub' build argument 'ament_cmake_args' from command line to 'None'
[0.198s] Level 5:colcon.colcon_core.verb:set package 'py_pubsub' build argument 'catkin_cmake_args' from command line to 'None'
[0.198s] Level 5:colcon.colcon_core.verb:set package 'py_pubsub' build argument 'catkin_skip_building_tests' from command line to 'False'
[0.198s] DEBUG:colcon.colcon_core.verb:Building package 'py_pubsub' with the following arguments: {'ament_cmake_args': None, 'build_base': '/home/trueog/ros2_ws_ROB599/build/py_pubsub', 'catkin_cmake_args': None, 'catkin_skip_building_tests': False, 'cmake_args': None, 'cmake_clean_cache': False, 'cmake_clean_first': False, 'cmake_force_configure': False, 'cmake_target': None, 'cmake_target_skip_unavailable': False, 'install_base': '/home/trueog/ros2_ws_ROB599/install/py_pubsub', 'merge_install': False, 'path': '/home/trueog/ros2_ws_ROB599/src/py_pubsub', 'symlink_install': False, 'test_result_base': None}
[0.198s] Level 5:colcon.colcon_core.verb:set package 'rclpy' build argument 'cmake_args' from command line to 'None'
[0.198s] Level 5:colcon.colcon_core.verb:set package 'rclpy' build argument 'cmake_target' from command line to 'None'
[0.198s] Level 5:colcon.colcon_core.verb:set package 'rclpy' build argument 'cmake_target_skip_unavailable' from command line to 'False'
[0.198s] Level 5:colcon.colcon_core.verb:set package 'rclpy' build argument 'cmake_clean_cache' from command line to 'False'
[0.198s] Level 5:colcon.colcon_core.verb:set package 'rclpy' build argument 'cmake_clean_first' from command line to 'False'
[0.198s] Level 5:colcon.colcon_core.verb:set package 'rclpy' build argument 'cmake_force_configure' from command line to 'False'
[0.198s] Level 5:colcon.colcon_core.verb:set package 'rclpy' build argument 'ament_cmake_args' from command line to 'None'
[0.198s] Level 5:colcon.colcon_core.verb:set package 'rclpy' build argument 'catkin_cmake_args' from command line to 'None'
[0.198s] Level 5:colcon.colcon_core.verb:set package 'rclpy' build argument 'catkin_skip_building_tests' from command line to 'False'
[0.198s] DEBUG:colcon.colcon_core.verb:Building package 'rclpy' with the following arguments: {'ament_cmake_args': None, 'build_base': '/home/trueog/ros2_ws_ROB599/build/rclpy', 'catkin_cmake_args': None, 'catkin_skip_building_tests': False, 'cmake_args': None, 'cmake_clean_cache': False, 'cmake_clean_first': False, 'cmake_force_configure': False, 'cmake_target': None, 'cmake_target_skip_unavailable': False, 'install_base': '/home/trueog/ros2_ws_ROB599/install/rclpy', 'merge_install': False, 'path': '/home/trueog/ros2_ws_ROB599/src/rclpy_ws/src/rclpy/rclpy', 'symlink_install': False, 'test_result_base': None}
[0.198s] Level 5:colcon.colcon_core.verb:set package 'stage' build argument 'cmake_args' from command line to 'None'
[0.198s] Level 5:colcon.colcon_core.verb:set package 'stage' build argument 'cmake_target' from command line to 'None'
[0.198s] Level 5:colcon.colcon_core.verb:set package 'stage' build argument 'cmake_target_skip_unavailable' from command line to 'False'
[0.198s] Level 5:colcon.colcon_core.verb:set package 'stage' build argument 'cmake_clean_cache' from command line to 'False'
[0.198s] Level 5:colcon.colcon_core.verb:set package 'stage' build argument 'cmake_clean_first' from command line to 'False'
[0.198s] Level 5:colcon.colcon_core.verb:set package 'stage' build argument 'cmake_force_configure' from command line to 'False'
[0.198s] Level 5:colcon.colcon_core.verb:set package 'stage' build argument 'ament_cmake_args' from command line to 'None'
[0.198s] Level 5:colcon.colcon_core.verb:set package 'stage' build argument 'catkin_cmake_args' from command line to 'None'
[0.198s] Level 5:colcon.colcon_core.verb:set package 'stage' build argument 'catkin_skip_building_tests' from command line to 'False'
[0.199s] DEBUG:colcon.colcon_core.verb:Building package 'stage' with the following arguments: {'ament_cmake_args': None, 'build_base': '/home/trueog/ros2_ws_ROB599/build/stage', 'catkin_cmake_args': None, 'catkin_skip_building_tests': False, 'cmake_args': None, 'cmake_clean_cache': False, 'cmake_clean_first': False, 'cmake_force_configure': False, 'cmake_target': None, 'cmake_target_skip_unavailable': False, 'install_base': '/home/trueog/ros2_ws_ROB599/install/stage', 'merge_install': False, 'path': '/home/trueog/ros2_ws_ROB599/src/Stage', 'symlink_install': False, 'test_result_base': None}
[0.199s] Level 5:colcon.colcon_core.verb:set package 'hw1' build argument 'cmake_args' from command line to 'None'
[0.199s] Level 5:colcon.colcon_core.verb:set package 'hw1' build argument 'cmake_target' from command line to 'None'
[0.199s] Level 5:colcon.colcon_core.verb:set package 'hw1' build argument 'cmake_target_skip_unavailable' from command line to 'False'
[0.199s] Level 5:colcon.colcon_core.verb:set package 'hw1' build argument 'cmake_clean_cache' from command line to 'False'
[0.199s] Level 5:colcon.colcon_core.verb:set package 'hw1' build argument 'cmake_clean_first' from command line to 'False'
[0.199s] Level 5:colcon.colcon_core.verb:set package 'hw1' build argument 'cmake_force_configure' from command line to 'False'
[0.199s] Level 5:colcon.colcon_core.verb:set package 'hw1' build argument 'ament_cmake_args' from command line to 'None'
[0.199s] Level 5:colcon.colcon_core.verb:set package 'hw1' build argument 'catkin_cmake_args' from command line to 'None'
[0.199s] Level 5:colcon.colcon_core.verb:set package 'hw1' build argument 'catkin_skip_building_tests' from command line to 'False'
[0.199s] DEBUG:colcon.colcon_core.verb:Building package 'hw1' with the following arguments: {'ament_cmake_args': None, 'build_base': '/home/trueog/ros2_ws_ROB599/build/hw1', 'catkin_cmake_args': None, 'catkin_skip_building_tests': False, 'cmake_args': None, 'cmake_clean_cache': False, 'cmake_clean_first': False, 'cmake_force_configure': False, 'cmake_target': None, 'cmake_target_skip_unavailable': False, 'install_base': '/home/trueog/ros2_ws_ROB599/install/hw1', 'merge_install': False, 'path': '/home/trueog/ros2_ws_ROB599/src/hw1', 'symlink_install': False, 'test_result_base': None}
[0.199s] Level 5:colcon.colcon_core.verb:set package 'hw2' build argument 'cmake_args' from command line to 'None'
[0.199s] Level 5:colcon.colcon_core.verb:set package 'hw2' build argument 'cmake_target' from command line to 'None'
[0.199s] Level 5:colcon.colcon_core.verb:set package 'hw2' build argument 'cmake_target_skip_unavailable' from command line to 'False'
[0.199s] Level 5:colcon.colcon_core.verb:set package 'hw2' build argument 'cmake_clean_cache' from command line to 'False'
[0.199s] Level 5:colcon.colcon_core.verb:set package 'hw2' build argument 'cmake_clean_first' from command line to 'False'
[0.199s] Level 5:colcon.colcon_core.verb:set package 'hw2' build argument 'cmake_force_configure' from command line to 'False'
[0.199s] Level 5:colcon.colcon_core.verb:set package 'hw2' build argument 'ament_cmake_args' from command line to 'None'
[0.199s] Level 5:colcon.colcon_core.verb:set package 'hw2' build argument 'catkin_cmake_args' from command line to 'None'
[0.199s] Level 5:colcon.colcon_core.verb:set package 'hw2' build argument 'catkin_skip_building_tests' from command line to 'False'
[0.199s] DEBUG:colcon.colcon_core.verb:Building package 'hw2' with the following arguments: {'ament_cmake_args': None, 'build_base': '/home/trueog/ros2_ws_ROB599/build/hw2', 'catkin_cmake_args': None, 'catkin_skip_building_tests': False, 'cmake_args': None, 'cmake_clean_cache': False, 'cmake_clean_first': False, 'cmake_force_configure': False, 'cmake_target': None, 'cmake_target_skip_unavailable': False, 'install_base': '/home/trueog/ros2_ws_ROB599/install/hw2', 'merge_install': False, 'path': '/home/trueog/ros2_ws_ROB599/src/hw2', 'symlink_install': False, 'test_result_base': None}
[0.199s] Level 5:colcon.colcon_core.verb:set package 'hw3' build argument 'cmake_args' from command line to 'None'
[0.199s] Level 5:colcon.colcon_core.verb:set package 'hw3' build argument 'cmake_target' from command line to 'None'
[0.199s] Level 5:colcon.colcon_core.verb:set package 'hw3' build argument 'cmake_target_skip_unavailable' from command line to 'False'
[0.199s] Level 5:colcon.colcon_core.verb:set package 'hw3' build argument 'cmake_clean_cache' from command line to 'False'
[0.199s] Level 5:colcon.colcon_core.verb:set package 'hw3' build argument 'cmake_clean_first' from command line to 'False'
[0.199s] Level 5:colcon.colcon_core.verb:set package 'hw3' build argument 'cmake_force_configure' from command line to 'False'
[0.199s] Level 5:colcon.colcon_core.verb:set package 'hw3' build argument 'ament_cmake_args' from command line to 'None'
[0.199s] Level 5:colcon.colcon_core.verb:set package 'hw3' build argument 'catkin_cmake_args' from command line to 'None'
[0.199s] Level 5:colcon.colcon_core.verb:set package 'hw3' build argument 'catkin_skip_building_tests' from command line to 'False'
[0.199s] DEBUG:colcon.colcon_core.verb:Building package 'hw3' with the following arguments: {'ament_cmake_args': None, 'build_base': '/home/trueog/ros2_ws_ROB599/build/hw3', 'catkin_cmake_args': None, 'catkin_skip_building_tests': False, 'cmake_args': None, 'cmake_clean_cache': False, 'cmake_clean_first': False, 'cmake_force_configure': False, 'cmake_target': None, 'cmake_target_skip_unavailable': False, 'install_base': '/home/trueog/ros2_ws_ROB599/install/hw3', 'merge_install': False, 'path': '/home/trueog/ros2_ws_ROB599/src/hw3', 'symlink_install': False, 'test_result_base': None}
[0.200s] Level 5:colcon.colcon_core.verb:set package 'stage_ros2' build argument 'cmake_args' from command line to 'None'
[0.200s] Level 5:colcon.colcon_core.verb:set package 'stage_ros2' build argument 'cmake_target' from command line to 'None'
[0.200s] Level 5:colcon.colcon_core.verb:set package 'stage_ros2' build argument 'cmake_target_skip_unavailable' from command line to 'False'
[0.200s] Level 5:colcon.colcon_core.verb:set package 'stage_ros2' build argument 'cmake_clean_cache' from command line to 'False'
[0.200s] Level 5:colcon.colcon_core.verb:set package 'stage_ros2' build argument 'cmake_clean_first' from command line to 'False'
[0.200s] Level 5:colcon.colcon_core.verb:set package 'stage_ros2' build argument 'cmake_force_configure' from command line to 'False'
[0.200s] Level 5:colcon.colcon_core.verb:set package 'stage_ros2' build argument 'ament_cmake_args' from command line to 'None'
[0.200s] Level 5:colcon.colcon_core.verb:set package 'stage_ros2' build argument 'catkin_cmake_args' from command line to 'None'
[0.200s] Level 5:colcon.colcon_core.verb:set package 'stage_ros2' build argument 'catkin_skip_building_tests' from command line to 'False'
[0.200s] DEBUG:colcon.colcon_core.verb:Building package 'stage_ros2' with the following arguments: {'ament_cmake_args': None, 'build_base': '/home/trueog/ros2_ws_ROB599/build/stage_ros2', 'catkin_cmake_args': None, 'catkin_skip_building_tests': False, 'cmake_args': None, 'cmake_clean_cache': False, 'cmake_clean_first': False, 'cmake_force_configure': False, 'cmake_target': None, 'cmake_target_skip_unavailable': False, 'install_base': '/home/trueog/ros2_ws_ROB599/install/stage_ros2', 'merge_install': False, 'path': '/home/trueog/ros2_ws_ROB599/src/stage_ros2', 'symlink_install': False, 'test_result_base': None}
[0.200s] INFO:colcon.colcon_core.executor:Executing jobs using 'parallel' executor
[0.201s] DEBUG:colcon.colcon_parallel_executor.executor.parallel:run_until_complete
[0.201s] INFO:colcon.colcon_ros.task.ament_cmake.build:Building ROS package in '/home/trueog/ros2_ws_ROB599/src/rclpy_ws/src/rclpy/rclpy' with build type 'ament_cmake'
[0.201s] INFO:colcon.colcon_cmake.task.cmake.build:Building CMake package in '/home/trueog/ros2_ws_ROB599/src/rclpy_ws/src/rclpy/rclpy'
[0.203s] INFO:colcon.colcon_core.plugin_system:Skipping extension 'colcon_core.shell.bat': Not used on non-Windows systems
[0.203s] INFO:colcon.colcon_core.shell:Skip shell extension 'powershell' for command environment: Not usable outside of PowerShell
[0.203s] DEBUG:colcon.colcon_core.shell:Skip shell extension 'dsv' for command environment
[0.207s] INFO:colcon.colcon_ros.task.catkin.build:Building ROS package in '/home/trueog/ros2_ws_ROB599/src/Stage' with build type 'catkin'
[0.207s] INFO:colcon.colcon_cmake.task.cmake.build:Building CMake package in '/home/trueog/ros2_ws_ROB599/src/Stage'
[0.207s] INFO:colcon.colcon_core.shell:Skip shell extension 'powershell' for command environment: Not usable outside of PowerShell
[0.207s] DEBUG:colcon.colcon_core.shell:Skip shell extension 'dsv' for command environment
[0.211s] INFO:colcon.colcon_ros.task.ament_python.build:Building ROS package in '/home/trueog/ros2_ws_ROB599/src/py_pubsub' with build type 'ament_python'
[0.211s] Level 1:colcon.colcon_core.shell:create_environment_hook('py_pubsub', 'ament_prefix_path')
[0.211s] INFO:colcon.colcon_core.shell:Creating environment hook '/home/trueog/ros2_ws_ROB599/install/py_pubsub/share/py_pubsub/hook/ament_prefix_path.ps1'
[0.212s] INFO:colcon.colcon_core.shell:Creating environment descriptor '/home/trueog/ros2_ws_ROB599/install/py_pubsub/share/py_pubsub/hook/ament_prefix_path.dsv'
[0.212s] INFO:colcon.colcon_core.shell:Creating environment hook '/home/trueog/ros2_ws_ROB599/install/py_pubsub/share/py_pubsub/hook/ament_prefix_path.sh'
[0.213s] INFO:colcon.colcon_core.shell:Skip shell extension 'powershell' for command environment: Not usable outside of PowerShell
[0.213s] DEBUG:colcon.colcon_core.shell:Skip shell extension 'dsv' for command environment
[0.221s] DEBUG:colcon.colcon_core.event_handler.log_command:Invoking command in '/home/trueog/ros2_ws_ROB599/build/rclpy': CMAKE_PREFIX_PATH=${CMAKE_PREFIX_PATH}:/home/trueog/ros2_ws_ROB599/install/hw3:/home/trueog/ros2_ws_ROB599/install/hw2:/home/trueog/ros2_ws_ROB599/install/hw1:/home/trueog/ros2_ws_ROB599/src/install/hw3:/home/trueog/ros2_ws_ROB599/src/install/hw2:/home/trueog/ros2_ws_ROB599/src/install/hw1:/home/trueog/ros2_ws_ROB599/src/install/py_pubsub:/opt/ros/kilted DEBUGINFOD_URLS=https://debuginfod.ubuntu.com /usr/bin/cmake /home/trueog/ros2_ws_ROB599/src/rclpy_ws/src/rclpy/rclpy -DCMAKE_INSTALL_PREFIX=/home/trueog/ros2_ws_ROB599/install/rclpy
[0.226s] DEBUG:colcon.colcon_core.event_handler.log_command:Invoking command in '/home/trueog/ros2_ws_ROB599/build/stage': DEBUGINFOD_URLS=https://debuginfod.ubuntu.com /usr/bin/cmake /home/trueog/ros2_ws_ROB599/src/Stage -DCATKIN_INSTALL_INTO_PREFIX_ROOT=0 -DCMAKE_INSTALL_PREFIX=/home/trueog/ros2_ws_ROB599/install/stage
[0.458s] INFO:colcon.colcon_core.task.python.build:Building Python package in '/home/trueog/ros2_ws_ROB599/src/py_pubsub'
[0.459s] INFO:colcon.colcon_core.shell:Skip shell extension 'powershell' for command environment: Not usable outside of PowerShell
[0.459s] DEBUG:colcon.colcon_core.shell:Skip shell extension 'dsv' for command environment
[1.070s] DEBUG:colcon.colcon_core.event_handler.log_command:Invoking command in '/home/trueog/ros2_ws_ROB599/src/py_pubsub': DEBUGINFOD_URLS=https://debuginfod.ubuntu.com PYTHONPATH=/home/trueog/ros2_ws_ROB599/build/py_pubsub/prefix_override:/usr/lib/python3/dist-packages/colcon_core/task/python/colcon_distutils_commands:/home/trueog/ros2_ws_ROB599/install/py_pubsub/lib/python3.12/site-packages:${PYTHONPATH} /usr/bin/python3 -W ignore:setup.py install is deprecated -W ignore:easy_install command is deprecated setup.py egg_info --egg-base ../../build/py_pubsub build --build-base /home/trueog/ros2_ws_ROB599/build/py_pubsub/build install --record /home/trueog/ros2_ws_ROB599/build/py_pubsub/install.log --single-version-externally-managed install_data
[1.673s] DEBUG:colcon.colcon_core.event_handler.log_command:Invoked command in '/home/trueog/ros2_ws_ROB599/src/py_pubsub' returned '0': DEBUGINFOD_URLS=https://debuginfod.ubuntu.com PYTHONPATH=/home/trueog/ros2_ws_ROB599/build/py_pubsub/prefix_override:/usr/lib/python3/dist-packages/colcon_core/task/python/colcon_distutils_commands:/home/trueog/ros2_ws_ROB599/install/py_pubsub/lib/python3.12/site-packages:${PYTHONPATH} /usr/bin/python3 -W ignore:setup.py install is deprecated -W ignore:easy_install command is deprecated setup.py egg_info --egg-base ../../build/py_pubsub build --build-base /home/trueog/ros2_ws_ROB599/build/py_pubsub/build install --record /home/trueog/ros2_ws_ROB599/build/py_pubsub/install.log --single-version-externally-managed install_data
[1.675s] Level 1:colcon.colcon_core.environment:checking '/home/trueog/ros2_ws_ROB599/install/py_pubsub' for CMake module files
[1.675s] Level 1:colcon.colcon_core.environment:checking '/home/trueog/ros2_ws_ROB599/install/py_pubsub' for CMake config files
[1.676s] Level 1:colcon.colcon_core.environment:checking '/home/trueog/ros2_ws_ROB599/install/py_pubsub/lib'
[1.676s] Level 1:colcon.colcon_core.environment:checking '/home/trueog/ros2_ws_ROB599/install/py_pubsub/bin'
[1.676s] Level 1:colcon.colcon_core.environment:checking '/home/trueog/ros2_ws_ROB599/install/py_pubsub/lib/pkgconfig/py_pubsub.pc'
[1.676s] Level 1:colcon.colcon_core.environment:checking '/home/trueog/ros2_ws_ROB599/install/py_pubsub/lib/python3.12/site-packages'
[1.676s] Level 1:colcon.colcon_core.shell:create_environment_hook('py_pubsub', 'pythonpath')
[1.676s] INFO:colcon.colcon_core.shell:Creating environment hook '/home/trueog/ros2_ws_ROB599/install/py_pubsub/share/py_pubsub/hook/pythonpath.ps1'
[1.677s] INFO:colcon.colcon_core.shell:Creating environment descriptor '/home/trueog/ros2_ws_ROB599/install/py_pubsub/share/py_pubsub/hook/pythonpath.dsv'
[1.677s] INFO:colcon.colcon_core.shell:Creating environment hook '/home/trueog/ros2_ws_ROB599/install/py_pubsub/share/py_pubsub/hook/pythonpath.sh'
[1.678s] Level 1:colcon.colcon_core.environment:checking '/home/trueog/ros2_ws_ROB599/install/py_pubsub/bin'
[1.678s] Level 1:colcon.colcon_core.environment:create_environment_scripts_only(py_pubsub)
[1.678s] INFO:colcon.colcon_core.shell:Creating package script '/home/trueog/ros2_ws_ROB599/install/py_pubsub/share/py_pubsub/package.ps1'
[1.678s] INFO:colcon.colcon_core.shell:Creating package descriptor '/home/trueog/ros2_ws_ROB599/install/py_pubsub/share/py_pubsub/package.dsv'
[1.679s] INFO:colcon.colcon_core.shell:Creating package script '/home/trueog/ros2_ws_ROB599/install/py_pubsub/share/py_pubsub/package.sh'
[1.679s] INFO:colcon.colcon_core.shell:Creating package script '/home/trueog/ros2_ws_ROB599/install/py_pubsub/share/py_pubsub/package.bash'
[1.680s] INFO:colcon.colcon_core.shell:Creating package script '/home/trueog/ros2_ws_ROB599/install/py_pubsub/share/py_pubsub/package.zsh'
[1.680s] Level 1:colcon.colcon_core.environment:create_file_with_runtime_dependencies(/home/trueog/ros2_ws_ROB599/install/py_pubsub/share/colcon-core/packages/py_pubsub)
[1.744s] DEBUG:colcon.colcon_core.event_handler.log_command:Invoked command in '/home/trueog/ros2_ws_ROB599/build/stage' returned '0': DEBUGINFOD_URLS=https://debuginfod.ubuntu.com /usr/bin/cmake /home/trueog/ros2_ws_ROB599/src/Stage -DCATKIN_INSTALL_INTO_PREFIX_ROOT=0 -DCMAKE_INSTALL_PREFIX=/home/trueog/ros2_ws_ROB599/install/stage
[1.745s] DEBUG:colcon.colcon_core.event_handler.log_command:Invoking command in '/home/trueog/ros2_ws_ROB599/build/stage': DEBUGINFOD_URLS=https://debuginfod.ubuntu.com /usr/bin/cmake --build /home/trueog/ros2_ws_ROB599/build/stage -- -j4 -l4
[20.132s] DEBUG:colcon.colcon_core.event_handler.log_command:Invoked command in '/home/trueog/ros2_ws_ROB599/build/stage' returned '0': DEBUGINFOD_URLS=https://debuginfod.ubuntu.com /usr/bin/cmake --build /home/trueog/ros2_ws_ROB599/build/stage -- -j4 -l4
[20.142s] DEBUG:colcon.colcon_core.event_handler.log_command:Invoking command in '/home/trueog/ros2_ws_ROB599/build/stage': DEBUGINFOD_URLS=https://debuginfod.ubuntu.com /usr/bin/cmake --install /home/trueog/ros2_ws_ROB599/build/stage
[20.166s] Level 1:colcon.colcon_core.shell:create_environment_hook('stage', 'ros_package_path')
[20.166s] INFO:colcon.colcon_core.shell:Creating environment hook '/home/trueog/ros2_ws_ROB599/install/stage/share/stage/hook/ros_package_path.ps1'
[20.167s] INFO:colcon.colcon_core.shell:Creating environment descriptor '/home/trueog/ros2_ws_ROB599/install/stage/share/stage/hook/ros_package_path.dsv'
[20.167s] INFO:colcon.colcon_core.shell:Creating environment hook '/home/trueog/ros2_ws_ROB599/install/stage/share/stage/hook/ros_package_path.sh'
[20.167s] Level 1:colcon.colcon_core.shell:create_environment_hook('stage', 'pkg_config_path')
[20.168s] INFO:colcon.colcon_core.shell:Creating environment hook '/home/trueog/ros2_ws_ROB599/install/stage/share/stage/hook/pkg_config_path.ps1'
[20.168s] INFO:colcon.colcon_core.shell:Creating environment descriptor '/home/trueog/ros2_ws_ROB599/install/stage/share/stage/hook/pkg_config_path.dsv'
[20.168s] INFO:colcon.colcon_core.shell:Creating environment hook '/home/trueog/ros2_ws_ROB599/install/stage/share/stage/hook/pkg_config_path.sh'
[20.168s] DEBUG:colcon.colcon_core.event_handler.log_command:Invoked command in '/home/trueog/ros2_ws_ROB599/build/stage' returned '0': DEBUGINFOD_URLS=https://debuginfod.ubuntu.com /usr/bin/cmake --install /home/trueog/ros2_ws_ROB599/build/stage
[20.170s] Level 1:colcon.colcon_core.shell:create_environment_hook('stage', 'pkg_config_path_multiarch')
[20.170s] INFO:colcon.colcon_core.shell:Creating environment hook '/home/trueog/ros2_ws_ROB599/install/stage/share/stage/hook/pkg_config_path_multiarch.ps1'
[20.170s] INFO:colcon.colcon_core.shell:Creating environment descriptor '/home/trueog/ros2_ws_ROB599/install/stage/share/stage/hook/pkg_config_path_multiarch.dsv'
[20.170s] INFO:colcon.colcon_core.shell:Creating environment hook '/home/trueog/ros2_ws_ROB599/install/stage/share/stage/hook/pkg_config_path_multiarch.sh'
[20.171s] Level 1:colcon.colcon_core.environment:create_environment_scripts_only(stage)
[20.171s] Level 1:colcon.colcon_core.environment:checking '/home/trueog/ros2_ws_ROB599/install/stage' for CMake module files
[20.171s] Level 1:colcon.colcon_core.environment:checking '/home/trueog/ros2_ws_ROB599/install/stage' for CMake config files
[20.172s] Level 1:colcon.colcon_core.shell:create_environment_hook('stage', 'cmake_prefix_path')
[20.172s] INFO:colcon.colcon_core.shell:Creating environment hook '/home/trueog/ros2_ws_ROB599/install/stage/share/stage/hook/cmake_prefix_path.ps1'
[20.172s] INFO:colcon.colcon_core.shell:Creating environment descriptor '/home/trueog/ros2_ws_ROB599/install/stage/share/stage/hook/cmake_prefix_path.dsv'
[20.173s] INFO:colcon.colcon_core.shell:Creating environment hook '/home/trueog/ros2_ws_ROB599/install/stage/share/stage/hook/cmake_prefix_path.sh'
[20.173s] Level 1:colcon.colcon_core.environment:checking '/home/trueog/ros2_ws_ROB599/install/stage/lib'
[20.173s] Level 1:colcon.colcon_core.shell:create_environment_hook('stage', 'ld_library_path_lib')
[20.173s] INFO:colcon.colcon_core.shell:Creating environment hook '/home/trueog/ros2_ws_ROB599/install/stage/share/stage/hook/ld_library_path_lib.ps1'
[20.173s] INFO:colcon.colcon_core.shell:Creating environment descriptor '/home/trueog/ros2_ws_ROB599/install/stage/share/stage/hook/ld_library_path_lib.dsv'
[20.174s] INFO:colcon.colcon_core.shell:Creating environment hook '/home/trueog/ros2_ws_ROB599/install/stage/share/stage/hook/ld_library_path_lib.sh'
[20.174s] Level 1:colcon.colcon_core.environment:checking '/home/trueog/ros2_ws_ROB599/install/stage/bin'
[20.174s] Level 1:colcon.colcon_core.shell:create_environment_hook('stage', 'path')
[20.174s] INFO:colcon.colcon_core.shell:Creating environment hook '/home/trueog/ros2_ws_ROB599/install/stage/share/stage/hook/path.ps1'
[20.174s] INFO:colcon.colcon_core.shell:Creating environment descriptor '/home/trueog/ros2_ws_ROB599/install/stage/share/stage/hook/path.dsv'
[20.174s] INFO:colcon.colcon_core.shell:Creating environment hook '/home/trueog/ros2_ws_ROB599/install/stage/share/stage/hook/path.sh'
[20.175s] Level 1:colcon.colcon_core.environment:checking '/home/trueog/ros2_ws_ROB599/install/stage/lib/pkgconfig/stage.pc'
[20.175s] Level 1:colcon.colcon_core.shell:create_environment_hook('stage', 'pkg_config')
[20.175s] INFO:colcon.colcon_core.shell:Creating environment hook '/home/trueog/ros2_ws_ROB599/install/stage/share/stage/hook/pkg_config.ps1'
[20.175s] INFO:colcon.colcon_core.shell:Creating environment descriptor '/home/trueog/ros2_ws_ROB599/install/stage/share/stage/hook/pkg_config.dsv'
[20.175s] INFO:colcon.colcon_core.shell:Creating environment hook '/home/trueog/ros2_ws_ROB599/install/stage/share/stage/hook/pkg_config.sh'
[20.176s] Level 1:colcon.colcon_core.environment:checking '/home/trueog/ros2_ws_ROB599/install/stage/lib/python3.12/site-packages'
[20.176s] Level 1:colcon.colcon_core.environment:checking '/home/trueog/ros2_ws_ROB599/install/stage/bin'
[20.176s] Level 1:colcon.colcon_core.shell:create_environment_hook('stage', 'pythonscriptspath')
[20.177s] INFO:colcon.colcon_core.shell:Creating environment hook '/home/trueog/ros2_ws_ROB599/install/stage/share/stage/hook/pythonscriptspath.ps1'
[20.177s] INFO:colcon.colcon_core.shell:Creating environment descriptor '/home/trueog/ros2_ws_ROB599/install/stage/share/stage/hook/pythonscriptspath.dsv'
[20.177s] INFO:colcon.colcon_core.shell:Creating environment hook '/home/trueog/ros2_ws_ROB599/install/stage/share/stage/hook/pythonscriptspath.sh'
[20.178s] INFO:colcon.colcon_core.shell:Creating package script '/home/trueog/ros2_ws_ROB599/install/stage/share/stage/package.ps1'
[20.179s] INFO:colcon.colcon_core.shell:Creating package descriptor '/home/trueog/ros2_ws_ROB599/install/stage/share/stage/package.dsv'
[20.179s] INFO:colcon.colcon_core.shell:Creating package script '/home/trueog/ros2_ws_ROB599/install/stage/share/stage/package.sh'
[20.180s] INFO:colcon.colcon_core.shell:Creating package script '/home/trueog/ros2_ws_ROB599/install/stage/share/stage/package.bash'
[20.180s] INFO:colcon.colcon_core.shell:Creating package script '/home/trueog/ros2_ws_ROB599/install/stage/share/stage/package.zsh'
[20.180s] Level 1:colcon.colcon_core.environment:create_file_with_runtime_dependencies(/home/trueog/ros2_ws_ROB599/install/stage/share/colcon-core/packages/stage)
[20.181s] INFO:colcon.colcon_ros.task.ament_cmake.build:Building ROS package in '/home/trueog/ros2_ws_ROB599/src/stage_ros2' with build type 'ament_cmake'
[20.181s] INFO:colcon.colcon_cmake.task.cmake.build:Building CMake package in '/home/trueog/ros2_ws_ROB599/src/stage_ros2'
[20.181s] INFO:colcon.colcon_core.shell:Skip shell extension 'powershell' for command environment: Not usable outside of PowerShell
[20.181s] DEBUG:colcon.colcon_core.shell:Skip shell extension 'dsv' for command environment
[20.192s] DEBUG:colcon.colcon_core.event_handler.log_command:Invoking command in '/home/trueog/ros2_ws_ROB599/build/stage_ros2': CMAKE_PREFIX_PATH=/home/trueog/ros2_ws_ROB599/install/hw3:/home/trueog/ros2_ws_ROB599/install/hw2:/home/trueog/ros2_ws_ROB599/install/hw1:/home/trueog/ros2_ws_ROB599/src/install/hw3:/home/trueog/ros2_ws_ROB599/src/install/hw2:/home/trueog/ros2_ws_ROB599/src/install/hw1:/home/trueog/ros2_ws_ROB599/src/install/py_pubsub:/opt/ros/kilted:/home/trueog/ros2_ws_ROB599/install/stage:/home/trueog/ros2_ws_ROB599/install/stage_ros2:/home/trueog/ros2_ws_ROB599/src/install/stage_ros2:/home/trueog/ros2_ws_ROB599/src/install/stage:/opt/ros/kilted/opt/gz_math_vendor:/opt/ros/kilted/opt/gz_utils_vendor:/opt/ros/kilted/opt/gz_cmake_vendor DEBUGINFOD_URLS=https://debuginfod.ubuntu.com LD_LIBRARY_PATH=/home/trueog/ros2_ws_ROB599/install/stage/lib:/home/trueog/ros2_ws_ROB599/install/stage_ros2/lib:/home/trueog/ros2_ws_ROB599/src/install/stage_ros2/lib:/home/trueog/ros2_ws_ROB599/src/install/stage/lib:/opt/ros/kilted/opt/zenoh_cpp_vendor/lib:/opt/ros/kilted/opt/gz_math_vendor/lib:/opt/ros/kilted/opt/gz_utils_vendor/lib:/opt/ros/kilted/opt/rviz_ogre_vendor/lib:/opt/ros/kilted/lib/x86_64-linux-gnu:/opt/ros/kilted/opt/gz_cmake_vendor/lib:/opt/ros/kilted/lib /usr/bin/cmake /home/trueog/ros2_ws_ROB599/src/stage_ros2 -DCMAKE_INSTALL_PREFIX=/home/trueog/ros2_ws_ROB599/install/stage_ros2
[21.668s] DEBUG:colcon.colcon_core.event_handler.log_command:Invoked command in '/home/trueog/ros2_ws_ROB599/build/stage_ros2' returned '0': CMAKE_PREFIX_PATH=/home/trueog/ros2_ws_ROB599/install/hw3:/home/trueog/ros2_ws_ROB599/install/hw2:/home/trueog/ros2_ws_ROB599/install/hw1:/home/trueog/ros2_ws_ROB599/src/install/hw3:/home/trueog/ros2_ws_ROB599/src/install/hw2:/home/trueog/ros2_ws_ROB599/src/install/hw1:/home/trueog/ros2_ws_ROB599/src/install/py_pubsub:/opt/ros/kilted:/home/trueog/ros2_ws_ROB599/install/stage:/home/trueog/ros2_ws_ROB599/install/stage_ros2:/home/trueog/ros2_ws_ROB599/src/install/stage_ros2:/home/trueog/ros2_ws_ROB599/src/install/stage:/opt/ros/kilted/opt/gz_math_vendor:/opt/ros/kilted/opt/gz_utils_vendor:/opt/ros/kilted/opt/gz_cmake_vendor DEBUGINFOD_URLS=https://debuginfod.ubuntu.com LD_LIBRARY_PATH=/home/trueog/ros2_ws_ROB599/install/stage/lib:/home/trueog/ros2_ws_ROB599/install/stage_ros2/lib:/home/trueog/ros2_ws_ROB599/src/install/stage_ros2/lib:/home/trueog/ros2_ws_ROB599/src/install/stage/lib:/opt/ros/kilted/opt/zenoh_cpp_vendor/lib:/opt/ros/kilted/opt/gz_math_vendor/lib:/opt/ros/kilted/opt/gz_utils_vendor/lib:/opt/ros/kilted/opt/rviz_ogre_vendor/lib:/opt/ros/kilted/lib/x86_64-linux-gnu:/opt/ros/kilted/opt/gz_cmake_vendor/lib:/opt/ros/kilted/lib /usr/bin/cmake /home/trueog/ros2_ws_ROB599/src/stage_ros2 -DCMAKE_INSTALL_PREFIX=/home/trueog/ros2_ws_ROB599/install/stage_ros2
[21.669s] DEBUG:colcon.colcon_core.event_handler.log_command:Invoking command in '/home/trueog/ros2_ws_ROB599/build/stage_ros2': CMAKE_PREFIX_PATH=/home/trueog/ros2_ws_ROB599/install/hw3:/home/trueog/ros2_ws_ROB599/install/hw2:/home/trueog/ros2_ws_ROB599/install/hw1:/home/trueog/ros2_ws_ROB599/src/install/hw3:/home/trueog/ros2_ws_ROB599/src/install/hw2:/home/trueog/ros2_ws_ROB599/src/install/hw1:/home/trueog/ros2_ws_ROB599/src/install/py_pubsub:/opt/ros/kilted:/home/trueog/ros2_ws_ROB599/install/stage:/home/trueog/ros2_ws_ROB599/install/stage_ros2:/home/trueog/ros2_ws_ROB599/src/install/stage_ros2:/home/trueog/ros2_ws_ROB599/src/install/stage:/opt/ros/kilted/opt/gz_math_vendor:/opt/ros/kilted/opt/gz_utils_vendor:/opt/ros/kilted/opt/gz_cmake_vendor DEBUGINFOD_URLS=https://debuginfod.ubuntu.com LD_LIBRARY_PATH=/home/trueog/ros2_ws_ROB599/install/stage/lib:/home/trueog/ros2_ws_ROB599/install/stage_ros2/lib:/home/trueog/ros2_ws_ROB599/src/install/stage_ros2/lib:/home/trueog/ros2_ws_ROB599/src/install/stage/lib:/opt/ros/kilted/opt/zenoh_cpp_vendor/lib:/opt/ros/kilted/opt/gz_math_vendor/lib:/opt/ros/kilted/opt/gz_utils_vendor/lib:/opt/ros/kilted/opt/rviz_ogre_vendor/lib:/opt/ros/kilted/lib/x86_64-linux-gnu:/opt/ros/kilted/opt/gz_cmake_vendor/lib:/opt/ros/kilted/lib /usr/bin/cmake --build /home/trueog/ros2_ws_ROB599/build/stage_ros2 -- -j4 -l4
[27.646s] DEBUG:colcon.colcon_core.event_handler.log_command:Invoked command in '/home/trueog/ros2_ws_ROB599/build/rclpy' returned '0': CMAKE_PREFIX_PATH=${CMAKE_PREFIX_PATH}:/home/trueog/ros2_ws_ROB599/install/hw3:/home/trueog/ros2_ws_ROB599/install/hw2:/home/trueog/ros2_ws_ROB599/install/hw1:/home/trueog/ros2_ws_ROB599/src/install/hw3:/home/trueog/ros2_ws_ROB599/src/install/hw2:/home/trueog/ros2_ws_ROB599/src/install/hw1:/home/trueog/ros2_ws_ROB599/src/install/py_pubsub:/opt/ros/kilted DEBUGINFOD_URLS=https://debuginfod.ubuntu.com /usr/bin/cmake /home/trueog/ros2_ws_ROB599/src/rclpy_ws/src/rclpy/rclpy -DCMAKE_INSTALL_PREFIX=/home/trueog/ros2_ws_ROB599/install/rclpy
[27.649s] DEBUG:colcon.colcon_core.event_handler.log_command:Invoking command in '/home/trueog/ros2_ws_ROB599/build/rclpy': CMAKE_PREFIX_PATH=${CMAKE_PREFIX_PATH}:/home/trueog/ros2_ws_ROB599/install/hw3:/home/trueog/ros2_ws_ROB599/install/hw2:/home/trueog/ros2_ws_ROB599/install/hw1:/home/trueog/ros2_ws_ROB599/src/install/hw3:/home/trueog/ros2_ws_ROB599/src/install/hw2:/home/trueog/ros2_ws_ROB599/src/install/hw1:/home/trueog/ros2_ws_ROB599/src/install/py_pubsub:/opt/ros/kilted DEBUGINFOD_URLS=https://debuginfod.ubuntu.com /usr/bin/cmake --build /home/trueog/ros2_ws_ROB599/build/rclpy -- -j4 -l4
[39.382s] Level 1:colcon.colcon_core.environment:create_environment_scripts_only(rclpy)
[39.382s] DEBUG:colcon.colcon_core.event_handler.log_command:Invoked command in '/home/trueog/ros2_ws_ROB599/build/rclpy' returned '2': CMAKE_PREFIX_PATH=${CMAKE_PREFIX_PATH}:/home/trueog/ros2_ws_ROB599/install/hw3:/home/trueog/ros2_ws_ROB599/install/hw2:/home/trueog/ros2_ws_ROB599/install/hw1:/home/trueog/ros2_ws_ROB599/src/install/hw3:/home/trueog/ros2_ws_ROB599/src/install/hw2:/home/trueog/ros2_ws_ROB599/src/install/hw1:/home/trueog/ros2_ws_ROB599/src/install/py_pubsub:/opt/ros/kilted DEBUGINFOD_URLS=https://debuginfod.ubuntu.com /usr/bin/cmake --build /home/trueog/ros2_ws_ROB599/build/rclpy -- -j4 -l4
[39.383s] Level 1:colcon.colcon_core.environment:checking '/home/trueog/ros2_ws_ROB599/install/rclpy' for CMake module files
[39.383s] Level 1:colcon.colcon_core.environment:checking '/home/trueog/ros2_ws_ROB599/install/rclpy' for CMake config files
[39.383s] Level 1:colcon.colcon_core.environment:checking '/home/trueog/ros2_ws_ROB599/install/rclpy/bin'
[39.383s] Level 1:colcon.colcon_core.environment:checking '/home/trueog/ros2_ws_ROB599/install/rclpy/lib/pkgconfig/rclpy.pc'
[39.384s] Level 1:colcon.colcon_core.environment:checking '/home/trueog/ros2_ws_ROB599/install/rclpy/lib/python3.12/site-packages'
[39.384s] Level 1:colcon.colcon_core.environment:checking '/home/trueog/ros2_ws_ROB599/install/rclpy/bin'
[39.384s] INFO:colcon.colcon_core.shell:Creating package script '/home/trueog/ros2_ws_ROB599/install/rclpy/share/rclpy/package.ps1'
[39.385s] INFO:colcon.colcon_core.shell:Creating package descriptor '/home/trueog/ros2_ws_ROB599/install/rclpy/share/rclpy/package.dsv'
[39.385s] INFO:colcon.colcon_core.shell:Creating package script '/home/trueog/ros2_ws_ROB599/install/rclpy/share/rclpy/package.sh'
[39.386s] INFO:colcon.colcon_core.shell:Creating package script '/home/trueog/ros2_ws_ROB599/install/rclpy/share/rclpy/package.bash'
[39.386s] INFO:colcon.colcon_core.shell:Creating package script '/home/trueog/ros2_ws_ROB599/install/rclpy/share/rclpy/package.zsh'
[39.387s] Level 1:colcon.colcon_core.environment:create_file_with_runtime_dependencies(/home/trueog/ros2_ws_ROB599/install/rclpy/share/colcon-core/packages/rclpy)
[48.151s] DEBUG:colcon.colcon_parallel_executor.executor.parallel:closing loop
[48.151s] DEBUG:colcon.colcon_parallel_executor.executor.parallel:loop closed
[48.151s] DEBUG:colcon.colcon_parallel_executor.executor.parallel:run_until_complete finished with '2'
[48.151s] DEBUG:colcon.colcon_core.event_reactor:joining thread
[48.158s] INFO:colcon.colcon_core.plugin_system:Skipping extension 'colcon_notification.desktop_notification.terminal_notifier': Not used on non-Darwin systems
[48.158s] INFO:colcon.colcon_core.plugin_system:Skipping extension 'colcon_notification.desktop_notification.win32': Not used on non-Windows systems
[48.158s] INFO:colcon.colcon_notification.desktop_notification:Sending desktop notification using 'notify2'
[48.174s] DEBUG:colcon.colcon_core.event_reactor:joined thread
[48.175s] INFO:colcon.colcon_core.shell:Creating prefix script '/home/trueog/ros2_ws_ROB599/install/local_setup.ps1'
[48.175s] INFO:colcon.colcon_core.shell:Creating prefix util module '/home/trueog/ros2_ws_ROB599/install/_local_setup_util_ps1.py'
[48.176s] INFO:colcon.colcon_core.shell:Creating prefix chain script '/home/trueog/ros2_ws_ROB599/install/setup.ps1'
[48.178s] INFO:colcon.colcon_core.shell:Creating prefix script '/home/trueog/ros2_ws_ROB599/install/local_setup.sh'
[48.178s] INFO:colcon.colcon_core.shell:Creating prefix util module '/home/trueog/ros2_ws_ROB599/install/_local_setup_util_sh.py'
[48.179s] INFO:colcon.colcon_core.shell:Creating prefix chain script '/home/trueog/ros2_ws_ROB599/install/setup.sh'
[48.179s] INFO:colcon.colcon_core.shell:Creating prefix script '/home/trueog/ros2_ws_ROB599/install/local_setup.bash'
[48.180s] INFO:colcon.colcon_core.shell:Creating prefix chain script '/home/trueog/ros2_ws_ROB599/install/setup.bash'
[48.180s] INFO:colcon.colcon_core.shell:Creating prefix script '/home/trueog/ros2_ws_ROB599/install/local_setup.zsh'
[48.181s] INFO:colcon.colcon_core.shell:Creating prefix chain script '/home/trueog/ros2_ws_ROB599/install/setup.zsh'
