[0.776s] Invoking command in '/home/trueog/ros2_ws_ROB599/src/hw3': DEBUGINFOD_URLS=https://debuginfod.ubuntu.com PYTHONPATH=/home/trueog/ros2_ws_ROB599/src/hw3/build/hw3/prefix_override:/usr/lib/python3/dist-packages/colcon_core/task/python/colcon_distutils_commands:/home/trueog/ros2_ws_ROB599/src/hw3/install/hw3/lib/python3.12/site-packages:${PYTHONPATH} /usr/bin/python3 -W ignore:setup.py install is deprecated -W ignore:easy_install command is deprecated setup.py egg_info --egg-base build/hw3 build --build-base /home/trueog/ros2_ws_ROB599/src/hw3/build/hw3/build install --record /home/trueog/ros2_ws_ROB599/src/hw3/build/hw3/install.log --single-version-externally-managed install_data
[1.031s] running egg_info
[1.031s] creating build/hw3/hw3.egg-info
[1.054s] writing build/hw3/hw3.egg-info/PKG-INFO
[1.055s] writing dependency_links to build/hw3/hw3.egg-info/dependency_links.txt
[1.055s] writing entry points to build/hw3/hw3.egg-info/entry_points.txt
[1.055s] writing requirements to build/hw3/hw3.egg-info/requires.txt
[1.055s] writing top-level names to build/hw3/hw3.egg-info/top_level.txt
[1.055s] writing manifest file 'build/hw3/hw3.egg-info/SOURCES.txt'
[1.105s] reading manifest file 'build/hw3/hw3.egg-info/SOURCES.txt'
[1.106s] adding license file 'LICENSE'
[1.106s] writing manifest file 'build/hw3/hw3.egg-info/SOURCES.txt'
[1.107s] running build
[1.107s] running build_py
[1.107s] creating /home/trueog/ros2_ws_ROB599/src/hw3/build/hw3/build
[1.107s] creating /home/trueog/ros2_ws_ROB599/src/hw3/build/hw3/build/lib
[1.107s] creating /home/trueog/ros2_ws_ROB599/src/hw3/build/hw3/build/lib/hw3
[1.107s] copying hw3/hw3_controller.py -> /home/trueog/ros2_ws_ROB599/src/hw3/build/hw3/build/lib/hw3
[1.108s] copying hw3/mapping.py -> /home/trueog/ros2_ws_ROB599/src/hw3/build/hw3/build/lib/hw3
[1.108s] copying hw3/__init__.py -> /home/trueog/ros2_ws_ROB599/src/hw3/build/hw3/build/lib/hw3
[1.108s] running install
[1.117s] running install_lib
[1.140s] creating /home/trueog/ros2_ws_ROB599/src/hw3/install/hw3/lib/python3.12/site-packages/hw3
[1.140s] copying /home/trueog/ros2_ws_ROB599/src/hw3/build/hw3/build/lib/hw3/hw3_controller.py -> /home/trueog/ros2_ws_ROB599/src/hw3/install/hw3/lib/python3.12/site-packages/hw3
[1.140s] copying /home/trueog/ros2_ws_ROB599/src/hw3/build/hw3/build/lib/hw3/mapping.py -> /home/trueog/ros2_ws_ROB599/src/hw3/install/hw3/lib/python3.12/site-packages/hw3
[1.140s] copying /home/trueog/ros2_ws_ROB599/src/hw3/build/hw3/build/lib/hw3/__init__.py -> /home/trueog/ros2_ws_ROB599/src/hw3/install/hw3/lib/python3.12/site-packages/hw3
[1.143s] byte-compiling /home/trueog/ros2_ws_ROB599/src/hw3/install/hw3/lib/python3.12/site-packages/hw3/hw3_controller.py to hw3_controller.cpython-312.pyc
[1.144s] byte-compiling /home/trueog/ros2_ws_ROB599/src/hw3/install/hw3/lib/python3.12/site-packages/hw3/mapping.py to mapping.cpython-312.pyc
[1.147s] byte-compiling /home/trueog/ros2_ws_ROB599/src/hw3/install/hw3/lib/python3.12/site-packages/hw3/__init__.py to __init__.cpython-312.pyc
[1.147s] running install_data
[1.150s] creating /home/trueog/ros2_ws_ROB599/src/hw3/install/hw3/share/ament_index
[1.150s] creating /home/trueog/ros2_ws_ROB599/src/hw3/install/hw3/share/ament_index/resource_index
[1.150s] creating /home/trueog/ros2_ws_ROB599/src/hw3/install/hw3/share/ament_index/resource_index/packages
[1.150s] copying resource/hw3 -> /home/trueog/ros2_ws_ROB599/src/hw3/install/hw3/share/ament_index/resource_index/packages
[1.150s] copying package.xml -> /home/trueog/ros2_ws_ROB599/src/hw3/install/hw3/share/hw3
[1.150s] running install_egg_info
[1.177s] Copying build/hw3/hw3.egg-info to /home/trueog/ros2_ws_ROB599/src/hw3/install/hw3/lib/python3.12/site-packages/hw3-0.0.0-py3.12.egg-info
[1.180s] running install_scripts
[1.348s] Installing hw3_controller script to /home/trueog/ros2_ws_ROB599/src/hw3/install/hw3/lib/hw3
[1.348s] Installing map script to /home/trueog/ros2_ws_ROB599/src/hw3/install/hw3/lib/hw3
[1.349s] writing list of installed files to '/home/trueog/ros2_ws_ROB599/src/hw3/build/hw3/install.log'
[1.401s] Invoked command in '/home/trueog/ros2_ws_ROB599/src/hw3' returned '0': DEBUGINFOD_URLS=https://debuginfod.ubuntu.com PYTHONPATH=/home/trueog/ros2_ws_ROB599/src/hw3/build/hw3/prefix_override:/usr/lib/python3/dist-packages/colcon_core/task/python/colcon_distutils_commands:/home/trueog/ros2_ws_ROB599/src/hw3/install/hw3/lib/python3.12/site-packages:${PYTHONPATH} /usr/bin/python3 -W ignore:setup.py install is deprecated -W ignore:easy_install command is deprecated setup.py egg_info --egg-base build/hw3 build --build-base /home/trueog/ros2_ws_ROB599/src/hw3/build/hw3/build install --record /home/trueog/ros2_ws_ROB599/src/hw3/build/hw3/install.log --single-version-externally-managed install_data
