running egg_info
writing ../../build/hw1/hw1.egg-info/PKG-INFO
writing dependency_links to ../../build/hw1/hw1.egg-info/dependency_links.txt
writing entry points to ../../build/hw1/hw1.egg-info/entry_points.txt
writing requirements to ../../build/hw1/hw1.egg-info/requires.txt
writing top-level names to ../../build/hw1/hw1.egg-info/top_level.txt
reading manifest file '../../build/hw1/hw1.egg-info/SOURCES.txt'
adding license file 'LICENSE'
writing manifest file '../../build/hw1/hw1.egg-info/SOURCES.txt'
running build
running build_py
running install
running install_lib
running install_data
running install_egg_info
removing '/home/trueog/ros2_ws_ROB599/install/hw1/lib/python3.12/site-packages/hw1-0.0.0-py3.12.egg-info' (and everything under it)
Copying ../../build/hw1/hw1.egg-info to /home/trueog/ros2_ws_ROB599/install/hw1/lib/python3.12/site-packages/hw1-0.0.0-py3.12.egg-info
running install_scripts
Installing move_node script to /home/trueog/ros2_ws_ROB599/install/hw1/lib/hw1
writing list of installed files to '/home/trueog/ros2_ws_ROB599/build/hw1/install.log'
