/home/trueog/ros2_ws_ROB599/install/hw3/lib/python3.12/site-packages/hw3/hw3_controller.py
/home/trueog/ros2_ws_ROB599/install/hw3/lib/python3.12/site-packages/hw3/mapping.py
/home/trueog/ros2_ws_ROB599/install/hw3/lib/python3.12/site-packages/hw3/test.py
/home/trueog/ros2_ws_ROB599/install/hw3/lib/python3.12/site-packages/hw3/__init__.py
/home/trueog/ros2_ws_ROB599/install/hw3/lib/python3.12/site-packages/hw3/path_planning.py
/home/trueog/ros2_ws_ROB599/install/hw3/lib/python3.12/site-packages/hw3/__pycache__/hw3_controller.cpython-312.pyc
/home/trueog/ros2_ws_ROB599/install/hw3/lib/python3.12/site-packages/hw3/__pycache__/mapping.cpython-312.pyc
/home/trueog/ros2_ws_ROB599/install/hw3/lib/python3.12/site-packages/hw3/__pycache__/test.cpython-312.pyc
/home/trueog/ros2_ws_ROB599/install/hw3/lib/python3.12/site-packages/hw3/__pycache__/__init__.cpython-312.pyc
/home/trueog/ros2_ws_ROB599/install/hw3/lib/python3.12/site-packages/hw3/__pycache__/path_planning.cpython-312.pyc
/home/trueog/ros2_ws_ROB599/install/hw3/share/ament_index/resource_index/packages/hw3
/home/trueog/ros2_ws_ROB599/install/hw3/share/hw3/package.xml
/home/trueog/ros2_ws_ROB599/install/hw3/share/hw3/launch/controller3.launch.py
/home/trueog/ros2_ws_ROB599/install/hw3/share/hw3/launch/hw3_stage.launch.py
/home/trueog/ros2_ws_ROB599/install/hw3/share/hw3/launch/pathplan.launch.py
/home/trueog/ros2_ws_ROB599/install/hw3/share/hw3/launch/map.launch.py
/home/trueog/ros2_ws_ROB599/install/hw3/share/hw3/config/rviz/robot_ns.rviz
/home/trueog/ros2_ws_ROB599/install/hw3/share/hw3/config/rviz/open.rviz
/home/trueog/ros2_ws_ROB599/install/hw3/share/hw3/config/rviz/simple_inside.rviz
/home/trueog/ros2_ws_ROB599/install/hw3/share/hw3/config/rviz/robot0.rviz
/home/trueog/ros2_ws_ROB599/install/hw3/share/hw3/config/rviz/robot_ns_depth.rviz
/home/trueog/ros2_ws_ROB599/install/hw3/share/hw3/world/open_j.world
/home/trueog/ros2_ws_ROB599/install/hw3/share/hw3/world/building_world.world
/home/trueog/ros2_ws_ROB599/install/hw3/share/hw3/world/simple_inside.world
/home/trueog/ros2_ws_ROB599/install/hw3/share/hw3/world/hexagon.world
/home/trueog/ros2_ws_ROB599/install/hw3/share/hw3/world/open.world
/home/trueog/ros2_ws_ROB599/install/hw3/share/hw3/world/open_world.world
/home/trueog/ros2_ws_ROB599/install/hw3/share/hw3/world/include/robots.inc
/home/trueog/ros2_ws_ROB599/install/hw3/share/hw3/world/include/map.inc
/home/trueog/ros2_ws_ROB599/install/hw3/share/hw3/world/include/pioneer2dx.inc
/home/trueog/ros2_ws_ROB599/install/hw3/share/hw3/world/include/box.inc
/home/trueog/ros2_ws_ROB599/install/hw3/share/hw3/world/bitmaps/open_world.png
/home/trueog/ros2_ws_ROB599/install/hw3/share/hw3/world/bitmaps/open.PNG
/home/trueog/ros2_ws_ROB599/install/hw3/share/hw3/world/bitmaps/Basic.png
/home/trueog/ros2_ws_ROB599/install/hw3/share/hw3/world/bitmaps/building_world.png
/home/trueog/ros2_ws_ROB599/install/hw3/share/hw3/world/bitmaps/Hexagon.png
/home/trueog/ros2_ws_ROB599/install/hw3/share/hw3/world/bitmaps/simple_inside.PNG
/home/trueog/ros2_ws_ROB599/install/hw3/lib/python3.12/site-packages/hw3-0.0.0-py3.12.egg-info/zip-safe
/home/trueog/ros2_ws_ROB599/install/hw3/lib/python3.12/site-packages/hw3-0.0.0-py3.12.egg-info/PKG-INFO
/home/trueog/ros2_ws_ROB599/install/hw3/lib/python3.12/site-packages/hw3-0.0.0-py3.12.egg-info/dependency_links.txt
/home/trueog/ros2_ws_ROB599/install/hw3/lib/python3.12/site-packages/hw3-0.0.0-py3.12.egg-info/SOURCES.txt
/home/trueog/ros2_ws_ROB599/install/hw3/lib/python3.12/site-packages/hw3-0.0.0-py3.12.egg-info/requires.txt
/home/trueog/ros2_ws_ROB599/install/hw3/lib/python3.12/site-packages/hw3-0.0.0-py3.12.egg-info/entry_points.txt
/home/trueog/ros2_ws_ROB599/install/hw3/lib/python3.12/site-packages/hw3-0.0.0-py3.12.egg-info/top_level.txt
/home/trueog/ros2_ws_ROB599/install/hw3/lib/hw3/hw3_controller
/home/trueog/ros2_ws_ROB599/install/hw3/lib/hw3/map
/home/trueog/ros2_ws_ROB599/install/hw3/lib/hw3/path
