[2.770s] Invoking command in '/home/trueog/ros2_ws_ROB599/src/hw3': DEBUGINFOD_URLS=https://debuginfod.ubuntu.com PYTHONPATH=/home/trueog/ros2_ws_ROB599/build/hw3/prefix_override:/usr/lib/python3/dist-packages/colcon_core/task/python/colcon_distutils_commands:/home/trueog/ros2_ws_ROB599/install/hw3/lib/python3.12/site-packages:${PYTHONPATH} /usr/bin/python3 -W ignore:setup.py install is deprecated -W ignore:easy_install command is deprecated setup.py egg_info --egg-base ../../build/hw3 build --build-base /home/trueog/ros2_ws_ROB599/build/hw3/build install --record /home/trueog/ros2_ws_ROB599/build/hw3/install.log --single-version-externally-managed install_data
[3.628s] running egg_info
[3.654s] writing ../../build/hw3/hw3.egg-info/PKG-INFO
[3.656s] writing dependency_links to ../../build/hw3/hw3.egg-info/dependency_links.txt
[3.656s] writing entry points to ../../build/hw3/hw3.egg-info/entry_points.txt
[3.658s] writing requirements to ../../build/hw3/hw3.egg-info/requires.txt
[3.658s] writing top-level names to ../../build/hw3/hw3.egg-info/top_level.txt
[3.846s] reading manifest file '../../build/hw3/hw3.egg-info/SOURCES.txt'
[3.847s] adding license file 'LICENSE'
[3.847s] writing manifest file '../../build/hw3/hw3.egg-info/SOURCES.txt'
[3.847s] running build
[3.847s] running build_py
[3.852s] copying hw3/mapping.py -> /home/trueog/ros2_ws_ROB599/build/hw3/build/lib/hw3
[3.852s] running install
[3.858s] running install_lib
[3.907s] copying /home/trueog/ros2_ws_ROB599/build/hw3/build/lib/hw3/mapping.py -> /home/trueog/ros2_ws_ROB599/install/hw3/lib/python3.12/site-packages/hw3
[3.909s] byte-compiling /home/trueog/ros2_ws_ROB599/install/hw3/lib/python3.12/site-packages/hw3/mapping.py to mapping.cpython-312.pyc
[3.912s] running install_data
[3.912s] running install_egg_info
[3.954s] removing '/home/trueog/ros2_ws_ROB599/install/hw3/lib/python3.12/site-packages/hw3-0.0.0-py3.12.egg-info' (and everything under it)
[3.958s] Copying ../../build/hw3/hw3.egg-info to /home/trueog/ros2_ws_ROB599/install/hw3/lib/python3.12/site-packages/hw3-0.0.0-py3.12.egg-info
[3.973s] running install_scripts
[4.240s] Installing hw3_controller script to /home/trueog/ros2_ws_ROB599/install/hw3/lib/hw3
[4.242s] Installing map script to /home/trueog/ros2_ws_ROB599/install/hw3/lib/hw3
[4.242s] writing list of installed files to '/home/trueog/ros2_ws_ROB599/build/hw3/install.log'
[4.371s] Invoked command in '/home/trueog/ros2_ws_ROB599/src/hw3' returned '0': DEBUGINFOD_URLS=https://debuginfod.ubuntu.com PYTHONPATH=/home/trueog/ros2_ws_ROB599/build/hw3/prefix_override:/usr/lib/python3/dist-packages/colcon_core/task/python/colcon_distutils_commands:/home/trueog/ros2_ws_ROB599/install/hw3/lib/python3.12/site-packages:${PYTHONPATH} /usr/bin/python3 -W ignore:setup.py install is deprecated -W ignore:easy_install command is deprecated setup.py egg_info --egg-base ../../build/hw3 build --build-base /home/trueog/ros2_ws_ROB599/build/hw3/build install --record /home/trueog/ros2_ws_ROB599/build/hw3/install.log --single-version-externally-managed install_data
