[0.692s] Invoking command in '/home/trueog/ros2_ws_ROB599/src/hw3': DEBUGINFOD_URLS=https://debuginfod.ubuntu.com PYTHONPATH=/home/trueog/ros2_ws_ROB599/build/hw3/prefix_override:/usr/lib/python3/dist-packages/colcon_core/task/python/colcon_distutils_commands:/home/trueog/ros2_ws_ROB599/install/hw3/lib/python3.12/site-packages:${PYTHONPATH} /usr/bin/python3 -W ignore:setup.py install is deprecated -W ignore:easy_install command is deprecated setup.py egg_info --egg-base ../../build/hw3 build --build-base /home/trueog/ros2_ws_ROB599/build/hw3/build install --record /home/trueog/ros2_ws_ROB599/build/hw3/install.log --single-version-externally-managed install_data
[0.916s] running egg_info
[0.933s] writing ../../build/hw3/hw3.egg-info/PKG-INFO
[0.933s] writing dependency_links to ../../build/hw3/hw3.egg-info/dependency_links.txt
[0.933s] writing entry points to ../../build/hw3/hw3.egg-info/entry_points.txt
[0.934s] writing requirements to ../../build/hw3/hw3.egg-info/requires.txt
[0.934s] writing top-level names to ../../build/hw3/hw3.egg-info/top_level.txt
[0.970s] reading manifest file '../../build/hw3/hw3.egg-info/SOURCES.txt'
[0.971s] adding license file 'LICENSE'
[0.971s] writing manifest file '../../build/hw3/hw3.egg-info/SOURCES.txt'
[0.972s] running build
[0.972s] running build_py
[0.972s] copying hw3/mapping.py -> /home/trueog/ros2_ws_ROB599/build/hw3/build/lib/hw3
[0.973s] running install
[0.979s] running install_lib
[0.993s] copying /home/trueog/ros2_ws_ROB599/build/hw3/build/lib/hw3/mapping.py -> /home/trueog/ros2_ws_ROB599/install/hw3/lib/python3.12/site-packages/hw3
[0.994s] byte-compiling /home/trueog/ros2_ws_ROB599/install/hw3/lib/python3.12/site-packages/hw3/mapping.py to mapping.cpython-312.pyc
[0.995s] running install_data
[0.996s] running install_egg_info
[1.014s] removing '/home/trueog/ros2_ws_ROB599/install/hw3/lib/python3.12/site-packages/hw3-0.0.0-py3.12.egg-info' (and everything under it)
[1.015s] Copying ../../build/hw3/hw3.egg-info to /home/trueog/ros2_ws_ROB599/install/hw3/lib/python3.12/site-packages/hw3-0.0.0-py3.12.egg-info
[1.015s] running install_scripts
[1.124s] Installing hw3_controller script to /home/trueog/ros2_ws_ROB599/install/hw3/lib/hw3
[1.124s] Installing map script to /home/trueog/ros2_ws_ROB599/install/hw3/lib/hw3
[1.125s] writing list of installed files to '/home/trueog/ros2_ws_ROB599/build/hw3/install.log'
[1.153s] Invoked command in '/home/trueog/ros2_ws_ROB599/src/hw3' returned '0': DEBUGINFOD_URLS=https://debuginfod.ubuntu.com PYTHONPATH=/home/trueog/ros2_ws_ROB599/build/hw3/prefix_override:/usr/lib/python3/dist-packages/colcon_core/task/python/colcon_distutils_commands:/home/trueog/ros2_ws_ROB599/install/hw3/lib/python3.12/site-packages:${PYTHONPATH} /usr/bin/python3 -W ignore:setup.py install is deprecated -W ignore:easy_install command is deprecated setup.py egg_info --egg-base ../../build/hw3 build --build-base /home/trueog/ros2_ws_ROB599/build/hw3/build install --record /home/trueog/ros2_ws_ROB599/build/hw3/install.log --single-version-externally-managed install_data
