[0.798s] Invoking command in '/home/trueog/ros2_ws_ROB599/src/hw3': DEBUGINFOD_URLS=https://debuginfod.ubuntu.com PYTHONPATH=/home/trueog/ros2_ws_ROB599/build/hw3/prefix_override:/usr/lib/python3/dist-packages/colcon_core/task/python/colcon_distutils_commands:/home/trueog/ros2_ws_ROB599/install/hw3/lib/python3.12/site-packages:${PYTHONPATH} /usr/bin/python3 -W ignore:setup.py install is deprecated -W ignore:easy_install command is deprecated setup.py egg_info --egg-base ../../build/hw3 build --build-base /home/trueog/ros2_ws_ROB599/build/hw3/build install --record /home/trueog/ros2_ws_ROB599/build/hw3/install.log --single-version-externally-managed install_data
[1.048s] running egg_info
[1.070s] writing ../../build/hw3/hw3.egg-info/PKG-INFO
[1.071s] writing dependency_links to ../../build/hw3/hw3.egg-info/dependency_links.txt
[1.071s] writing entry points to ../../build/hw3/hw3.egg-info/entry_points.txt
[1.071s] writing requirements to ../../build/hw3/hw3.egg-info/requires.txt
[1.071s] writing top-level names to ../../build/hw3/hw3.egg-info/top_level.txt
[1.106s] reading manifest file '../../build/hw3/hw3.egg-info/SOURCES.txt'
[1.107s] adding license file 'LICENSE'
[1.107s] writing manifest file '../../build/hw3/hw3.egg-info/SOURCES.txt'
[1.108s] running build
[1.108s] running build_py
[1.108s] copying hw3/path_planning.py -> /home/trueog/ros2_ws_ROB599/build/hw3/build/lib/hw3
[1.108s] running install
[1.114s] running install_lib
[1.131s] copying /home/trueog/ros2_ws_ROB599/build/hw3/build/lib/hw3/path_planning.py -> /home/trueog/ros2_ws_ROB599/install/hw3/lib/python3.12/site-packages/hw3
[1.132s] byte-compiling /home/trueog/ros2_ws_ROB599/install/hw3/lib/python3.12/site-packages/hw3/path_planning.py to path_planning.cpython-312.pyc
[1.135s] running install_data
[1.136s] running install_egg_info
[1.153s] removing '/home/trueog/ros2_ws_ROB599/install/hw3/lib/python3.12/site-packages/hw3-0.0.0-py3.12.egg-info' (and everything under it)
[1.155s] Copying ../../build/hw3/hw3.egg-info to /home/trueog/ros2_ws_ROB599/install/hw3/lib/python3.12/site-packages/hw3-0.0.0-py3.12.egg-info
[1.156s] running install_scripts
[1.267s] Installing hw3_controller script to /home/trueog/ros2_ws_ROB599/install/hw3/lib/hw3
[1.267s] Installing map script to /home/trueog/ros2_ws_ROB599/install/hw3/lib/hw3
[1.267s] Installing path script to /home/trueog/ros2_ws_ROB599/install/hw3/lib/hw3
[1.268s] writing list of installed files to '/home/trueog/ros2_ws_ROB599/build/hw3/install.log'
[1.291s] Invoked command in '/home/trueog/ros2_ws_ROB599/src/hw3' returned '0': DEBUGINFOD_URLS=https://debuginfod.ubuntu.com PYTHONPATH=/home/trueog/ros2_ws_ROB599/build/hw3/prefix_override:/usr/lib/python3/dist-packages/colcon_core/task/python/colcon_distutils_commands:/home/trueog/ros2_ws_ROB599/install/hw3/lib/python3.12/site-packages:${PYTHONPATH} /usr/bin/python3 -W ignore:setup.py install is deprecated -W ignore:easy_install command is deprecated setup.py egg_info --egg-base ../../build/hw3 build --build-base /home/trueog/ros2_ws_ROB599/build/hw3/build install --record /home/trueog/ros2_ws_ROB599/build/hw3/install.log --single-version-externally-managed install_data
