[0.044s] Invoking command in '/home/trueog/ros2_ws_ROB599/build/stage': DEBUGINFOD_URLS=https://debuginfod.ubuntu.com /usr/bin/cmake --build /home/trueog/ros2_ws_ROB599/build/stage -- -j4 -l4
[0.511s] [ 57%] Built target stage
[0.511s] [ 61%] Built target fasr
[0.511s] [ 64%] Built target sink
[0.511s] [ 69%] Built target stagebinary
[0.511s] [ 71%] Built target source
[0.511s] [ 74%] Built target wander
[0.511s] [ 77%] Built target pioneer_flocking
[0.511s] [ 81%] Built target rasterize
[0.511s] [ 84%] Built target lasernoise
[0.511s] [ 88%] Built target dynamic
[0.511s] [ 93%] Built target fasr2
[0.511s] [ 96%] Built target expand_pioneer
[0.512s] [100%] Built target expand_swarm
[0.714s] Invoked command in '/home/trueog/ros2_ws_ROB599/build/stage' returned '0': DEBUGINFOD_URLS=https://debuginfod.ubuntu.com /usr/bin/cmake --build /home/trueog/ros2_ws_ROB599/build/stage -- -j4 -l4
[0.737s] Invoking command in '/home/trueog/ros2_ws_ROB599/build/stage': DEBUGINFOD_URLS=https://debuginfod.ubuntu.com /usr/bin/cmake --install /home/trueog/ros2_ws_ROB599/build/stage
[0.751s] -- Install configuration: "RELEASE"
[0.751s] -- Up-to-date: /home/trueog/ros2_ws_ROB599/install/stage/lib/pkgconfig/stage.pc
[0.751s] -- Up-to-date: /home/trueog/ros2_ws_ROB599/install/stage/lib/cmake/Stage/stage-config.cmake
[0.751s] -- Up-to-date: /home/trueog/ros2_ws_ROB599/install/stage/lib/cmake/Stage/stage-config-version.cmake
[0.754s] -- Up-to-date: /home/trueog/ros2_ws_ROB599/install/stage/bin/stage
[0.754s] -- Up-to-date: /home/trueog/ros2_ws_ROB599/install/stage/lib/libstage.so.4.3.0
[0.754s] -- Up-to-date: /home/trueog/ros2_ws_ROB599/install/stage/lib/libstage.so
[0.754s] -- Up-to-date: /home/trueog/ros2_ws_ROB599/install/stage/include/Stage-4.3/stage.hh
[0.754s] -- Up-to-date: /home/trueog/ros2_ws_ROB599/install/stage/lib/Stage-4.3/fasr.so
[0.755s] -- Up-to-date: /home/trueog/ros2_ws_ROB599/install/stage/lib/Stage-4.3/sink.so
[0.755s] -- Up-to-date: /home/trueog/ros2_ws_ROB599/install/stage/lib/Stage-4.3/source.so
[0.755s] -- Up-to-date: /home/trueog/ros2_ws_ROB599/install/stage/lib/Stage-4.3/wander.so
[0.762s] -- Up-to-date: /home/trueog/ros2_ws_ROB599/install/stage/lib/Stage-4.3/pioneer_flocking.so
[0.762s] -- Up-to-date: /home/trueog/ros2_ws_ROB599/install/stage/lib/Stage-4.3/rasterize.so
[0.762s] -- Up-to-date: /home/trueog/ros2_ws_ROB599/install/stage/lib/Stage-4.3/lasernoise.so
[0.764s] -- Up-to-date: /home/trueog/ros2_ws_ROB599/install/stage/lib/Stage-4.3/dynamic.so
[0.764s] -- Up-to-date: /home/trueog/ros2_ws_ROB599/install/stage/lib/Stage-4.3/fasr2.so
[0.764s] -- Up-to-date: /home/trueog/ros2_ws_ROB599/install/stage/share/stage/assets/blue.png
[0.764s] -- Up-to-date: /home/trueog/ros2_ws_ROB599/install/stage/share/stage/assets/death.png
[0.764s] -- Up-to-date: /home/trueog/ros2_ws_ROB599/install/stage/share/stage/assets/green.png
[0.765s] -- Up-to-date: /home/trueog/ros2_ws_ROB599/install/stage/share/stage/assets/logo.png
[0.765s] -- Up-to-date: /home/trueog/ros2_ws_ROB599/install/stage/share/stage/assets/mains.png
[0.765s] -- Up-to-date: /home/trueog/ros2_ws_ROB599/install/stage/share/stage/assets/mainspower.png
[0.765s] -- Up-to-date: /home/trueog/ros2_ws_ROB599/install/stage/share/stage/assets/question_mark.png
[0.766s] -- Up-to-date: /home/trueog/ros2_ws_ROB599/install/stage/share/stage/assets/red.png
[0.766s] -- Up-to-date: /home/trueog/ros2_ws_ROB599/install/stage/share/stage/assets/stagelogo.png
[0.766s] -- Up-to-date: /home/trueog/ros2_ws_ROB599/install/stage/share/stage/assets/stall-old.png
[0.766s] -- Up-to-date: /home/trueog/ros2_ws_ROB599/install/stage/share/stage/assets/stall.png
[0.767s] -- Up-to-date: /home/trueog/ros2_ws_ROB599/install/stage/share/stage/assets/rgb.txt
[0.767s] -- Up-to-date: /home/trueog/ros2_ws_ROB599/install/stage/share/stage/rgb.txt
[0.767s] -- Up-to-date: /home/trueog/ros2_ws_ROB599/install/stage/share/stage/worlds/amcl-sonar.cfg
[0.767s] -- Up-to-date: /home/trueog/ros2_ws_ROB599/install/stage/share/stage/worlds/autolab.cfg
[0.767s] -- Up-to-date: /home/trueog/ros2_ws_ROB599/install/stage/share/stage/worlds/camera.cfg
[0.767s] -- Up-to-date: /home/trueog/ros2_ws_ROB599/install/stage/share/stage/worlds/everything.cfg
[0.768s] -- Up-to-date: /home/trueog/ros2_ws_ROB599/install/stage/share/stage/worlds/lsp_test.cfg
[0.768s] -- Up-to-date: /home/trueog/ros2_ws_ROB599/install/stage/share/stage/worlds/mbicp.cfg
[0.768s] -- Up-to-date: /home/trueog/ros2_ws_ROB599/install/stage/share/stage/worlds/nd.cfg
[0.768s] -- Up-to-date: /home/trueog/ros2_ws_ROB599/install/stage/share/stage/worlds/roomba.cfg
[0.768s] -- Up-to-date: /home/trueog/ros2_ws_ROB599/install/stage/share/stage/worlds/simple.cfg
[0.768s] -- Up-to-date: /home/trueog/ros2_ws_ROB599/install/stage/share/stage/worlds/test.cfg
[0.768s] -- Up-to-date: /home/trueog/ros2_ws_ROB599/install/stage/share/stage/worlds/uoa_robotics_lab.cfg
[0.769s] -- Up-to-date: /home/trueog/ros2_ws_ROB599/install/stage/share/stage/worlds/vfh.cfg
[0.769s] -- Up-to-date: /home/trueog/ros2_ws_ROB599/install/stage/share/stage/worlds/wavefront-remote.cfg
[0.769s] -- Up-to-date: /home/trueog/ros2_ws_ROB599/install/stage/share/stage/worlds/wavefront.cfg
[0.769s] -- Up-to-date: /home/trueog/ros2_ws_ROB599/install/stage/share/stage/worlds/wifi.cfg
[0.770s] -- Up-to-date: /home/trueog/ros2_ws_ROB599/install/stage/share/stage/worlds/SFU.world
[0.770s] -- Up-to-date: /home/trueog/ros2_ws_ROB599/install/stage/share/stage/worlds/autolab.world
[0.770s] -- Up-to-date: /home/trueog/ros2_ws_ROB599/install/stage/share/stage/worlds/camera.world
[0.770s] -- Up-to-date: /home/trueog/ros2_ws_ROB599/install/stage/share/stage/worlds/circuit.world
[0.770s] -- Up-to-date: /home/trueog/ros2_ws_ROB599/install/stage/share/stage/worlds/everything.world
[0.770s] -- Up-to-date: /home/trueog/ros2_ws_ROB599/install/stage/share/stage/worlds/fasr.world
[0.770s] -- Up-to-date: /home/trueog/ros2_ws_ROB599/install/stage/share/stage/worlds/fasr2.world
[0.772s] -- Up-to-date: /home/trueog/ros2_ws_ROB599/install/stage/share/stage/worlds/fasr_plan.world
[0.780s] -- Up-to-date: /home/trueog/ros2_ws_ROB599/install/stage/share/stage/worlds/large.world
[0.783s] -- Up-to-date: /home/trueog/ros2_ws_ROB599/install/stage/share/stage/worlds/lsp_test.world
[0.783s] -- Up-to-date: /home/trueog/ros2_ws_ROB599/install/stage/share/stage/worlds/mbicp.world
[0.783s] -- Up-to-date: /home/trueog/ros2_ws_ROB599/install/stage/share/stage/worlds/pioneer_flocking.world
[0.783s] -- Up-to-date: /home/trueog/ros2_ws_ROB599/install/stage/share/stage/worlds/pioneer_follow.world
[0.783s] -- Up-to-date: /home/trueog/ros2_ws_ROB599/install/stage/share/stage/worlds/pioneer_walle.world
[0.783s] -- Up-to-date: /home/trueog/ros2_ws_ROB599/install/stage/share/stage/worlds/roomba.world
[0.784s] -- Up-to-date: /home/trueog/ros2_ws_ROB599/install/stage/share/stage/worlds/sensor_noise_demo.world
[0.784s] -- Up-to-date: /home/trueog/ros2_ws_ROB599/install/stage/share/stage/worlds/sensor_noise_module_demo.world
[0.784s] -- Up-to-date: /home/trueog/ros2_ws_ROB599/install/stage/share/stage/worlds/simple.world
[0.784s] -- Up-to-date: /home/trueog/ros2_ws_ROB599/install/stage/share/stage/worlds/uoa_robotics_lab.world
[0.784s] -- Up-to-date: /home/trueog/ros2_ws_ROB599/install/stage/share/stage/worlds/wifi.world
[0.784s] -- Up-to-date: /home/trueog/ros2_ws_ROB599/install/stage/share/stage/worlds/beacons.inc
[0.784s] -- Up-to-date: /home/trueog/ros2_ws_ROB599/install/stage/share/stage/worlds/chatterbox.inc
[0.784s] -- Up-to-date: /home/trueog/ros2_ws_ROB599/install/stage/share/stage/worlds/hokuyo.inc
[0.784s] -- Up-to-date: /home/trueog/ros2_ws_ROB599/install/stage/share/stage/worlds/irobot.inc
[0.785s] -- Up-to-date: /home/trueog/ros2_ws_ROB599/install/stage/share/stage/worlds/map.inc
[0.785s] -- Up-to-date: /home/trueog/ros2_ws_ROB599/install/stage/share/stage/worlds/objects.inc
[0.785s] -- Up-to-date: /home/trueog/ros2_ws_ROB599/install/stage/share/stage/worlds/pantilt.inc
[0.785s] -- Up-to-date: /home/trueog/ros2_ws_ROB599/install/stage/share/stage/worlds/pioneer.inc
[0.785s] -- Up-to-date: /home/trueog/ros2_ws_ROB599/install/stage/share/stage/worlds/sick.inc
[0.785s] -- Up-to-date: /home/trueog/ros2_ws_ROB599/install/stage/share/stage/worlds/ubot.inc
[0.785s] -- Up-to-date: /home/trueog/ros2_ws_ROB599/install/stage/share/stage/worlds/uoa_robotics_lab_models.inc
[0.785s] -- Up-to-date: /home/trueog/ros2_ws_ROB599/install/stage/share/stage/worlds/walle.inc
[0.788s] -- Up-to-date: /home/trueog/ros2_ws_ROB599/install/stage/share/stage/worlds/cfggen.sh
[0.788s] -- Up-to-date: /home/trueog/ros2_ws_ROB599/install/stage/share/stage/worlds/test.sh
[0.789s] -- Up-to-date: /home/trueog/ros2_ws_ROB599/install/stage/share/stage/worlds/worldgen.sh
[0.789s] -- Up-to-date: /home/trueog/ros2_ws_ROB599/install/stage/lib/Stage-4.3/expand_swarm.so
[0.789s] -- Up-to-date: /home/trueog/ros2_ws_ROB599/install/stage/lib/Stage-4.3/expand_pioneer.so
[0.789s] -- Up-to-date: /home/trueog/ros2_ws_ROB599/install/stage/share/stage/worlds/bitmaps/889_05.png
[0.789s] -- Up-to-date: /home/trueog/ros2_ws_ROB599/install/stage/share/stage/worlds/bitmaps/SFU_1200x615.png
[0.789s] -- Up-to-date: /home/trueog/ros2_ws_ROB599/install/stage/share/stage/worlds/bitmaps/SRI-AIC-kwing.png
[0.789s] -- Up-to-date: /home/trueog/ros2_ws_ROB599/install/stage/share/stage/worlds/bitmaps/autolab.png
[0.789s] -- Up-to-date: /home/trueog/ros2_ws_ROB599/install/stage/share/stage/worlds/bitmaps/cave.png
[0.789s] -- Up-to-date: /home/trueog/ros2_ws_ROB599/install/stage/share/stage/worlds/bitmaps/cave_compact.png
[0.789s] -- Up-to-date: /home/trueog/ros2_ws_ROB599/install/stage/share/stage/worlds/bitmaps/cave_filled.png
[0.789s] -- Up-to-date: /home/trueog/ros2_ws_ROB599/install/stage/share/stage/worlds/bitmaps/frieburg.png
[0.789s] -- Up-to-date: /home/trueog/ros2_ws_ROB599/install/stage/share/stage/worlds/bitmaps/ghost.png
[0.789s] -- Up-to-date: /home/trueog/ros2_ws_ROB599/install/stage/share/stage/worlds/bitmaps/hospital.png
[0.789s] -- Up-to-date: /home/trueog/ros2_ws_ROB599/install/stage/share/stage/worlds/bitmaps/hospital_section.png
[0.789s] -- Up-to-date: /home/trueog/ros2_ws_ROB599/install/stage/share/stage/worlds/bitmaps/human_outline.png
[0.789s] -- Up-to-date: /home/trueog/ros2_ws_ROB599/install/stage/share/stage/worlds/bitmaps/mbicp.png
[0.789s] -- Up-to-date: /home/trueog/ros2_ws_ROB599/install/stage/share/stage/worlds/bitmaps/rink.png
[0.789s] -- Up-to-date: /home/trueog/ros2_ws_ROB599/install/stage/share/stage/worlds/bitmaps/sal2.png
[0.790s] -- Up-to-date: /home/trueog/ros2_ws_ROB599/install/stage/share/stage/worlds/bitmaps/simple_rooms.png
[0.790s] -- Up-to-date: /home/trueog/ros2_ws_ROB599/install/stage/share/stage/worlds/bitmaps/space_invader.png
[0.790s] -- Up-to-date: /home/trueog/ros2_ws_ROB599/install/stage/share/stage/worlds/bitmaps/submarine.png
[0.790s] -- Up-to-date: /home/trueog/ros2_ws_ROB599/install/stage/share/stage/worlds/bitmaps/submarine_small.png
[0.790s] -- Up-to-date: /home/trueog/ros2_ws_ROB599/install/stage/share/stage/worlds/bitmaps/table.png
[0.790s] -- Up-to-date: /home/trueog/ros2_ws_ROB599/install/stage/share/stage/worlds/bitmaps/uoa_robotics_lab.png
[0.790s] -- Up-to-date: /home/trueog/ros2_ws_ROB599/install/stage/share/stage/worlds/wifi/commando.world
[0.790s] -- Up-to-date: /home/trueog/ros2_ws_ROB599/install/stage/share/stage/worlds/wifi/hosp_wifi.world
[0.790s] -- Up-to-date: /home/trueog/ros2_ws_ROB599/install/stage/share/stage/worlds/wifi/hosp_wifi_5.world
[0.790s] -- Up-to-date: /home/trueog/ros2_ws_ROB599/install/stage/share/stage/worlds/wifi/wifi.world
[0.790s] -- Up-to-date: /home/trueog/ros2_ws_ROB599/install/stage/share/stage/worlds/wifi/wifi_itu.world
[0.790s] -- Up-to-date: /home/trueog/ros2_ws_ROB599/install/stage/share/stage/worlds/wifi/wifi_logdistance.world
[0.790s] -- Up-to-date: /home/trueog/ros2_ws_ROB599/install/stage/share/stage/worlds/wifi/wifi_ray.world
[0.790s] -- Up-to-date: /home/trueog/ros2_ws_ROB599/install/stage/share/stage/worlds/wifi/wifi_simple.world
[0.790s] -- Up-to-date: /home/trueog/ros2_ws_ROB599/install/stage/share/stage/worlds/wifi/map.inc
[0.790s] Invoked command in '/home/trueog/ros2_ws_ROB599/build/stage' returned '0': DEBUGINFOD_URLS=https://debuginfod.ubuntu.com /usr/bin/cmake --install /home/trueog/ros2_ws_ROB599/build/stage
