[1.292s] Invoking command in '/home/trueog/ros2_ws_ROB599/src/hw3': DEBUGINFOD_URLS=https://debuginfod.ubuntu.com PYTHONPATH=/home/trueog/ros2_ws_ROB599/build/hw3/prefix_override:/usr/lib/python3/dist-packages/colcon_core/task/python/colcon_distutils_commands:/home/trueog/ros2_ws_ROB599/install/hw3/lib/python3.12/site-packages:${PYTHONPATH} /usr/bin/python3 -W ignore:setup.py install is deprecated -W ignore:easy_install command is deprecated setup.py egg_info --egg-base ../../build/hw3 build --build-base /home/trueog/ros2_ws_ROB599/build/hw3/build install --record /home/trueog/ros2_ws_ROB599/build/hw3/install.log --single-version-externally-managed install_data
[1.557s] running egg_info
[1.557s] creating ../../build/hw3/hw3.egg-info
[1.571s] writing ../../build/hw3/hw3.egg-info/PKG-INFO
[1.571s] writing dependency_links to ../../build/hw3/hw3.egg-info/dependency_links.txt
[1.571s] writing entry points to ../../build/hw3/hw3.egg-info/entry_points.txt
[1.571s] writing requirements to ../../build/hw3/hw3.egg-info/requires.txt
[1.571s] writing top-level names to ../../build/hw3/hw3.egg-info/top_level.txt
[1.572s] writing manifest file '../../build/hw3/hw3.egg-info/SOURCES.txt'
[1.605s] reading manifest file '../../build/hw3/hw3.egg-info/SOURCES.txt'
[1.605s] adding license file 'LICENSE'
[1.606s] writing manifest file '../../build/hw3/hw3.egg-info/SOURCES.txt'
[1.606s] running build
[1.608s] running build_py
[1.608s] creating /home/trueog/ros2_ws_ROB599/build/hw3/build
[1.608s] creating /home/trueog/ros2_ws_ROB599/build/hw3/build/lib
[1.608s] creating /home/trueog/ros2_ws_ROB599/build/hw3/build/lib/hw3
[1.608s] copying hw3/hw3_controller.py -> /home/trueog/ros2_ws_ROB599/build/hw3/build/lib/hw3
[1.608s] copying hw3/mapping.py -> /home/trueog/ros2_ws_ROB599/build/hw3/build/lib/hw3
[1.608s] copying hw3/__init__.py -> /home/trueog/ros2_ws_ROB599/build/hw3/build/lib/hw3
[1.608s] running install
[1.614s] running install_lib
[1.639s] creating /home/trueog/ros2_ws_ROB599/install/hw3/lib/python3.12/site-packages/hw3
[1.639s] copying /home/trueog/ros2_ws_ROB599/build/hw3/build/lib/hw3/hw3_controller.py -> /home/trueog/ros2_ws_ROB599/install/hw3/lib/python3.12/site-packages/hw3
[1.639s] copying /home/trueog/ros2_ws_ROB599/build/hw3/build/lib/hw3/mapping.py -> /home/trueog/ros2_ws_ROB599/install/hw3/lib/python3.12/site-packages/hw3
[1.639s] copying /home/trueog/ros2_ws_ROB599/build/hw3/build/lib/hw3/__init__.py -> /home/trueog/ros2_ws_ROB599/install/hw3/lib/python3.12/site-packages/hw3
[1.639s] byte-compiling /home/trueog/ros2_ws_ROB599/install/hw3/lib/python3.12/site-packages/hw3/hw3_controller.py to hw3_controller.cpython-312.pyc
[1.639s] byte-compiling /home/trueog/ros2_ws_ROB599/install/hw3/lib/python3.12/site-packages/hw3/mapping.py to mapping.cpython-312.pyc
[1.641s] byte-compiling /home/trueog/ros2_ws_ROB599/install/hw3/lib/python3.12/site-packages/hw3/__init__.py to __init__.cpython-312.pyc
[1.642s] running install_data
[1.642s] creating /home/trueog/ros2_ws_ROB599/install/hw3/share/ament_index
[1.642s] creating /home/trueog/ros2_ws_ROB599/install/hw3/share/ament_index/resource_index
[1.642s] creating /home/trueog/ros2_ws_ROB599/install/hw3/share/ament_index/resource_index/packages
[1.642s] copying resource/hw3 -> /home/trueog/ros2_ws_ROB599/install/hw3/share/ament_index/resource_index/packages
[1.642s] copying package.xml -> /home/trueog/ros2_ws_ROB599/install/hw3/share/hw3
[1.642s] running install_egg_info
[1.660s] Copying ../../build/hw3/hw3.egg-info to /home/trueog/ros2_ws_ROB599/install/hw3/lib/python3.12/site-packages/hw3-0.0.0-py3.12.egg-info
[1.662s] running install_scripts
[1.836s] Installing hw3_controller script to /home/trueog/ros2_ws_ROB599/install/hw3/lib/hw3
[1.838s] Installing map script to /home/trueog/ros2_ws_ROB599/install/hw3/lib/hw3
[1.839s] writing list of installed files to '/home/trueog/ros2_ws_ROB599/build/hw3/install.log'
[1.893s] Invoked command in '/home/trueog/ros2_ws_ROB599/src/hw3' returned '0': DEBUGINFOD_URLS=https://debuginfod.ubuntu.com PYTHONPATH=/home/trueog/ros2_ws_ROB599/build/hw3/prefix_override:/usr/lib/python3/dist-packages/colcon_core/task/python/colcon_distutils_commands:/home/trueog/ros2_ws_ROB599/install/hw3/lib/python3.12/site-packages:${PYTHONPATH} /usr/bin/python3 -W ignore:setup.py install is deprecated -W ignore:easy_install command is deprecated setup.py egg_info --egg-base ../../build/hw3 build --build-base /home/trueog/ros2_ws_ROB599/build/hw3/build install --record /home/trueog/ros2_ws_ROB599/build/hw3/install.log --single-version-externally-managed install_data
