[0.818s] Invoking command in '/home/trueog/ros2_ws_ROB599/src/hw3/build/hw3': DEBUGINFOD_URLS=https://debuginfod.ubuntu.com PYTHONPATH=/home/trueog/ros2_ws_ROB599/src/hw3/build/hw3/prefix_override:/usr/lib/python3/dist-packages/colcon_core/task/python/colcon_distutils_commands:/home/trueog/ros2_ws_ROB599/src/hw3/install/hw3/lib/python3.12/site-packages:${PYTHONPATH} /usr/bin/python3 -W ignore:setup.py install is deprecated -W ignore:easy_install command is deprecated setup.py develop --editable --build-directory /home/trueog/ros2_ws_ROB599/src/hw3/build/hw3/build --no-deps symlink_data --force
[1.127s] running develop
[1.400s] running egg_info
[1.417s] writing hw3.egg-info/PKG-INFO
[1.418s] writing dependency_links to hw3.egg-info/dependency_links.txt
[1.418s] writing entry points to hw3.egg-info/entry_points.txt
[1.418s] writing requirements to hw3.egg-info/requires.txt
[1.419s] writing top-level names to hw3.egg-info/top_level.txt
[1.462s] reading manifest file 'hw3.egg-info/SOURCES.txt'
[1.464s] writing manifest file 'hw3.egg-info/SOURCES.txt'
[1.490s] running build_ext
[1.490s] Creating /home/trueog/ros2_ws_ROB599/src/hw3/install/hw3/lib/python3.12/site-packages/hw3.egg-link (link to .)
[1.491s] Installing hw3_controller script to /home/trueog/ros2_ws_ROB599/src/hw3/install/hw3/lib/hw3
[1.491s] Installing map script to /home/trueog/ros2_ws_ROB599/src/hw3/install/hw3/lib/hw3
[1.491s] 
[1.492s] Installed /home/trueog/ros2_ws_ROB599/src/hw3/build/hw3
[1.492s] running symlink_data
[1.493s] symbolically linking /home/trueog/ros2_ws_ROB599/src/hw3/build/hw3/resource/hw3 -> /home/trueog/ros2_ws_ROB599/src/hw3/install/hw3/share/ament_index/resource_index/packages
[1.493s] symbolically linking /home/trueog/ros2_ws_ROB599/src/hw3/build/hw3/package.xml -> /home/trueog/ros2_ws_ROB599/src/hw3/install/hw3/share/hw3
[1.558s] Invoked command in '/home/trueog/ros2_ws_ROB599/src/hw3/build/hw3' returned '0': DEBUGINFOD_URLS=https://debuginfod.ubuntu.com PYTHONPATH=/home/trueog/ros2_ws_ROB599/src/hw3/build/hw3/prefix_override:/usr/lib/python3/dist-packages/colcon_core/task/python/colcon_distutils_commands:/home/trueog/ros2_ws_ROB599/src/hw3/install/hw3/lib/python3.12/site-packages:${PYTHONPATH} /usr/bin/python3 -W ignore:setup.py install is deprecated -W ignore:easy_install command is deprecated setup.py develop --editable --build-directory /home/trueog/ros2_ws_ROB599/src/hw3/build/hw3/build --no-deps symlink_data --force
